14/09/2023 
12:24
;; 1. Based on: 101
;; 2. Description: 
;;    PK model 1 cmt - WT-CL SEX-CL
;; 3. Label:
;;    
;; 4. Structural model:
;; 5. Covariate model:
;; 6. Inter-individual variability:
;; 7. Inter-occasion variability:
;; 8. Residual variability:
;; 9. Estimation:
$PROBLEM    PK model 1 cmt base
$INPUT      ID TIME MDV EVID DV AMT SEX WT ETN
$DATA      acop.csv IGNORE=@
$SUBROUTINE ADVAN2 TRANS2
$PK
ET=1
IF(ETN.EQ.3) ET=1.3
KA = THETA(1)
CL = THETA(2)*(WT/70)**THETA(6)*( THETA(7)**SEX) *EXP(ETA(1))
V = THETA(3)*EXP(ETA(2))
SC=V


$THETA  (0,2) ; KA; 1/h; LIN ;  Absorption Rate Constant  
 (0,20) ; CL; L/h; LIN ;Clearance
 (0,100) ; V2; L; LIN ;Volume of Distribution
 0.02 ; RUVp; ; LIN ;Proportional Error
 1 ; RUVa; ng/mL; LIN ;Additive Error
 (0,1) ; CL-WT; ; LIN ;Power Scalar CL-WT
 (0,1) ; CL-SEX; ; LIN ;Female CL Change
$OMEGA  0.05  ;     iiv CL  ;             ;   ;IIV(CL)
 0.2  ;     iiv V2  ;             ;   ;IIV(V2)
$SIGMA  1  FIX  ;       EPS1  ;             ;       ;RUV
$ERROR
IPRED = F
IRES = DV-IPRED
W = IPRED*THETA(4) + THETA(5)
IF (W.EQ.0) W = 1
IWRES = IRES/W
Y= IPRED+W*ERR(1)

$ESTIMATION METHOD=SAEM INTER NBURN=3000 NITER=500 PRINT=100
$ESTIMATION METHOD=IMP INTER EONLY=1 NITER=5 ISAMPLE=3000 PRINT=1
            SIGL=8 NOPRIOR=1
$ESTIMATION METHOD=1 INTER MAXEVAL=9999 SIG=3 PRINT=5 NOABORT POSTHOC
$COVARIANCE PRINT=E UNCONDITIONAL
$TABLE      ID TIME DV MDV EVID IPRED IWRES CWRES ONEHEADER NOPRINT
            FILE=sdtab103
$TABLE      ID CL V KA ETAS(1:LAST) ONEHEADER NOPRINT FILE=patab103
$TABLE      ID SEX ETN ONEHEADER NOPRINT FILE=catab103
$TABLE      ID WT ONEHEADER NOPRINT FILE=cotab103

  
NM-TRAN MESSAGES 
  
 WARNINGS AND ERRORS (IF ANY) FOR PROBLEM    1
             
 (WARNING  2) NM-TRAN INFERS THAT THE DATA ARE POPULATION.
  
License Registered to: qPharmetra
Expiration Date:    14 JUL 2024
Current Date:       14 SEP 2023
Days until program expires : 305
1NONLINEAR MIXED EFFECTS MODEL PROGRAM (NONMEM) VERSION 7.4.3
 ORIGINALLY DEVELOPED BY STUART BEAL, LEWIS SHEINER, AND ALISON BOECKMANN
 CURRENT DEVELOPERS ARE ROBERT BAUER, ICON DEVELOPMENT SOLUTIONS,
 AND ALISON BOECKMANN. IMPLEMENTATION, EFFICIENCY, AND STANDARDIZATION
 PERFORMED BY NOUS INFOSYSTEMS.

 PROBLEM NO.:         1
 PK model 1 cmt base
0DATA CHECKOUT RUN:              NO
 DATA SET LOCATED ON UNIT NO.:    2
 THIS UNIT TO BE REWOUND:        NO
 NO. OF DATA RECS IN DATA SET:      800
 NO. OF DATA ITEMS IN DATA SET:   9
 ID DATA ITEM IS DATA ITEM NO.:   1
 DEP VARIABLE IS DATA ITEM NO.:   5
 MDV DATA ITEM IS DATA ITEM NO.:  3
0INDICES PASSED TO SUBROUTINE PRED:
   4   2   6   0   0   0   0   0   0   0   0
0LABELS FOR DATA ITEMS:
 ID TIME MDV EVID DV AMT SEX WT ETN
0(NONBLANK) LABELS FOR PRED-DEFINED ITEMS:
 KA CL V IPRED IWRES
0FORMAT FOR DATA:
 (E3.0,E5.0,2E2.0,E10.0,E6.0,E2.0,E5.0,E2.0)

 TOT. NO. OF OBS RECS:      760
 TOT. NO. OF INDIVIDUALS:       40
0LENGTH OF THETA:   7
0DEFAULT THETA BOUNDARY TEST OMITTED:    NO
0OMEGA HAS SIMPLE DIAGONAL FORM WITH DIMENSION:   2
0DEFAULT OMEGA BOUNDARY TEST OMITTED:    NO
0SIGMA HAS SIMPLE DIAGONAL FORM WITH DIMENSION:   1
0DEFAULT SIGMA BOUNDARY TEST OMITTED:    NO
0INITIAL ESTIMATE OF THETA:
 LOWER BOUND    INITIAL EST    UPPER BOUND
  0.0000E+00     0.2000E+01     0.1000E+07
  0.0000E+00     0.2000E+02     0.1000E+07
  0.0000E+00     0.1000E+03     0.1000E+07
 -0.1000E+07     0.2000E-01     0.1000E+07
 -0.1000E+07     0.1000E+01     0.1000E+07
  0.0000E+00     0.1000E+01     0.1000E+07
  0.0000E+00     0.1000E+01     0.1000E+07
0INITIAL ESTIMATE OF OMEGA:
 0.5000E-01
 0.0000E+00   0.2000E+00
0INITIAL ESTIMATE OF SIGMA:
 0.1000E+01
0SIGMA CONSTRAINED TO BE THIS INITIAL ESTIMATE
0COVARIANCE STEP OMITTED:        NO
 EIGENVLS. PRINTED:             YES
 SPECIAL COMPUTATION:            NO
 COMPRESSED FORMAT:              NO
 GRADIENT METHOD USED:     NOSLOW
 SIGDIGITS ETAHAT (SIGLO):                  -1
 SIGDIGITS GRADIENTS (SIGL):                -1
 EXCLUDE COV FOR FOCE (NOFCOV):              NO
 TURN OFF Cholesky Transposition of R Matrix (CHOLROFF): NO
 KNUTHSUMOFF:                                -1
 RESUME COV ANALYSIS (RESUME):               NO
 SIR SAMPLE SIZE (SIRSAMPLE):              -1
 NON-LINEARLY TRANSFORM THETAS DURING COV (THBND): 1
 PRECONDTIONING CYCLES (PRECOND):        0
 PRECONDTIONING TYPES (PRECONDS):        TOS
 FORCED PRECONDTIONING CYCLES (PFCOND):0
 PRECONDTIONING TYPE (PRETYPE):        0
 FORCED POS. DEFINITE SETTING: (FPOSDEF):0
0TABLES STEP OMITTED:    NO
 NO. OF TABLES:           4
 SEED NUMBER (SEED):    11456
 RANMETHOD:             3U
 MC SAMPLES (ESAMPLE):    300
 WRES SQUARE ROOT TYPE (WRESCHOL): EIGENVALUE
0-- TABLE   1 --
0RECORDS ONLY:    ALL
04 COLUMNS APPENDED:    YES
 PRINTED:                NO
 HEADER:                YES
 FILE TO BE FORWARDED:   NO
 FORMAT:                S1PE11.4
 LFORMAT:
 RFORMAT:
 FIXED_EFFECT_ETAS:
0USER-CHOSEN ITEMS:
 ID TIME DV MDV EVID IPRED IWRES CWRES
0-- TABLE   2 --
0RECORDS ONLY:    ALL
04 COLUMNS APPENDED:    YES
 PRINTED:                NO
 HEADER:                YES
 FILE TO BE FORWARDED:   NO
 FORMAT:                S1PE11.4
 LFORMAT:
 RFORMAT:
 FIXED_EFFECT_ETAS:
0USER-CHOSEN ITEMS:
 ID CL V KA ETA1 ETA2
0-- TABLE   3 --
0RECORDS ONLY:    ALL
04 COLUMNS APPENDED:    YES
 PRINTED:                NO
 HEADER:                YES
 FILE TO BE FORWARDED:   NO
 FORMAT:                S1PE11.4
 LFORMAT:
 RFORMAT:
 FIXED_EFFECT_ETAS:
0USER-CHOSEN ITEMS:
 ID SEX ETN
0-- TABLE   4 --
0RECORDS ONLY:    ALL
04 COLUMNS APPENDED:    YES
 PRINTED:                NO
 HEADER:                YES
 FILE TO BE FORWARDED:   NO
 FORMAT:                S1PE11.4
 LFORMAT:
 RFORMAT:
 FIXED_EFFECT_ETAS:
0USER-CHOSEN ITEMS:
 ID WT
1DOUBLE PRECISION PREDPP VERSION 7.4.3

 ONE COMPARTMENT MODEL WITH FIRST-ORDER ABSORPTION (ADVAN2)
0MAXIMUM NO. OF BASIC PK PARAMETERS:   3
0BASIC PK PARAMETERS (AFTER TRANSLATION):
   ELIMINATION RATE (K) IS BASIC PK PARAMETER NO.:  1
   ABSORPTION RATE (KA) IS BASIC PK PARAMETER NO.:  3

 TRANSLATOR WILL CONVERT PARAMETERS
 CLEARANCE (CL) AND VOLUME (V) TO K (TRANS2)
0COMPARTMENT ATTRIBUTES
 COMPT. NO.   FUNCTION   INITIAL    ON/OFF      DOSE      DEFAULT    DEFAULT
                         STATUS     ALLOWED    ALLOWED    FOR DOSE   FOR OBS.
    1         DEPOT        OFF        YES        YES        YES        NO
    2         CENTRAL      ON         NO         YES        NO         YES
    3         OUTPUT       OFF        YES        NO         NO         NO
1
 ADDITIONAL PK PARAMETERS - ASSIGNMENT OF ROWS IN GG
 COMPT. NO.                             INDICES
              SCALE      BIOAVAIL.   ZERO-ORDER  ZERO-ORDER  ABSORB
                         FRACTION    RATE        DURATION    LAG
    1            *           *           *           *           *
    2            4           *           *           *           *
    3            *           -           -           -           -
             - PARAMETER IS NOT ALLOWED FOR THIS MODEL
             * PARAMETER IS NOT SUPPLIED BY PK SUBROUTINE;
               WILL DEFAULT TO ONE IF APPLICABLE
0DATA ITEM INDICES USED BY PRED ARE:
   EVENT ID DATA ITEM IS DATA ITEM NO.:      4
   TIME DATA ITEM IS DATA ITEM NO.:          2
   DOSE AMOUNT DATA ITEM IS DATA ITEM NO.:   6

0PK SUBROUTINE CALLED WITH EVERY EVENT RECORD.
 PK SUBROUTINE NOT CALLED AT NONEVENT (ADDITIONAL OR LAGGED) DOSE TIMES.
0ERROR SUBROUTINE CALLED WITH EVERY EVENT RECORD.
1


 #TBLN:      1
 #METH: Stochastic Approximation Expectation-Maximization

 ESTIMATION STEP OMITTED:                 NO
 ANALYSIS TYPE:                           POPULATION
 NUMBER OF SADDLE POINT RESET ITERATIONS:      0
 GRADIENT METHOD USED:               NOSLOW
 CONDITIONAL ESTIMATES USED:              YES
 CENTERED ETA:                            NO
 EPS-ETA INTERACTION:                     YES
 LAPLACIAN OBJ. FUNC.:                    NO
 NO. OF FUNCT. EVALS. ALLOWED:            624
 NO. OF SIG. FIGURES REQUIRED:            3
 INTERMEDIATE PRINTOUT:                   YES
 ESTIMATE OUTPUT TO MSF:                  NO
 IND. OBJ. FUNC. VALUES SORTED:           NO
 NUMERICAL DERIVATIVE
       FILE REQUEST (NUMDER):               NONE
 MAP (ETAHAT) ESTIMATION METHOD (OPTMAP):   0
 ETA HESSIAN EVALUATION METHOD (ETADER):    0
 INITIAL ETA FOR MAP ESTIMATION (MCETA):    0
 SIGDIGITS FOR MAP ESTIMATION (SIGLO):      100
 GRADIENT SIGDIGITS OF
       FIXED EFFECTS PARAMETERS (SIGL):     100
 NOPRIOR SETTING (NOPRIOR):                 OFF
 NOCOV SETTING (NOCOV):                     OFF
 DERCONT SETTING (DERCONT):                 OFF
 FINAL ETA RE-EVALUATION (FNLETA):          ON
 EXCLUDE NON-INFLUENTIAL (NON-INFL.) ETAS
       IN SHRINKAGE (ETASTYPE):             NO
 NON-INFL. ETA CORRECTION (NONINFETA):      OFF
 RAW OUTPUT FILE (FILE): psn.ext
 EXCLUDE TITLE (NOTITLE):                   NO
 EXCLUDE COLUMN LABELS (NOLABEL):           NO
 FORMAT FOR ADDITIONAL FILES (FORMAT):      S1PE12.5
 PARAMETER ORDER FOR OUTPUTS (ORDER):       TSOL
 WISHART PRIOR DF INTERPRETATION (WISHTYPE):0
 KNUTHSUMOFF:                               0
 INCLUDE LNTWOPI:                           NO
 INCLUDE CONSTANT TERM TO PRIOR (PRIORC):   NO
 INCLUDE CONSTANT TERM TO OMEGA (ETA) (OLNTWOPI):NO
 EM OR BAYESIAN METHOD USED:                STOCHASTIC APPROXIMATION EXPECTATION MAXIMIZATION (SAEM)
 MU MODELING PATTERN (MUM):
 GRADIENT/GIBBS PATTERN (GRD):
 AUTOMATIC SETTING FEATURE (AUTO):          OFF
 CONVERGENCE TYPE (CTYPE):                  0
 BURN-IN ITERATIONS (NBURN):                3000
 ITERATIONS (NITER):                        500
 ANEAL SETTING (CONSTRAIN):                 1
 STARTING SEED FOR MC METHODS (SEED):       11456
 MC SAMPLES PER SUBJECT (ISAMPLE):          2
 RANDOM SAMPLING METHOD (RANMETHOD):        3U
 EXPECTATION ONLY (EONLY):                  0
 PROPOSAL DENSITY SCALING RANGE
              (ISCALE_MIN, ISCALE_MAX):     1.000000000000000E-06   ,1000000.00000000
 SAMPLE ACCEPTANCE RATE (IACCEPT):          0.400000000000000
 METROPOLIS HASTINGS SAMPLING FOR INDIVIDUAL ETAS:
 SAMPLES FOR GLOBAL SEARCH KERNEL (ISAMPLE_M1):          2
 SAMPLES FOR NEIGHBOR SEARCH KERNEL (ISAMPLE_M1A):       0
 SAMPLES FOR MASS/IMP/POST. MATRIX SEARCH (ISAMPLE_M1B): 2
 SAMPLES FOR LOCAL SEARCH KERNEL (ISAMPLE_M2):           2
 SAMPLES FOR LOCAL UNIVARIATE KERNEL (ISAMPLE_M3):       2
 PWR. WT. MASS/IMP/POST MATRIX ACCUM. FOR ETAS (IKAPPA): 1.00000000000000
 MASS/IMP./POST. MATRIX REFRESH SETTING (MASSREST):      -1


 THE FOLLOWING LABELS ARE EQUIVALENT
 PRED=PREDI
 RES=RESI
 WRES=WRESI
 IWRS=IWRESI
 IPRD=IPREDI
 IRS=IRESI

 EM/BAYES SETUP:
 THETAS THAT ARE MU MODELED:
 
 THETAS THAT ARE SIGMA-LIKE:
 

 MONITORING OF SEARCH:

 Stochastic/Burn-in Mode
 iteration        -3000  SAEMOBJ=   39575.980837708223
 iteration        -2900  SAEMOBJ=   1883.7888675482081
 iteration        -2800  SAEMOBJ=   1811.6973859548784
 iteration        -2700  SAEMOBJ=   1794.7659271993039
 iteration        -2600  SAEMOBJ=   1784.5175312655467
 iteration        -2500  SAEMOBJ=   1771.8217158301766
 iteration        -2400  SAEMOBJ=   1753.6792099547679
 iteration        -2300  SAEMOBJ=   1786.8550951578084
 iteration        -2200  SAEMOBJ=   1746.3800870765494
 iteration        -2100  SAEMOBJ=   1730.7897040968642
 iteration        -2000  SAEMOBJ=   1726.3832179452020
 iteration        -1900  SAEMOBJ=   1685.4839932300033
 iteration        -1800  SAEMOBJ=   1662.1595171192462
 iteration        -1700  SAEMOBJ=   1666.2242149038059
 iteration        -1600  SAEMOBJ=   1664.8316691371556
 iteration        -1500  SAEMOBJ=   1677.9826965914178
 iteration        -1400  SAEMOBJ=   1665.6639006436667
 iteration        -1300  SAEMOBJ=   1660.7670925923085
 iteration        -1200  SAEMOBJ=   1672.9719656504517
 iteration        -1100  SAEMOBJ=   1664.6992717216958
 iteration        -1000  SAEMOBJ=   1674.4496047366192
 iteration         -900  SAEMOBJ=   1655.6385914080347
 iteration         -800  SAEMOBJ=   1672.4529266365953
 iteration         -700  SAEMOBJ=   1662.7798605987264
 iteration         -600  SAEMOBJ=   1673.3799200562862
 iteration         -500  SAEMOBJ=   1674.0568080502189
 iteration         -400  SAEMOBJ=   1660.1682568324463
 iteration         -300  SAEMOBJ=   1680.8840469202059
 iteration         -200  SAEMOBJ=   1673.9331440250062
 iteration         -100  SAEMOBJ=   1675.4511487194804
 Reduced Stochastic/Accumulation Mode
 iteration            0  SAEMOBJ=   1661.0181191626179
 iteration          100  SAEMOBJ=   1654.4438522662847
 iteration          200  SAEMOBJ=   1654.4125827273808
 iteration          300  SAEMOBJ=   1654.0478389680909
 iteration          400  SAEMOBJ=   1653.9054689973927
 iteration          500  SAEMOBJ=   1653.8465738692071

 #TERM:
 STOCHASTIC PORTION WAS NOT TESTED FOR CONVERGENCE
 REDUCED STOCHASTIC PORTION WAS COMPLETED

 ETABAR IS THE ARITHMETIC MEAN OF THE ETA-ESTIMATES,
 AND THE P-VALUE IS GIVEN FOR THE NULL HYPOTHESIS THAT THE TRUE MEAN IS 0.

 ETABAR:         8.7713E-03  4.2296E-02
 SE:             2.6118E-02  5.9825E-02
 N:                      40          40

 P VAL.:         7.3700E-01  4.7957E-01

 ETASHRINKSD(%)  1.3018E+01  1.3341E+00
 ETASHRINKVR(%)  2.4341E+01  2.6504E+00
 EBVSHRINKSD(%)  1.2877E+01  7.2200E-01
 EBVSHRINKVR(%)  2.4096E+01  1.4388E+00
 EPSSHRINKSD(%)  4.5195E+00
 EPSSHRINKVR(%)  8.8347E+00

  
 TOTAL DATA POINTS NORMALLY DISTRIBUTED (N):          760
 N*LOG(2PI) CONSTANT TO OBJECTIVE FUNCTION:    1396.7865704711026     
 OBJECTIVE FUNCTION VALUE WITHOUT CONSTANT:    1653.8465738692071     
 OBJECTIVE FUNCTION VALUE WITH CONSTANT:       3050.6331443403096     
 REPORTED OBJECTIVE FUNCTION DOES NOT CONTAIN CONSTANT
  
 TOTAL EFFECTIVE ETAS (NIND*NETA):                            80
 NIND*NETA*LOG(2PI) CONSTANT TO OBJECTIVE FUNCTION:    147.03016531274761     
 OBJECTIVE FUNCTION VALUE WITHOUT CONSTANT:    1653.8465738692071     
 OBJECTIVE FUNCTION VALUE WITH CONSTANT:       1800.8767391819547     
 REPORTED OBJECTIVE FUNCTION DOES NOT CONTAIN CONSTANT
  
 #TERE:
 Elapsed estimation  time in seconds:   129.18
 Elapsed covariance  time in seconds:     0.02
1
 
 
 
 
 
 
 
 
 
 
 
 
 
 
 
 
 
 
 
 
 ************************************************************************************************************************
 ********************                                                                                ********************
 ********************                STOCHASTIC APPROXIMATION EXPECTATION-MAXIMIZATION               ********************
 #OBJT:**************                        FINAL VALUE OF LIKELIHOOD FUNCTION                      ********************
 ********************                                                                                ********************
 ************************************************************************************************************************
 





 #OBJV:********************************************     1653.847       **************************************************
1
 ************************************************************************************************************************
 ********************                                                                                ********************
 ********************                STOCHASTIC APPROXIMATION EXPECTATION-MAXIMIZATION               ********************
 ********************                             FINAL PARAMETER ESTIMATE                           ********************
 ********************                                                                                ********************
 ************************************************************************************************************************
 


 THETA - VECTOR OF FIXED EFFECTS PARAMETERS   *********


         TH 1      TH 2      TH 3      TH 4      TH 5      TH 6      TH 7     
 
         2.26E+00  7.26E+01  4.49E+02  7.20E-02  1.08E+00  7.40E-01  5.95E-01
 


 OMEGA - COV MATRIX FOR RANDOM EFFECTS - ETAS  ********


         ETA1      ETA2     
 
 ETA1
+        3.70E-02
 
 ETA2
+        0.00E+00  1.51E-01
 


 SIGMA - COV MATRIX FOR RANDOM EFFECTS - EPSILONS  ****


         EPS1     
 
 EPS1
+        1.00E+00
 
1


 OMEGA - CORR MATRIX FOR RANDOM EFFECTS - ETAS  *******


         ETA1      ETA2     
 
 ETA1
+        1.92E-01
 
 ETA2
+        0.00E+00  3.88E-01
 


 SIGMA - CORR MATRIX FOR RANDOM EFFECTS - EPSILONS  ***


         EPS1     
 
 EPS1
+        1.00E+00
 
1
 ************************************************************************************************************************
 ********************                                                                                ********************
 ********************                STOCHASTIC APPROXIMATION EXPECTATION-MAXIMIZATION               ********************
 ********************                          STANDARD ERROR OF ESTIMATE (S)                        ********************
 ********************                                                                                ********************
 ************************************************************************************************************************
 


 THETA - VECTOR OF FIXED EFFECTS PARAMETERS   *********


         TH 1      TH 2      TH 3      TH 4      TH 5      TH 6      TH 7     
 
         6.43E-02  1.06E+01  3.07E+01  8.15E-03  9.80E-02  3.64E-01  5.06E-02
 


 OMEGA - COV MATRIX FOR RANDOM EFFECTS - ETAS  ********


         ETA1      ETA2     
 
 ETA1
+        1.33E-02
 
 ETA2
+        0.00E+00  5.16E-02
 


 SIGMA - COV MATRIX FOR RANDOM EFFECTS - EPSILONS  ****


         EPS1     
 
 EPS1
+        0.00E+00
 
1


 OMEGA - CORR MATRIX FOR RANDOM EFFECTS - ETAS  *******


         ETA1      ETA2     
 
 ETA1
+        3.47E-02
 
 ETA2
+       .........  6.64E-02
 


 SIGMA - CORR MATRIX FOR RANDOM EFFECTS - EPSILONS  ***


         EPS1     
 
 EPS1
+       .........
 
1
 ************************************************************************************************************************
 ********************                                                                                ********************
 ********************                STOCHASTIC APPROXIMATION EXPECTATION-MAXIMIZATION               ********************
 ********************                        COVARIANCE MATRIX OF ESTIMATE (S)                       ********************
 ********************                                                                                ********************
 ************************************************************************************************************************
 

            TH 1      TH 2      TH 3      TH 4      TH 5      TH 6      TH 7      OM11      OM12      OM22      SG11  
 
 TH 1
+        4.14E-03
 
 TH 2
+        3.22E-02  1.12E+02
 
 TH 3
+        4.44E-01  9.03E-01  9.45E+02
 
 TH 4
+        6.34E-05  3.10E-02 -3.99E-02  6.64E-05
 
 TH 5
+       -9.25E-04  5.12E-03  9.48E-02 -5.92E-04  9.60E-03
 
 TH 6
+        1.56E-03  3.30E+00 -1.57E+00  1.20E-03 -1.34E-03  1.32E-01
 
 TH 7
+       -3.51E-04 -2.45E-01 -3.19E-01  3.19E-05 -3.75E-04 -3.39E-04  2.56E-03
 
 OM11
+        1.86E-04  1.32E-02 -6.23E-02 -1.94E-05  2.62E-04  6.33E-04 -1.14E-04  1.78E-04
 
 OM12
+       ......... ......... ......... ......... ......... ......... ......... ......... .........
 
 OM22
+       -3.26E-04  2.43E-02 -4.73E-01  3.65E-06  2.10E-04  2.31E-03  6.29E-05  1.47E-04  0.00E+00  2.66E-03
 
 SG11
+       ......... ......... ......... ......... ......... ......... ......... ......... ......... ......... .........
 
1
 ************************************************************************************************************************
 ********************                                                                                ********************
 ********************                STOCHASTIC APPROXIMATION EXPECTATION-MAXIMIZATION               ********************
 ********************                        CORRELATION MATRIX OF ESTIMATE (S)                      ********************
 ********************                                                                                ********************
 ************************************************************************************************************************
 

            TH 1      TH 2      TH 3      TH 4      TH 5      TH 6      TH 7      OM11      OM12      OM22      SG11  
 
 TH 1
+        6.43E-02
 
 TH 2
+        4.73E-02  1.06E+01
 
 TH 3
+        2.24E-01  2.77E-03  3.07E+01
 
 TH 4
+        1.21E-01  3.59E-01 -1.59E-01  8.15E-03
 
 TH 5
+       -1.47E-01  4.93E-03  3.15E-02 -7.42E-01  9.80E-02
 
 TH 6
+        6.66E-02  8.56E-01 -1.41E-01  4.05E-01 -3.76E-02  3.64E-01
 
 TH 7
+       -1.08E-01 -4.58E-01 -2.05E-01  7.74E-02 -7.56E-02 -1.84E-02  5.06E-02
 
 OM11
+        2.17E-01  9.35E-02 -1.52E-01 -1.78E-01  2.00E-01  1.30E-01 -1.69E-01  1.33E-02
 
 OM12
+       ......... ......... ......... ......... ......... ......... ......... ......... .........
 
 OM22
+       -9.81E-02  4.44E-02 -2.98E-01  8.67E-03  4.15E-02  1.23E-01  2.41E-02  2.13E-01  0.00E+00  5.16E-02
 
 SG11
+       ......... ......... ......... ......... ......... ......... ......... ......... ......... ......... .........
 
1
 ************************************************************************************************************************
 ********************                                                                                ********************
 ********************                STOCHASTIC APPROXIMATION EXPECTATION-MAXIMIZATION               ********************
 ********************                    INVERSE COVARIANCE MATRIX OF ESTIMATE (S)                   ********************
 ********************                                                                                ********************
 ************************************************************************************************************************
 

            TH 1      TH 2      TH 3      TH 4      TH 5      TH 6      TH 7      OM11      OM12      OM22      SG11  
 
 TH 1
+        3.07E+02
 
 TH 2
+        1.56E+00  1.69E-01
 
 TH 3
+       -1.87E-01 -2.29E-03  1.42E-03
 
 TH 4
+       -6.09E+02 -3.57E+01  2.10E+00  5.96E+04
 
 TH 5
+        3.06E+00 -2.29E+00  8.37E-02  3.49E+03  3.20E+02
 
 TH 6
+       -3.76E+01 -3.98E+00  5.20E-02  3.99E+02  2.97E+01  1.05E+02
 
 TH 7
+        1.53E+02  1.61E+01 -5.19E-02 -3.33E+03 -2.07E+02 -3.77E+02  1.95E+03
 
 OM11
+       -3.74E+02  7.97E+00  6.15E-01  1.92E+03 -1.25E+02 -2.35E+02  1.07E+03  7.74E+03
 
 OM12
+       ......... ......... ......... ......... ......... ......... ......... ......... .........
 
 OM22
+        4.04E+01  1.11E+00  1.63E-01 -1.07E+02 -7.92E+00 -3.15E+01  1.06E+02 -2.50E+02  0.00E+00  4.39E+02
 
 SG11
+       ......... ......... ......... ......... ......... ......... ......... ......... ......... ......... .........
 
1
 
 
 
 
 
 
 
 
 
 
 
 
 
 
 
 
 
 
 
 
 ************************************************************************************************************************
 ********************                                                                                ********************
 ********************                STOCHASTIC APPROXIMATION EXPECTATION-MAXIMIZATION               ********************
 ********************                    EIGENVALUES OF COR MATRIX OF ESTIMATE (S)                   ********************
 ********************                                                                                ********************
 ************************************************************************************************************************
 

             1         2         3         4         5         6         7         8         9
 
         2.72E-02  1.63E-01  4.86E-01  6.78E-01  8.48E-01  1.15E+00  1.55E+00  1.78E+00  2.32E+00
 
1


 #TBLN:      2
 #METH: Objective Function Evaluation by Importance Sampling (No Prior)

 ESTIMATION STEP OMITTED:                 NO
 ANALYSIS TYPE:                           POPULATION
 NUMBER OF SADDLE POINT RESET ITERATIONS:      0
 GRADIENT METHOD USED:               NOSLOW
 CONDITIONAL ESTIMATES USED:              YES
 CENTERED ETA:                            NO
 EPS-ETA INTERACTION:                     YES
 LAPLACIAN OBJ. FUNC.:                    NO
 NO. OF FUNCT. EVALS. ALLOWED:            624
 NO. OF SIG. FIGURES REQUIRED:            3
 INTERMEDIATE PRINTOUT:                   YES
 ESTIMATE OUTPUT TO MSF:                  NO
 IND. OBJ. FUNC. VALUES SORTED:           NO
 NUMERICAL DERIVATIVE
       FILE REQUEST (NUMDER):               NONE
 MAP (ETAHAT) ESTIMATION METHOD (OPTMAP):   0
 ETA HESSIAN EVALUATION METHOD (ETADER):    0
 INITIAL ETA FOR MAP ESTIMATION (MCETA):    0
 SIGDIGITS FOR MAP ESTIMATION (SIGLO):      8
 GRADIENT SIGDIGITS OF
       FIXED EFFECTS PARAMETERS (SIGL):     8
 NOPRIOR SETTING (NOPRIOR):                 ON
 NOCOV SETTING (NOCOV):                     OFF
 DERCONT SETTING (DERCONT):                 OFF
 FINAL ETA RE-EVALUATION (FNLETA):          ON
 EXCLUDE NON-INFLUENTIAL (NON-INFL.) ETAS
       IN SHRINKAGE (ETASTYPE):             NO
 NON-INFL. ETA CORRECTION (NONINFETA):      OFF
 RAW OUTPUT FILE (FILE): psn.ext
 EXCLUDE TITLE (NOTITLE):                   NO
 EXCLUDE COLUMN LABELS (NOLABEL):           NO
 FORMAT FOR ADDITIONAL FILES (FORMAT):      S1PE12.5
 PARAMETER ORDER FOR OUTPUTS (ORDER):       TSOL
 WISHART PRIOR DF INTERPRETATION (WISHTYPE):0
 KNUTHSUMOFF:                               0
 INCLUDE LNTWOPI:                           NO
 INCLUDE CONSTANT TERM TO PRIOR (PRIORC):   NO
 INCLUDE CONSTANT TERM TO OMEGA (ETA) (OLNTWOPI):NO
 EM OR BAYESIAN METHOD USED:                IMPORTANCE SAMPLING (IMP)
 MU MODELING PATTERN (MUM):
 GRADIENT/GIBBS PATTERN (GRD):
 AUTOMATIC SETTING FEATURE (AUTO):          OFF
 CONVERGENCE TYPE (CTYPE):                  0
 ITERATIONS (NITER):                        5
 ANEAL SETTING (CONSTRAIN):                 1
 STARTING SEED FOR MC METHODS (SEED):       11456
 MC SAMPLES PER SUBJECT (ISAMPLE):          3000
 RANDOM SAMPLING METHOD (RANMETHOD):        3U
 EXPECTATION ONLY (EONLY):                  1
 PROPOSAL DENSITY SCALING RANGE
              (ISCALE_MIN, ISCALE_MAX):     0.100000000000000       ,10.0000000000000
 SAMPLE ACCEPTANCE RATE (IACCEPT):          0.400000000000000
 LONG TAIL SAMPLE ACCEPT. RATE (IACCEPTL):   0.00000000000000
 T-DIST. PROPOSAL DENSITY (DF):             0
 NO. ITERATIONS FOR MAP (MAPITER):          1
 INTERVAL ITER. FOR MAP (MAPINTER):         0
 MAP COVARIANCE/MODE SETTING (MAPCOV):      1
 Gradient Quick Value (GRDQ):               0.00000000000000


 THE FOLLOWING LABELS ARE EQUIVALENT
 PRED=PREDI
 RES=RESI
 WRES=WRESI
 IWRS=IWRESI
 IPRD=IPREDI
 IRS=IRESI

 EM/BAYES SETUP:
 THETAS THAT ARE MU MODELED:
 
 THETAS THAT ARE SIGMA-LIKE:
 

 MONITORING OF SEARCH:

 iteration            0  OBJ=   2042.5205343106686 eff.=    3005. Smpl.=    3000. Fit.= 0.98926
 iteration            1  OBJ=   2042.4396690459739 eff.=    1201. Smpl.=    3000. Fit.= 0.78676
 iteration            2  OBJ=   2042.6212749994406 eff.=    1192. Smpl.=    3000. Fit.= 0.78586
 iteration            3  OBJ=   2042.5661788365821 eff.=    1195. Smpl.=    3000. Fit.= 0.78567
 iteration            4  OBJ=   2042.3942713543343 eff.=    1198. Smpl.=    3000. Fit.= 0.78582
 iteration            5  OBJ=   2042.6563190717402 eff.=    1196. Smpl.=    3000. Fit.= 0.78649

 #TERM:
 EXPECTATION ONLY PROCESS COMPLETED


 ETABAR IS THE ARITHMETIC MEAN OF THE ETA-ESTIMATES,
 AND THE P-VALUE IS GIVEN FOR THE NULL HYPOTHESIS THAT THE TRUE MEAN IS 0.

 ETABAR:         6.3149E-03  4.0618E-02
 SE:             2.6384E-02  5.9853E-02
 N:                      40          40

 P VAL.:         8.1084E-01  4.9737E-01

 ETASHRINKSD(%)  1.2131E+01  1.2890E+00
 ETASHRINKVR(%)  2.2791E+01  2.5615E+00
 EBVSHRINKSD(%)  1.3076E+01  7.1691E-01
 EBVSHRINKVR(%)  2.4442E+01  1.4287E+00
 EPSSHRINKSD(%)  4.6529E+00
 EPSSHRINKVR(%)  9.0893E+00

  
 TOTAL DATA POINTS NORMALLY DISTRIBUTED (N):          760
 N*LOG(2PI) CONSTANT TO OBJECTIVE FUNCTION:    1396.7865704711026     
 OBJECTIVE FUNCTION VALUE WITHOUT CONSTANT:    2042.6563190717402     
 OBJECTIVE FUNCTION VALUE WITH CONSTANT:       3439.4428895428427     
 REPORTED OBJECTIVE FUNCTION DOES NOT CONTAIN CONSTANT
  
 TOTAL EFFECTIVE ETAS (NIND*NETA):                            80
  
 #TERE:
 Elapsed estimation  time in seconds:    13.98
 Elapsed covariance  time in seconds:   354.04
1
 
 
 
 
 
 
 
 
 
 
 
 
 
 
 
 
 
 
 
 
 ************************************************************************************************************************
 ********************                                                                                ********************
 ********************         OBJECTIVE FUNCTION EVALUATION BY IMPORTANCE SAMPLING (NO PRIOR)        ********************
 #OBJT:**************                        FINAL VALUE OF OBJECTIVE FUNCTION                       ********************
 ********************                                                                                ********************
 ************************************************************************************************************************
 





 #OBJV:********************************************     2042.656       **************************************************
1
 ************************************************************************************************************************
 ********************                                                                                ********************
 ********************         OBJECTIVE FUNCTION EVALUATION BY IMPORTANCE SAMPLING (NO PRIOR)        ********************
 ********************                             FINAL PARAMETER ESTIMATE                           ********************
 ********************                                                                                ********************
 ************************************************************************************************************************
 


 THETA - VECTOR OF FIXED EFFECTS PARAMETERS   *********


         TH 1      TH 2      TH 3      TH 4      TH 5      TH 6      TH 7     
 
         2.26E+00  7.26E+01  4.49E+02  7.20E-02  1.08E+00  7.40E-01  5.95E-01
 


 OMEGA - COV MATRIX FOR RANDOM EFFECTS - ETAS  ********


         ETA1      ETA2     
 
 ETA1
+        3.70E-02
 
 ETA2
+        0.00E+00  1.51E-01
 


 SIGMA - COV MATRIX FOR RANDOM EFFECTS - EPSILONS  ****


         EPS1     
 
 EPS1
+        1.00E+00
 
1


 OMEGA - CORR MATRIX FOR RANDOM EFFECTS - ETAS  *******


         ETA1      ETA2     
 
 ETA1
+        1.92E-01
 
 ETA2
+        0.00E+00  3.88E-01
 


 SIGMA - CORR MATRIX FOR RANDOM EFFECTS - EPSILONS  ***


         EPS1     
 
 EPS1
+        1.00E+00
 
1
 ************************************************************************************************************************
 ********************                                                                                ********************
 ********************         OBJECTIVE FUNCTION EVALUATION BY IMPORTANCE SAMPLING (NO PRIOR)        ********************
 ********************                         STANDARD ERROR OF ESTIMATE (RSR)                       ********************
 ********************                                                                                ********************
 ************************************************************************************************************************
 


 THETA - VECTOR OF FIXED EFFECTS PARAMETERS   *********


         TH 1      TH 2      TH 3      TH 4      TH 5      TH 6      TH 7     
 
         7.95E-02  3.88E+00  2.27E+01  8.12E-03  8.45E-02  1.23E-01  4.05E-02
 


 OMEGA - COV MATRIX FOR RANDOM EFFECTS - ETAS  ********


         ETA1      ETA2     
 
 ETA1
+        1.23E-02
 
 ETA2
+        0.00E+00  2.43E-02
 


 SIGMA - COV MATRIX FOR RANDOM EFFECTS - EPSILONS  ****


         EPS1     
 
 EPS1
+        0.00E+00
 
1


 OMEGA - CORR MATRIX FOR RANDOM EFFECTS - ETAS  *******


         ETA1      ETA2     
 
 ETA1
+        3.21E-02
 
 ETA2
+       .........  3.13E-02
 


 SIGMA - CORR MATRIX FOR RANDOM EFFECTS - EPSILONS  ***


         EPS1     
 
 EPS1
+       .........
 
1
 ************************************************************************************************************************
 ********************                                                                                ********************
 ********************         OBJECTIVE FUNCTION EVALUATION BY IMPORTANCE SAMPLING (NO PRIOR)        ********************
 ********************                       COVARIANCE MATRIX OF ESTIMATE (RSR)                      ********************
 ********************                                                                                ********************
 ************************************************************************************************************************
 

            TH 1      TH 2      TH 3      TH 4      TH 5      TH 6      TH 7      OM11      OM12      OM22      SG11  
 
 TH 1
+        6.33E-03
 
 TH 2
+       -2.01E-02  1.50E+01
 
 TH 3
+       -1.73E-01 -1.19E+01  5.15E+02
 
 TH 4
+       -1.24E-04 -9.51E-03  5.57E-02  6.59E-05
 
 TH 5
+        1.32E-03  2.86E-02 -4.48E-01 -5.84E-04  7.13E-03
 
 TH 6
+        5.56E-05  3.04E-01  2.77E-01 -2.99E-04  6.27E-04  1.52E-02
 
 TH 7
+        2.15E-04 -4.45E-02  1.71E-01 -3.46E-05  7.14E-05  1.43E-03  1.64E-03
 
 OM11
+       -2.01E-04 -8.62E-03  7.41E-02  2.90E-05 -3.65E-04 -5.05E-05  1.26E-04  1.52E-04
 
 OM12
+       ......... ......... ......... ......... ......... ......... ......... ......... .........
 
 OM22
+        2.37E-04  1.98E-03  2.96E-02 -1.57E-05  1.29E-04 -1.52E-04  3.44E-05 -2.05E-05  0.00E+00  5.90E-04
 
 SG11
+       ......... ......... ......... ......... ......... ......... ......... ......... ......... ......... .........
 
1
 ************************************************************************************************************************
 ********************                                                                                ********************
 ********************         OBJECTIVE FUNCTION EVALUATION BY IMPORTANCE SAMPLING (NO PRIOR)        ********************
 ********************                       CORRELATION MATRIX OF ESTIMATE (RSR)                     ********************
 ********************                                                                                ********************
 ************************************************************************************************************************
 

            TH 1      TH 2      TH 3      TH 4      TH 5      TH 6      TH 7      OM11      OM12      OM22      SG11  
 
 TH 1
+        7.95E-02
 
 TH 2
+       -6.52E-02  3.88E+00
 
 TH 3
+       -9.57E-02 -1.35E-01  2.27E+01
 
 TH 4
+       -1.92E-01 -3.02E-01  3.03E-01  8.12E-03
 
 TH 5
+        1.97E-01  8.74E-02 -2.34E-01 -8.52E-01  8.45E-02
 
 TH 6
+        5.67E-03  6.37E-01  9.91E-02 -2.99E-01  6.02E-02  1.23E-01
 
 TH 7
+        6.67E-02 -2.83E-01  1.86E-01 -1.05E-01  2.09E-02  2.86E-01  4.05E-02
 
 OM11
+       -2.05E-01 -1.80E-01  2.65E-01  2.89E-01 -3.50E-01 -3.33E-02  2.52E-01  1.23E-02
 
 OM12
+       ......... ......... ......... ......... ......... ......... ......... ......... .........
 
 OM22
+        1.23E-01  2.11E-02  5.38E-02 -7.96E-02  6.27E-02 -5.06E-02  3.49E-02 -6.86E-02  0.00E+00  2.43E-02
 
 SG11
+       ......... ......... ......... ......... ......... ......... ......... ......... ......... ......... .........
 
1
 ************************************************************************************************************************
 ********************                                                                                ********************
 ********************         OBJECTIVE FUNCTION EVALUATION BY IMPORTANCE SAMPLING (NO PRIOR)        ********************
 ********************                   INVERSE COVARIANCE MATRIX OF ESTIMATE (RSR)                  ********************
 ********************                                                                                ********************
 ************************************************************************************************************************
 

            TH 1      TH 2      TH 3      TH 4      TH 5      TH 6      TH 7      OM11      OM12      OM22      SG11  
 
 TH 1
+        1.75E+02
 
 TH 2
+        7.32E-01  2.12E-01
 
 TH 3
+        2.99E-02  2.86E-03  2.52E-03
 
 TH 4
+        2.56E+02  3.23E+01 -4.13E+00  8.57E+04
 
 TH 5
+       -8.73E-02  2.23E+00 -2.18E-01  6.61E+03  6.80E+02
 
 TH 6
+       -1.02E+01 -4.73E+00 -1.77E-01  6.70E+02  5.41E+01  2.03E+02
 
 TH 7
+       -6.35E+00  1.01E+01 -4.38E-02  2.00E+03  1.03E+02 -2.85E+02  1.23E+03
 
 OM11
+        2.04E+02  5.14E-01 -8.26E-01  2.42E+03  5.47E+02  1.26E+02 -6.89E+02  8.78E+03
 
 OM12
+       ......... ......... ......... ......... ......... ......... ......... ......... .........
 
 OM22
+       -6.29E+01 -2.56E+00 -2.83E-01  9.74E+02  5.80E+01  1.08E+02 -1.67E+02  2.81E+02  0.00E+00  1.80E+03
 
 SG11
+       ......... ......... ......... ......... ......... ......... ......... ......... ......... ......... .........
 
1
 
 
 
 
 
 
 
 
 
 
 
 
 
 
 
 
 
 
 
 
 ************************************************************************************************************************
 ********************                                                                                ********************
 ********************         OBJECTIVE FUNCTION EVALUATION BY IMPORTANCE SAMPLING (NO PRIOR)        ********************
 ********************                   EIGENVALUES OF COR MATRIX OF ESTIMATE (RSR)                  ********************
 ********************                                                                                ********************
 ************************************************************************************************************************
 

             1         2         3         4         5         6         7         8         9
 
         9.74E-02  1.54E-01  6.11E-01  7.31E-01  8.70E-01  1.05E+00  1.42E+00  1.58E+00  2.49E+00
 
1


 #TBLN:      3
 #METH: First Order Conditional Estimation with Interaction (No Prior)

 ESTIMATION STEP OMITTED:                 NO
 ANALYSIS TYPE:                           POPULATION
 NUMBER OF SADDLE POINT RESET ITERATIONS:      0
 GRADIENT METHOD USED:               NOSLOW
 CONDITIONAL ESTIMATES USED:              YES
 CENTERED ETA:                            NO
 EPS-ETA INTERACTION:                     YES
 LAPLACIAN OBJ. FUNC.:                    NO
 NO. OF FUNCT. EVALS. ALLOWED:            9999
 NO. OF SIG. FIGURES REQUIRED:            3
 INTERMEDIATE PRINTOUT:                   YES
 ESTIMATE OUTPUT TO MSF:                  NO
 ABORT WITH PRED EXIT CODE 1:             NO
 IND. OBJ. FUNC. VALUES SORTED:           NO
 NUMERICAL DERIVATIVE
       FILE REQUEST (NUMDER):               NONE
 MAP (ETAHAT) ESTIMATION METHOD (OPTMAP):   0
 ETA HESSIAN EVALUATION METHOD (ETADER):    0
 INITIAL ETA FOR MAP ESTIMATION (MCETA):    0
 SIGDIGITS FOR MAP ESTIMATION (SIGLO):      8
 GRADIENT SIGDIGITS OF
       FIXED EFFECTS PARAMETERS (SIGL):     8
 NOPRIOR SETTING (NOPRIOR):                 ON
 NOCOV SETTING (NOCOV):                     OFF
 DERCONT SETTING (DERCONT):                 OFF
 FINAL ETA RE-EVALUATION (FNLETA):          ON
 EXCLUDE NON-INFLUENTIAL (NON-INFL.) ETAS
       IN SHRINKAGE (ETASTYPE):             NO
 NON-INFL. ETA CORRECTION (NONINFETA):      OFF
 RAW OUTPUT FILE (FILE): psn.ext
 EXCLUDE TITLE (NOTITLE):                   NO
 EXCLUDE COLUMN LABELS (NOLABEL):           NO
 FORMAT FOR ADDITIONAL FILES (FORMAT):      S1PE12.5
 PARAMETER ORDER FOR OUTPUTS (ORDER):       TSOL
 WISHART PRIOR DF INTERPRETATION (WISHTYPE):0
 KNUTHSUMOFF:                               0
 INCLUDE LNTWOPI:                           NO
 INCLUDE CONSTANT TERM TO PRIOR (PRIORC):   NO
 INCLUDE CONSTANT TERM TO OMEGA (ETA) (OLNTWOPI):NO
 ADDITIONAL CONVERGENCE TEST (CTYPE=4)?:    NO
 EM OR BAYESIAN METHOD USED:                 NONE


 THE FOLLOWING LABELS ARE EQUIVALENT
 PRED=PREDI
 RES=RESI
 WRES=WRESI
 IWRS=IWRESI
 IPRD=IPREDI
 IRS=IRESI

 MONITORING OF SEARCH:


0ITERATION NO.:    0    OBJECTIVE VALUE:   2042.59134341297        NO. OF FUNC. EVALS.:   9
 CUMULATIVE NO. OF FUNC. EVALS.:        9
 NPARAMETR:  2.2599E+00  7.2592E+01  4.4855E+02  7.2003E-02  1.0833E+00  7.3956E-01  5.9470E-01  3.6990E-02  1.5083E-01
 PARAMETER:  1.0000E-01  1.0000E-01  1.0000E-01  1.0000E-01  1.0000E-01  1.0000E-01  1.0000E-01  1.0000E-01  1.0000E-01
 GRADIENT:  -8.8731E+00 -2.3387E+01 -2.0068E+01  3.0091E+00 -2.0438E+01  5.5182E+00 -8.0212E+00  7.9067E-01  1.9173E+00

0ITERATION NO.:    5    OBJECTIVE VALUE:   2041.94409518791        NO. OF FUNC. EVALS.:  64
 CUMULATIVE NO. OF FUNC. EVALS.:       73
 NPARAMETR:  2.2693E+00  7.4267E+01  4.7358E+02  7.0884E-02  1.0954E+00  7.3626E-01  5.8983E-01  3.6729E-02  1.4865E-01
 PARAMETER:  1.0418E-01  1.2281E-01  1.5431E-01  9.8446E-02  1.0111E-01  9.5535E-02  9.1783E-02  9.6464E-02  9.2728E-02
 GRADIENT:  -7.0957E-01  1.0103E+01  9.5620E+00 -2.7187E+01 -2.0595E+01 -2.7143E+00  7.5993E+00  1.1300E+00  1.7155E+00

0ITERATION NO.:   10    OBJECTIVE VALUE:   2041.86899470203        NO. OF FUNC. EVALS.:  56
 CUMULATIVE NO. OF FUNC. EVALS.:      129
 NPARAMETR:  2.2711E+00  7.4885E+01  4.6931E+02  7.1094E-02  1.0947E+00  7.5723E-01  5.8621E-01  3.5321E-02  1.4503E-01
 PARAMETER:  1.0495E-01  1.3111E-01  1.4526E-01  9.8737E-02  1.0105E-01  1.2361E-01  8.5632E-02  7.6925E-02  8.0389E-02
 GRADIENT:   1.2412E+00  6.2825E+00  4.4840E+00 -1.5685E+01 -1.1363E+01 -8.3002E-01  2.4213E+00 -5.5783E-01 -8.7354E-02

0ITERATION NO.:   15    OBJECTIVE VALUE:   2041.84800645783        NO. OF FUNC. EVALS.:  91
 CUMULATIVE NO. OF FUNC. EVALS.:      220
 NPARAMETR:  2.2705E+00  7.4267E+01  4.6814E+02  7.1409E-02  1.0932E+00  7.4511E-01  5.8721E-01  3.5783E-02  1.4519E-01
 PARAMETER:  1.0470E-01  1.2282E-01  1.4277E-01  9.9175E-02  1.0092E-01  1.0747E-01  8.7324E-02  8.3420E-02  8.0955E-02
 GRADIENT:   9.0457E-05 -1.3704E-03 -1.3320E-03 -2.4366E-03 -4.0479E-03  2.5454E-03 -1.7700E-03 -8.2684E-04 -2.1193E-03

0ITERATION NO.:   16    OBJECTIVE VALUE:   2041.84800645783        NO. OF FUNC. EVALS.:  14
 CUMULATIVE NO. OF FUNC. EVALS.:      234
 NPARAMETR:  2.2705E+00  7.4267E+01  4.6814E+02  7.1409E-02  1.0932E+00  7.4511E-01  5.8721E-01  3.5783E-02  1.4519E-01
 PARAMETER:  1.0470E-01  1.2282E-01  1.4277E-01  9.9175E-02  1.0092E-01  1.0747E-01  8.7324E-02  8.3420E-02  8.0955E-02
 GRADIENT:   9.0457E-05 -1.3704E-03 -1.3320E-03 -2.4366E-03 -4.0479E-03  2.5454E-03 -1.7700E-03 -8.2684E-04 -2.1193E-03

 #TERM:
0MINIMIZATION SUCCESSFUL
 NO. OF FUNCTION EVALUATIONS USED:      234
 NO. OF SIG. DIGITS IN FINAL EST.:  3.2

 ETABAR IS THE ARITHMETIC MEAN OF THE ETA-ESTIMATES,
 AND THE P-VALUE IS GIVEN FOR THE NULL HYPOTHESIS THAT THE TRUE MEAN IS 0.

 ETABAR:         1.6346E-03 -2.1165E-03
 SE:             2.5835E-02  5.9657E-02
 N:                      40          40

 P VAL.:         9.4955E-01  9.7170E-01

 ETASHRINKSD(%)  1.2523E+01  1.0000E-10
 ETASHRINKVR(%)  2.3478E+01  1.0000E-10
 EBVSHRINKSD(%)  1.3194E+01  7.4530E-01
 EBVSHRINKVR(%)  2.4648E+01  1.4850E+00
 EPSSHRINKSD(%)  4.6579E+00
 EPSSHRINKVR(%)  9.0989E+00

  
 TOTAL DATA POINTS NORMALLY DISTRIBUTED (N):          760
 N*LOG(2PI) CONSTANT TO OBJECTIVE FUNCTION:    1396.7865704711026     
 OBJECTIVE FUNCTION VALUE WITHOUT CONSTANT:    2041.8480064578339     
 OBJECTIVE FUNCTION VALUE WITH CONSTANT:       3438.6345769289364     
 REPORTED OBJECTIVE FUNCTION DOES NOT CONTAIN CONSTANT
  
 TOTAL EFFECTIVE ETAS (NIND*NETA):                            80
  
 #TERE:
 Elapsed estimation  time in seconds:     1.88
 Elapsed covariance  time in seconds:     1.97
 Elapsed postprocess time in seconds:     0.03
1
 
 
 
 
 
 
 
 
 
 
 
 
 
 
 
 
 
 
 
 
 ************************************************************************************************************************
 ********************                                                                                ********************
 ********************          FIRST ORDER CONDITIONAL ESTIMATION WITH INTERACTION (NO PRIOR)        ********************
 #OBJT:**************                       MINIMUM VALUE OF OBJECTIVE FUNCTION                      ********************
 ********************                                                                                ********************
 ************************************************************************************************************************
 





 #OBJV:********************************************     2041.848       **************************************************
1
 ************************************************************************************************************************
 ********************                                                                                ********************
 ********************          FIRST ORDER CONDITIONAL ESTIMATION WITH INTERACTION (NO PRIOR)        ********************
 ********************                             FINAL PARAMETER ESTIMATE                           ********************
 ********************                                                                                ********************
 ************************************************************************************************************************
 


 THETA - VECTOR OF FIXED EFFECTS PARAMETERS   *********


         TH 1      TH 2      TH 3      TH 4      TH 5      TH 6      TH 7     
 
         2.27E+00  7.43E+01  4.68E+02  7.14E-02  1.09E+00  7.45E-01  5.87E-01
 


 OMEGA - COV MATRIX FOR RANDOM EFFECTS - ETAS  ********


         ETA1      ETA2     
 
 ETA1
+        3.58E-02
 
 ETA2
+        0.00E+00  1.45E-01
 


 SIGMA - COV MATRIX FOR RANDOM EFFECTS - EPSILONS  ****


         EPS1     
 
 EPS1
+        1.00E+00
 
1


 OMEGA - CORR MATRIX FOR RANDOM EFFECTS - ETAS  *******


         ETA1      ETA2     
 
 ETA1
+        1.89E-01
 
 ETA2
+        0.00E+00  3.81E-01
 


 SIGMA - CORR MATRIX FOR RANDOM EFFECTS - EPSILONS  ***


         EPS1     
 
 EPS1
+        1.00E+00
 
1
 ************************************************************************************************************************
 ********************                                                                                ********************
 ********************          FIRST ORDER CONDITIONAL ESTIMATION WITH INTERACTION (NO PRIOR)        ********************
 ********************                            STANDARD ERROR OF ESTIMATE                          ********************
 ********************                                                                                ********************
 ************************************************************************************************************************
 


 THETA - VECTOR OF FIXED EFFECTS PARAMETERS   *********


         TH 1      TH 2      TH 3      TH 4      TH 5      TH 6      TH 7     
 
         8.05E-02  3.76E+00  2.83E+01  8.20E-03  8.59E-02  1.28E-01  4.00E-02
 


 OMEGA - COV MATRIX FOR RANDOM EFFECTS - ETAS  ********


         ETA1      ETA2     
 
 ETA1
+        1.09E-02
 
 ETA2
+       .........  2.34E-02
 


 SIGMA - COV MATRIX FOR RANDOM EFFECTS - EPSILONS  ****


         EPS1     
 
 EPS1
+       .........
 
1


 OMEGA - CORR MATRIX FOR RANDOM EFFECTS - ETAS  *******


         ETA1      ETA2     
 
 ETA1
+        2.89E-02
 
 ETA2
+       .........  3.07E-02
 


 SIGMA - CORR MATRIX FOR RANDOM EFFECTS - EPSILONS  ***


         EPS1     
 
 EPS1
+       .........
 
1
 ************************************************************************************************************************
 ********************                                                                                ********************
 ********************          FIRST ORDER CONDITIONAL ESTIMATION WITH INTERACTION (NO PRIOR)        ********************
 ********************                          COVARIANCE MATRIX OF ESTIMATE                         ********************
 ********************                                                                                ********************
 ************************************************************************************************************************
 

            TH 1      TH 2      TH 3      TH 4      TH 5      TH 6      TH 7      OM11      OM12      OM22      SG11  
 
 TH 1
+        6.49E-03
 
 TH 2
+       -1.80E-02  1.41E+01
 
 TH 3
+       -1.45E-01 -2.22E+01  7.99E+02
 
 TH 4
+       -1.30E-04 -8.99E-03  6.43E-02  6.72E-05
 
 TH 5
+        1.44E-03  2.12E-02 -4.71E-01 -6.01E-04  7.37E-03
 
 TH 6
+        3.56E-04  3.18E-01  8.06E-02 -3.37E-04  8.27E-04  1.63E-02
 
 TH 7
+        2.35E-04 -2.66E-02  1.67E-01 -4.52E-05  1.10E-04  1.79E-03  1.60E-03
 
 OM11
+       -2.24E-04 -5.07E-03  4.19E-02  2.84E-05 -3.63E-04 -4.27E-05  1.02E-04  1.19E-04
 
 OM12
+       ......... ......... ......... ......... ......... ......... ......... ......... .........
 
 OM22
+        2.36E-04 -9.15E-04  9.05E-04 -1.88E-05  1.49E-04 -1.58E-04  4.89E-05 -4.51E-05 .........  5.47E-04
 
 SG11
+       ......... ......... ......... ......... ......... ......... ......... ......... ......... ......... .........
 
1
 ************************************************************************************************************************
 ********************                                                                                ********************
 ********************          FIRST ORDER CONDITIONAL ESTIMATION WITH INTERACTION (NO PRIOR)        ********************
 ********************                          CORRELATION MATRIX OF ESTIMATE                        ********************
 ********************                                                                                ********************
 ************************************************************************************************************************
 

            TH 1      TH 2      TH 3      TH 4      TH 5      TH 6      TH 7      OM11      OM12      OM22      SG11  
 
 TH 1
+        8.05E-02
 
 TH 2
+       -5.94E-02  3.76E+00
 
 TH 3
+       -6.38E-02 -2.08E-01  2.83E+01
 
 TH 4
+       -1.97E-01 -2.92E-01  2.78E-01  8.20E-03
 
 TH 5
+        2.09E-01  6.56E-02 -1.94E-01 -8.54E-01  8.59E-02
 
 TH 6
+        3.46E-02  6.62E-01  2.24E-02 -3.22E-01  7.55E-02  1.28E-01
 
 TH 7
+        7.30E-02 -1.76E-01  1.47E-01 -1.38E-01  3.20E-02  3.50E-01  4.00E-02
 
 OM11
+       -2.55E-01 -1.23E-01  1.36E-01  3.17E-01 -3.87E-01 -3.07E-02  2.33E-01  1.09E-02
 
 OM12
+       ......... ......... ......... ......... ......... ......... ......... ......... .........
 
 OM22
+        1.25E-01 -1.04E-02  1.37E-03 -9.80E-02  7.40E-02 -5.30E-02  5.23E-02 -1.77E-01 .........  2.34E-02
 
 SG11
+       ......... ......... ......... ......... ......... ......... ......... ......... ......... ......... .........
 
1
 ************************************************************************************************************************
 ********************                                                                                ********************
 ********************          FIRST ORDER CONDITIONAL ESTIMATION WITH INTERACTION (NO PRIOR)        ********************
 ********************                      INVERSE COVARIANCE MATRIX OF ESTIMATE                     ********************
 ********************                                                                                ********************
 ************************************************************************************************************************
 

            TH 1      TH 2      TH 3      TH 4      TH 5      TH 6      TH 7      OM11      OM12      OM22      SG11  
 
 TH 1
+        1.74E+02
 
 TH 2
+        7.34E-01  2.19E-01
 
 TH 3
+        2.53E-02  3.82E-03  1.52E-03
 
 TH 4
+        1.64E+02  2.80E+01 -2.66E+00  8.49E+04
 
 TH 5
+       -4.46E+00  2.14E+00 -1.27E-01  6.58E+03  6.80E+02
 
 TH 6
+       -1.28E+01 -4.89E+00 -1.33E-01  7.15E+02  5.41E+01  2.03E+02
 
 TH 7
+       -1.34E+01  9.37E+00 -3.58E-03  1.73E+03  8.59E+01 -2.90E+02  1.22E+03
 
 OM11
+        2.86E+02 -1.29E+00 -1.65E-01  1.52E+03  6.14E+02  1.69E+02 -1.00E+03  1.17E+04
 
 OM12
+       ......... ......... ......... ......... ......... ......... ......... ......... .........
 
 OM22
+       -4.57E+01 -1.93E+00 -1.16E-01  1.28E+03  1.06E+02  1.06E+02 -2.18E+02  8.61E+02 .........  1.98E+03
 
 SG11
+       ......... ......... ......... ......... ......... ......... ......... ......... ......... ......... .........
 
1
 
 
 
 
 
 
 
 
 
 
 
 
 
 
 
 
 
 
 
 
 ************************************************************************************************************************
 ********************                                                                                ********************
 ********************          FIRST ORDER CONDITIONAL ESTIMATION WITH INTERACTION (NO PRIOR)        ********************
 ********************                      EIGENVALUES OF COR MATRIX OF ESTIMATE                     ********************
 ********************                                                                                ********************
 ************************************************************************************************************************
 

             1         2         3         4         5         6         7         8         9
 
         9.65E-02  1.52E-01  5.38E-01  8.35E-01  8.63E-01  1.04E+00  1.35E+00  1.62E+00  2.51E+00
 
 Elapsed finaloutput time in seconds:     0.39
 #CPUT: Total CPU Time in Seconds,      495.516
Stop Time: 
14/09/2023 
12:33
