14/09/2023 
12:24
;; 1. Based on: 100
;; 2. Description: 
;;    PK model 1 cmt - WT-CL allometry
;; 3. Label:
;;    
;; 4. Structural model:
;; 5. Covariate model:
;; 6. Inter-individual variability:
;; 7. Inter-occasion variability:
;; 8. Residual variability:
;; 9. Estimation:
$PROBLEM    PK model 1 cmt base
$INPUT      ID TIME MDV EVID DV AMT SEX WT ETN
$DATA      acop.csv IGNORE=@
$SUBROUTINE ADVAN2 TRANS2
$PK
ET=1
IF(ETN.EQ.3) ET=1.3
KA = THETA(1)
CL = THETA(2)*((WT/70)**THETA(6))* EXP(ETA(1))
V = THETA(3)*EXP(ETA(2))
SC=V


$THETA  (0,2) ; KA; 1/h; LIN ;Absorption Rate Constant
 (0,20) ; CL; L/h; LIN ;Clearance
 (0,100) ; V2; L; LIN ;Volume of Distribution
 0.02 ; RUVp; ; LIN ;Proportional Error
 1 ; RUVa; ng/mL; LIN ;Additive Error
 0.75 FIX ; CL-WT; ; LIN ;Power Scalar CL-WT
$OMEGA  0.05  ;     iiv CL
 0.2  ;     iiv V2
$SIGMA  1  FIX
$ERROR
IPRED = F
IRES = DV-IPRED
W = IPRED*THETA(4) + THETA(5)
IF (W.EQ.0) W = 1
IWRES = IRES/W
Y= IPRED+W*ERR(1)

$ESTIMATION METHOD=SAEM INTER NBURN=3000 NITER=500 PRINT=100
$ESTIMATION METHOD=IMP INTER EONLY=1 NITER=5 ISAMPLE=3000 PRINT=1
            SIGL=8 NOPRIOR=1
$ESTIMATION METHOD=1 INTER MAXEVAL=9999 SIG=3 PRINT=5 NOABORT POSTHOC
$COVARIANCE PRINT=E UNCONDITIONAL
$TABLE      ID TIME DV MDV EVID IPRED IWRES CWRES ONEHEADER NOPRINT
            FILE=sdtab102
$TABLE      ID CL V KA ETAS(1:LAST) ONEHEADER NOPRINT FILE=patab102
$TABLE      ID SEX ETN ONEHEADER NOPRINT FILE=catab102
$TABLE      ID WT ONEHEADER NOPRINT FILE=cotab102

  
NM-TRAN MESSAGES 
  
 WARNINGS AND ERRORS (IF ANY) FOR PROBLEM    1
             
 (WARNING  2) NM-TRAN INFERS THAT THE DATA ARE POPULATION.
  
License Registered to: qPharmetra
Expiration Date:    14 JUL 2024
Current Date:       14 SEP 2023
Days until program expires : 305
1NONLINEAR MIXED EFFECTS MODEL PROGRAM (NONMEM) VERSION 7.4.3
 ORIGINALLY DEVELOPED BY STUART BEAL, LEWIS SHEINER, AND ALISON BOECKMANN
 CURRENT DEVELOPERS ARE ROBERT BAUER, ICON DEVELOPMENT SOLUTIONS,
 AND ALISON BOECKMANN. IMPLEMENTATION, EFFICIENCY, AND STANDARDIZATION
 PERFORMED BY NOUS INFOSYSTEMS.

 PROBLEM NO.:         1
 PK model 1 cmt base
0DATA CHECKOUT RUN:              NO
 DATA SET LOCATED ON UNIT NO.:    2
 THIS UNIT TO BE REWOUND:        NO
 NO. OF DATA RECS IN DATA SET:      800
 NO. OF DATA ITEMS IN DATA SET:   9
 ID DATA ITEM IS DATA ITEM NO.:   1
 DEP VARIABLE IS DATA ITEM NO.:   5
 MDV DATA ITEM IS DATA ITEM NO.:  3
0INDICES PASSED TO SUBROUTINE PRED:
   4   2   6   0   0   0   0   0   0   0   0
0LABELS FOR DATA ITEMS:
 ID TIME MDV EVID DV AMT SEX WT ETN
0(NONBLANK) LABELS FOR PRED-DEFINED ITEMS:
 KA CL V IPRED IWRES
0FORMAT FOR DATA:
 (E3.0,E5.0,2E2.0,E10.0,E6.0,E2.0,E5.0,E2.0)

 TOT. NO. OF OBS RECS:      760
 TOT. NO. OF INDIVIDUALS:       40
0LENGTH OF THETA:   6
0DEFAULT THETA BOUNDARY TEST OMITTED:    NO
0OMEGA HAS SIMPLE DIAGONAL FORM WITH DIMENSION:   2
0DEFAULT OMEGA BOUNDARY TEST OMITTED:    NO
0SIGMA HAS SIMPLE DIAGONAL FORM WITH DIMENSION:   1
0DEFAULT SIGMA BOUNDARY TEST OMITTED:    NO
0INITIAL ESTIMATE OF THETA:
 LOWER BOUND    INITIAL EST    UPPER BOUND
  0.0000E+00     0.2000E+01     0.1000E+07
  0.0000E+00     0.2000E+02     0.1000E+07
  0.0000E+00     0.1000E+03     0.1000E+07
 -0.1000E+07     0.2000E-01     0.1000E+07
 -0.1000E+07     0.1000E+01     0.1000E+07
  0.7500E+00     0.7500E+00     0.7500E+00
0INITIAL ESTIMATE OF OMEGA:
 0.5000E-01
 0.0000E+00   0.2000E+00
0INITIAL ESTIMATE OF SIGMA:
 0.1000E+01
0SIGMA CONSTRAINED TO BE THIS INITIAL ESTIMATE
0COVARIANCE STEP OMITTED:        NO
 EIGENVLS. PRINTED:             YES
 SPECIAL COMPUTATION:            NO
 COMPRESSED FORMAT:              NO
 GRADIENT METHOD USED:     NOSLOW
 SIGDIGITS ETAHAT (SIGLO):                  -1
 SIGDIGITS GRADIENTS (SIGL):                -1
 EXCLUDE COV FOR FOCE (NOFCOV):              NO
 TURN OFF Cholesky Transposition of R Matrix (CHOLROFF): NO
 KNUTHSUMOFF:                                -1
 RESUME COV ANALYSIS (RESUME):               NO
 SIR SAMPLE SIZE (SIRSAMPLE):              -1
 NON-LINEARLY TRANSFORM THETAS DURING COV (THBND): 1
 PRECONDTIONING CYCLES (PRECOND):        0
 PRECONDTIONING TYPES (PRECONDS):        TOS
 FORCED PRECONDTIONING CYCLES (PFCOND):0
 PRECONDTIONING TYPE (PRETYPE):        0
 FORCED POS. DEFINITE SETTING: (FPOSDEF):0
0TABLES STEP OMITTED:    NO
 NO. OF TABLES:           4
 SEED NUMBER (SEED):    11456
 RANMETHOD:             3U
 MC SAMPLES (ESAMPLE):    300
 WRES SQUARE ROOT TYPE (WRESCHOL): EIGENVALUE
0-- TABLE   1 --
0RECORDS ONLY:    ALL
04 COLUMNS APPENDED:    YES
 PRINTED:                NO
 HEADER:                YES
 FILE TO BE FORWARDED:   NO
 FORMAT:                S1PE11.4
 LFORMAT:
 RFORMAT:
 FIXED_EFFECT_ETAS:
0USER-CHOSEN ITEMS:
 ID TIME DV MDV EVID IPRED IWRES CWRES
0-- TABLE   2 --
0RECORDS ONLY:    ALL
04 COLUMNS APPENDED:    YES
 PRINTED:                NO
 HEADER:                YES
 FILE TO BE FORWARDED:   NO
 FORMAT:                S1PE11.4
 LFORMAT:
 RFORMAT:
 FIXED_EFFECT_ETAS:
0USER-CHOSEN ITEMS:
 ID CL V KA ETA1 ETA2
0-- TABLE   3 --
0RECORDS ONLY:    ALL
04 COLUMNS APPENDED:    YES
 PRINTED:                NO
 HEADER:                YES
 FILE TO BE FORWARDED:   NO
 FORMAT:                S1PE11.4
 LFORMAT:
 RFORMAT:
 FIXED_EFFECT_ETAS:
0USER-CHOSEN ITEMS:
 ID SEX ETN
0-- TABLE   4 --
0RECORDS ONLY:    ALL
04 COLUMNS APPENDED:    YES
 PRINTED:                NO
 HEADER:                YES
 FILE TO BE FORWARDED:   NO
 FORMAT:                S1PE11.4
 LFORMAT:
 RFORMAT:
 FIXED_EFFECT_ETAS:
0USER-CHOSEN ITEMS:
 ID WT
1DOUBLE PRECISION PREDPP VERSION 7.4.3

 ONE COMPARTMENT MODEL WITH FIRST-ORDER ABSORPTION (ADVAN2)
0MAXIMUM NO. OF BASIC PK PARAMETERS:   3
0BASIC PK PARAMETERS (AFTER TRANSLATION):
   ELIMINATION RATE (K) IS BASIC PK PARAMETER NO.:  1
   ABSORPTION RATE (KA) IS BASIC PK PARAMETER NO.:  3

 TRANSLATOR WILL CONVERT PARAMETERS
 CLEARANCE (CL) AND VOLUME (V) TO K (TRANS2)
0COMPARTMENT ATTRIBUTES
 COMPT. NO.   FUNCTION   INITIAL    ON/OFF      DOSE      DEFAULT    DEFAULT
                         STATUS     ALLOWED    ALLOWED    FOR DOSE   FOR OBS.
    1         DEPOT        OFF        YES        YES        YES        NO
    2         CENTRAL      ON         NO         YES        NO         YES
    3         OUTPUT       OFF        YES        NO         NO         NO
1
 ADDITIONAL PK PARAMETERS - ASSIGNMENT OF ROWS IN GG
 COMPT. NO.                             INDICES
              SCALE      BIOAVAIL.   ZERO-ORDER  ZERO-ORDER  ABSORB
                         FRACTION    RATE        DURATION    LAG
    1            *           *           *           *           *
    2            4           *           *           *           *
    3            *           -           -           -           -
             - PARAMETER IS NOT ALLOWED FOR THIS MODEL
             * PARAMETER IS NOT SUPPLIED BY PK SUBROUTINE;
               WILL DEFAULT TO ONE IF APPLICABLE
0DATA ITEM INDICES USED BY PRED ARE:
   EVENT ID DATA ITEM IS DATA ITEM NO.:      4
   TIME DATA ITEM IS DATA ITEM NO.:          2
   DOSE AMOUNT DATA ITEM IS DATA ITEM NO.:   6

0PK SUBROUTINE CALLED WITH EVERY EVENT RECORD.
 PK SUBROUTINE NOT CALLED AT NONEVENT (ADDITIONAL OR LAGGED) DOSE TIMES.
0ERROR SUBROUTINE CALLED WITH EVERY EVENT RECORD.
1


 #TBLN:      1
 #METH: Stochastic Approximation Expectation-Maximization

 ESTIMATION STEP OMITTED:                 NO
 ANALYSIS TYPE:                           POPULATION
 NUMBER OF SADDLE POINT RESET ITERATIONS:      0
 GRADIENT METHOD USED:               NOSLOW
 CONDITIONAL ESTIMATES USED:              YES
 CENTERED ETA:                            NO
 EPS-ETA INTERACTION:                     YES
 LAPLACIAN OBJ. FUNC.:                    NO
 NO. OF FUNCT. EVALS. ALLOWED:            528
 NO. OF SIG. FIGURES REQUIRED:            3
 INTERMEDIATE PRINTOUT:                   YES
 ESTIMATE OUTPUT TO MSF:                  NO
 IND. OBJ. FUNC. VALUES SORTED:           NO
 NUMERICAL DERIVATIVE
       FILE REQUEST (NUMDER):               NONE
 MAP (ETAHAT) ESTIMATION METHOD (OPTMAP):   0
 ETA HESSIAN EVALUATION METHOD (ETADER):    0
 INITIAL ETA FOR MAP ESTIMATION (MCETA):    0
 SIGDIGITS FOR MAP ESTIMATION (SIGLO):      100
 GRADIENT SIGDIGITS OF
       FIXED EFFECTS PARAMETERS (SIGL):     100
 NOPRIOR SETTING (NOPRIOR):                 OFF
 NOCOV SETTING (NOCOV):                     OFF
 DERCONT SETTING (DERCONT):                 OFF
 FINAL ETA RE-EVALUATION (FNLETA):          ON
 EXCLUDE NON-INFLUENTIAL (NON-INFL.) ETAS
       IN SHRINKAGE (ETASTYPE):             NO
 NON-INFL. ETA CORRECTION (NONINFETA):      OFF
 RAW OUTPUT FILE (FILE): psn.ext
 EXCLUDE TITLE (NOTITLE):                   NO
 EXCLUDE COLUMN LABELS (NOLABEL):           NO
 FORMAT FOR ADDITIONAL FILES (FORMAT):      S1PE12.5
 PARAMETER ORDER FOR OUTPUTS (ORDER):       TSOL
 WISHART PRIOR DF INTERPRETATION (WISHTYPE):0
 KNUTHSUMOFF:                               0
 INCLUDE LNTWOPI:                           NO
 INCLUDE CONSTANT TERM TO PRIOR (PRIORC):   NO
 INCLUDE CONSTANT TERM TO OMEGA (ETA) (OLNTWOPI):NO
 EM OR BAYESIAN METHOD USED:                STOCHASTIC APPROXIMATION EXPECTATION MAXIMIZATION (SAEM)
 MU MODELING PATTERN (MUM):
 GRADIENT/GIBBS PATTERN (GRD):
 AUTOMATIC SETTING FEATURE (AUTO):          OFF
 CONVERGENCE TYPE (CTYPE):                  0
 BURN-IN ITERATIONS (NBURN):                3000
 ITERATIONS (NITER):                        500
 ANEAL SETTING (CONSTRAIN):                 1
 STARTING SEED FOR MC METHODS (SEED):       11456
 MC SAMPLES PER SUBJECT (ISAMPLE):          2
 RANDOM SAMPLING METHOD (RANMETHOD):        3U
 EXPECTATION ONLY (EONLY):                  0
 PROPOSAL DENSITY SCALING RANGE
              (ISCALE_MIN, ISCALE_MAX):     1.000000000000000E-06   ,1000000.00000000
 SAMPLE ACCEPTANCE RATE (IACCEPT):          0.400000000000000
 METROPOLIS HASTINGS SAMPLING FOR INDIVIDUAL ETAS:
 SAMPLES FOR GLOBAL SEARCH KERNEL (ISAMPLE_M1):          2
 SAMPLES FOR NEIGHBOR SEARCH KERNEL (ISAMPLE_M1A):       0
 SAMPLES FOR MASS/IMP/POST. MATRIX SEARCH (ISAMPLE_M1B): 2
 SAMPLES FOR LOCAL SEARCH KERNEL (ISAMPLE_M2):           2
 SAMPLES FOR LOCAL UNIVARIATE KERNEL (ISAMPLE_M3):       2
 PWR. WT. MASS/IMP/POST MATRIX ACCUM. FOR ETAS (IKAPPA): 1.00000000000000
 MASS/IMP./POST. MATRIX REFRESH SETTING (MASSREST):      -1


 THE FOLLOWING LABELS ARE EQUIVALENT
 PRED=PREDI
 RES=RESI
 WRES=WRESI
 IWRS=IWRESI
 IPRD=IPREDI
 IRS=IRESI

 EM/BAYES SETUP:
 THETAS THAT ARE MU MODELED:
 
 THETAS THAT ARE SIGMA-LIKE:
 

 MONITORING OF SEARCH:

 Stochastic/Burn-in Mode
 iteration        -3000  SAEMOBJ=   37880.578399081634
 iteration        -2900  SAEMOBJ=   1846.5868019483805
 iteration        -2800  SAEMOBJ=   1803.9301845207769
 iteration        -2700  SAEMOBJ=   1793.4661022146297
 iteration        -2600  SAEMOBJ=   1789.4145479491244
 iteration        -2500  SAEMOBJ=   1771.8414655524170
 iteration        -2400  SAEMOBJ=   1764.4580606418540
 iteration        -2300  SAEMOBJ=   1738.7379230075364
 iteration        -2200  SAEMOBJ=   1705.1626265934003
 iteration        -2100  SAEMOBJ=   1710.4777395578108
 iteration        -2000  SAEMOBJ=   1702.2020099146439
 iteration        -1900  SAEMOBJ=   1702.8508244576724
 iteration        -1800  SAEMOBJ=   1706.4367149698164
 iteration        -1700  SAEMOBJ=   1710.4213136960898
 iteration        -1600  SAEMOBJ=   1699.1655910586092
 iteration        -1500  SAEMOBJ=   1708.0297627066129
 iteration        -1400  SAEMOBJ=   1701.0693388642915
 iteration        -1300  SAEMOBJ=   1701.2800974382849
 iteration        -1200  SAEMOBJ=   1697.5203293273767
 iteration        -1100  SAEMOBJ=   1715.8633935388571
 iteration        -1000  SAEMOBJ=   1705.9219595223985
 iteration         -900  SAEMOBJ=   1691.5933361823097
 iteration         -800  SAEMOBJ=   1697.8799136093803
 iteration         -700  SAEMOBJ=   1712.2131501803538
 iteration         -600  SAEMOBJ=   1710.1900860965206
 iteration         -500  SAEMOBJ=   1705.9712386624797
 iteration         -400  SAEMOBJ=   1701.9836121626645
 iteration         -300  SAEMOBJ=   1710.8050769579904
 iteration         -200  SAEMOBJ=   1718.5581483632436
 iteration         -100  SAEMOBJ=   1704.8164428289460
 Reduced Stochastic/Accumulation Mode
 iteration            0  SAEMOBJ=   1701.8140876425045
 iteration          100  SAEMOBJ=   1695.2589557238061
 iteration          200  SAEMOBJ=   1696.2809244506909
 iteration          300  SAEMOBJ=   1696.5469676726989
 iteration          400  SAEMOBJ=   1696.0310092094303
 iteration          500  SAEMOBJ=   1695.9461639440856

 #TERM:
 STOCHASTIC PORTION WAS NOT TESTED FOR CONVERGENCE
 REDUCED STOCHASTIC PORTION WAS COMPLETED

 ETABAR IS THE ARITHMETIC MEAN OF THE ETA-ESTIMATES,
 AND THE P-VALUE IS GIVEN FOR THE NULL HYPOTHESIS THAT THE TRUE MEAN IS 0.

 ETABAR:        -1.0072E-02 -2.0854E-02
 SE:             4.9063E-02  5.9873E-02
 N:                      40          40

 P VAL.:         8.3734E-01  7.2760E-01

 ETASHRINKSD(%)  5.6121E+00  8.8355E-01
 ETASHRINKVR(%)  1.0909E+01  1.7593E+00
 EBVSHRINKSD(%)  5.5549E+00  7.3445E-01
 EBVSHRINKVR(%)  1.0801E+01  1.4635E+00
 EPSSHRINKSD(%)  4.9227E+00
 EPSSHRINKVR(%)  9.6031E+00

  
 TOTAL DATA POINTS NORMALLY DISTRIBUTED (N):          760
 N*LOG(2PI) CONSTANT TO OBJECTIVE FUNCTION:    1396.7865704711026     
 OBJECTIVE FUNCTION VALUE WITHOUT CONSTANT:    1695.9461639440856     
 OBJECTIVE FUNCTION VALUE WITH CONSTANT:       3092.7327344151881     
 REPORTED OBJECTIVE FUNCTION DOES NOT CONTAIN CONSTANT
  
 TOTAL EFFECTIVE ETAS (NIND*NETA):                            80
 NIND*NETA*LOG(2PI) CONSTANT TO OBJECTIVE FUNCTION:    147.03016531274761     
 OBJECTIVE FUNCTION VALUE WITHOUT CONSTANT:    1695.9461639440856     
 OBJECTIVE FUNCTION VALUE WITH CONSTANT:       1842.9763292568332     
 REPORTED OBJECTIVE FUNCTION DOES NOT CONTAIN CONSTANT
  
 #TERE:
 Elapsed estimation  time in seconds:   114.15
 Elapsed covariance  time in seconds:     0.02
1
 
 
 
 
 
 
 
 
 
 
 
 
 
 
 
 
 
 
 
 
 ************************************************************************************************************************
 ********************                                                                                ********************
 ********************                STOCHASTIC APPROXIMATION EXPECTATION-MAXIMIZATION               ********************
 #OBJT:**************                        FINAL VALUE OF LIKELIHOOD FUNCTION                      ********************
 ********************                                                                                ********************
 ************************************************************************************************************************
 





 #OBJV:********************************************     1695.946       **************************************************
1
 ************************************************************************************************************************
 ********************                                                                                ********************
 ********************                STOCHASTIC APPROXIMATION EXPECTATION-MAXIMIZATION               ********************
 ********************                             FINAL PARAMETER ESTIMATE                           ********************
 ********************                                                                                ********************
 ************************************************************************************************************************
 


 THETA - VECTOR OF FIXED EFFECTS PARAMETERS   *********


         TH 1      TH 2      TH 3      TH 4      TH 5      TH 6     
 
         2.27E+00  5.48E+01  4.78E+02  7.17E-02  1.08E+00  7.50E-01
 


 OMEGA - COV MATRIX FOR RANDOM EFFECTS - ETAS  ********


         ETA1      ETA2     
 
 ETA1
+        1.11E-01
 
 ETA2
+        0.00E+00  1.50E-01
 


 SIGMA - COV MATRIX FOR RANDOM EFFECTS - EPSILONS  ****


         EPS1     
 
 EPS1
+        1.00E+00
 
1


 OMEGA - CORR MATRIX FOR RANDOM EFFECTS - ETAS  *******


         ETA1      ETA2     
 
 ETA1
+        3.33E-01
 
 ETA2
+        0.00E+00  3.87E-01
 


 SIGMA - CORR MATRIX FOR RANDOM EFFECTS - EPSILONS  ***


         EPS1     
 
 EPS1
+        1.00E+00
 
1
 ************************************************************************************************************************
 ********************                                                                                ********************
 ********************                STOCHASTIC APPROXIMATION EXPECTATION-MAXIMIZATION               ********************
 ********************                          STANDARD ERROR OF ESTIMATE (S)                        ********************
 ********************                                                                                ********************
 ************************************************************************************************************************
 


 THETA - VECTOR OF FIXED EFFECTS PARAMETERS   *********


         TH 1      TH 2      TH 3      TH 4      TH 5      TH 6     
 
         6.46E-02  3.45E+00  2.90E+01  7.48E-03  9.61E-02  0.00E+00
 


 OMEGA - COV MATRIX FOR RANDOM EFFECTS - ETAS  ********


         ETA1      ETA2     
 
 ETA1
+        4.35E-02
 
 ETA2
+        0.00E+00  5.19E-02
 


 SIGMA - COV MATRIX FOR RANDOM EFFECTS - EPSILONS  ****


         EPS1     
 
 EPS1
+        0.00E+00
 
1


 OMEGA - CORR MATRIX FOR RANDOM EFFECTS - ETAS  *******


         ETA1      ETA2     
 
 ETA1
+        6.53E-02
 
 ETA2
+       .........  6.71E-02
 


 SIGMA - CORR MATRIX FOR RANDOM EFFECTS - EPSILONS  ***


         EPS1     
 
 EPS1
+       .........
 
1
 ************************************************************************************************************************
 ********************                                                                                ********************
 ********************                STOCHASTIC APPROXIMATION EXPECTATION-MAXIMIZATION               ********************
 ********************                        COVARIANCE MATRIX OF ESTIMATE (S)                       ********************
 ********************                                                                                ********************
 ************************************************************************************************************************
 

            TH 1      TH 2      TH 3      TH 4      TH 5      TH 6      OM11      OM12      OM22      SG11  
 
 TH 1
+        4.17E-03
 
 TH 2
+       -4.79E-03  1.19E+01
 
 TH 3
+        5.31E-01  6.17E+00  8.43E+02
 
 TH 4
+        6.73E-05  5.58E-03 -3.26E-02  5.60E-05
 
 TH 5
+       -1.07E-03  2.51E-03  4.07E-02 -5.62E-04  9.23E-03
 
 TH 6
+       ......... ......... ......... ......... ......... .........
 
 OM11
+        5.30E-04  2.31E-02  1.61E-01 -4.86E-05  4.32E-04  0.00E+00  1.89E-03
 
 OM12
+       ......... ......... ......... ......... ......... ......... ......... .........
 
 OM22
+       -4.64E-04 -6.03E-02 -7.86E-03 -1.84E-05  2.63E-05  0.00E+00  3.49E-05  0.00E+00  2.70E-03
 
 SG11
+       ......... ......... ......... ......... ......... ......... ......... ......... ......... .........
 
1
 ************************************************************************************************************************
 ********************                                                                                ********************
 ********************                STOCHASTIC APPROXIMATION EXPECTATION-MAXIMIZATION               ********************
 ********************                        CORRELATION MATRIX OF ESTIMATE (S)                      ********************
 ********************                                                                                ********************
 ************************************************************************************************************************
 

            TH 1      TH 2      TH 3      TH 4      TH 5      TH 6      OM11      OM12      OM22      SG11  
 
 TH 1
+        6.46E-02
 
 TH 2
+       -2.15E-02  3.45E+00
 
 TH 3
+        2.83E-01  6.15E-02  2.90E+01
 
 TH 4
+        1.39E-01  2.16E-01 -1.50E-01  7.48E-03
 
 TH 5
+       -1.72E-01  7.57E-03  1.46E-02 -7.81E-01  9.61E-02
 
 TH 6
+       ......... ......... ......... ......... ......... .........
 
 OM11
+        1.89E-01  1.54E-01  1.27E-01 -1.49E-01  1.04E-01  0.00E+00  4.35E-02
 
 OM12
+       ......... ......... ......... ......... ......... ......... ......... .........
 
 OM22
+       -1.38E-01 -3.36E-01 -5.21E-03 -4.74E-02  5.27E-03  0.00E+00  1.55E-02  0.00E+00  5.19E-02
 
 SG11
+       ......... ......... ......... ......... ......... ......... ......... ......... ......... .........
 
1
 ************************************************************************************************************************
 ********************                                                                                ********************
 ********************                STOCHASTIC APPROXIMATION EXPECTATION-MAXIMIZATION               ********************
 ********************                    INVERSE COVARIANCE MATRIX OF ESTIMATE (S)                   ********************
 ********************                                                                                ********************
 ************************************************************************************************************************
 

            TH 1      TH 2      TH 3      TH 4      TH 5      TH 6      OM11      OM12      OM22      SG11  
 
 TH 1
+        2.97E+02
 
 TH 2
+        1.07E+00  1.20E-01
 
 TH 3
+       -2.00E-01 -2.39E-03  1.42E-03
 
 TH 4
+       -6.34E+02 -3.50E+01  2.57E+00  5.95E+04
 
 TH 5
+        8.14E-01 -1.94E+00  1.28E-01  3.49E+03  3.20E+02
 
 TH 6
+       ......... ......... ......... ......... ......... .........
 
 OM11
+       -9.73E+01 -2.07E+00  2.79E-03  1.13E+03  2.97E+01  0.00E+00  6.04E+02
 
 OM12
+       ......... ......... ......... ......... ......... ......... ......... .........
 
 OM22
+        7.15E+01  2.66E+00 -6.76E-02 -5.28E+02 -2.25E+01  0.00E+00 -6.34E+01  0.00E+00  4.40E+02
 
 SG11
+       ......... ......... ......... ......... ......... ......... ......... ......... ......... .........
 
1
 
 
 
 
 
 
 
 
 
 
 
 
 
 
 
 
 
 
 
 
 ************************************************************************************************************************
 ********************                                                                                ********************
 ********************                STOCHASTIC APPROXIMATION EXPECTATION-MAXIMIZATION               ********************
 ********************                    EIGENVALUES OF COR MATRIX OF ESTIMATE (S)                   ********************
 ********************                                                                                ********************
 ************************************************************************************************************************
 

             1         2         3         4         5         6         7
 
         1.64E-01  5.05E-01  7.75E-01  9.13E-01  1.25E+00  1.50E+00  1.89E+00
 
1


 #TBLN:      2
 #METH: Objective Function Evaluation by Importance Sampling (No Prior)

 ESTIMATION STEP OMITTED:                 NO
 ANALYSIS TYPE:                           POPULATION
 NUMBER OF SADDLE POINT RESET ITERATIONS:      0
 GRADIENT METHOD USED:               NOSLOW
 CONDITIONAL ESTIMATES USED:              YES
 CENTERED ETA:                            NO
 EPS-ETA INTERACTION:                     YES
 LAPLACIAN OBJ. FUNC.:                    NO
 NO. OF FUNCT. EVALS. ALLOWED:            528
 NO. OF SIG. FIGURES REQUIRED:            3
 INTERMEDIATE PRINTOUT:                   YES
 ESTIMATE OUTPUT TO MSF:                  NO
 IND. OBJ. FUNC. VALUES SORTED:           NO
 NUMERICAL DERIVATIVE
       FILE REQUEST (NUMDER):               NONE
 MAP (ETAHAT) ESTIMATION METHOD (OPTMAP):   0
 ETA HESSIAN EVALUATION METHOD (ETADER):    0
 INITIAL ETA FOR MAP ESTIMATION (MCETA):    0
 SIGDIGITS FOR MAP ESTIMATION (SIGLO):      8
 GRADIENT SIGDIGITS OF
       FIXED EFFECTS PARAMETERS (SIGL):     8
 NOPRIOR SETTING (NOPRIOR):                 ON
 NOCOV SETTING (NOCOV):                     OFF
 DERCONT SETTING (DERCONT):                 OFF
 FINAL ETA RE-EVALUATION (FNLETA):          ON
 EXCLUDE NON-INFLUENTIAL (NON-INFL.) ETAS
       IN SHRINKAGE (ETASTYPE):             NO
 NON-INFL. ETA CORRECTION (NONINFETA):      OFF
 RAW OUTPUT FILE (FILE): psn.ext
 EXCLUDE TITLE (NOTITLE):                   NO
 EXCLUDE COLUMN LABELS (NOLABEL):           NO
 FORMAT FOR ADDITIONAL FILES (FORMAT):      S1PE12.5
 PARAMETER ORDER FOR OUTPUTS (ORDER):       TSOL
 WISHART PRIOR DF INTERPRETATION (WISHTYPE):0
 KNUTHSUMOFF:                               0
 INCLUDE LNTWOPI:                           NO
 INCLUDE CONSTANT TERM TO PRIOR (PRIORC):   NO
 INCLUDE CONSTANT TERM TO OMEGA (ETA) (OLNTWOPI):NO
 EM OR BAYESIAN METHOD USED:                IMPORTANCE SAMPLING (IMP)
 MU MODELING PATTERN (MUM):
 GRADIENT/GIBBS PATTERN (GRD):
 AUTOMATIC SETTING FEATURE (AUTO):          OFF
 CONVERGENCE TYPE (CTYPE):                  0
 ITERATIONS (NITER):                        5
 ANEAL SETTING (CONSTRAIN):                 1
 STARTING SEED FOR MC METHODS (SEED):       11456
 MC SAMPLES PER SUBJECT (ISAMPLE):          3000
 RANDOM SAMPLING METHOD (RANMETHOD):        3U
 EXPECTATION ONLY (EONLY):                  1
 PROPOSAL DENSITY SCALING RANGE
              (ISCALE_MIN, ISCALE_MAX):     0.100000000000000       ,10.0000000000000
 SAMPLE ACCEPTANCE RATE (IACCEPT):          0.400000000000000
 LONG TAIL SAMPLE ACCEPT. RATE (IACCEPTL):   0.00000000000000
 T-DIST. PROPOSAL DENSITY (DF):             0
 NO. ITERATIONS FOR MAP (MAPITER):          1
 INTERVAL ITER. FOR MAP (MAPINTER):         0
 MAP COVARIANCE/MODE SETTING (MAPCOV):      1
 Gradient Quick Value (GRDQ):               0.00000000000000


 THE FOLLOWING LABELS ARE EQUIVALENT
 PRED=PREDI
 RES=RESI
 WRES=WRESI
 IWRS=IWRESI
 IPRD=IPREDI
 IRS=IRESI

 EM/BAYES SETUP:
 THETAS THAT ARE MU MODELED:
 
 THETAS THAT ARE SIGMA-LIKE:
 

 MONITORING OF SEARCH:

 iteration            0  OBJ=   2077.1920270682263 eff.=    3004. Smpl.=    3000. Fit.= 0.98805
 iteration            1  OBJ=   2077.0723482662670 eff.=    1196. Smpl.=    3000. Fit.= 0.78695
 iteration            2  OBJ=   2077.2455747809768 eff.=    1186. Smpl.=    3000. Fit.= 0.78590
 iteration            3  OBJ=   2077.1926180905630 eff.=    1191. Smpl.=    3000. Fit.= 0.78616
 iteration            4  OBJ=   2077.0185696677154 eff.=    1195. Smpl.=    3000. Fit.= 0.78625
 iteration            5  OBJ=   2077.2857489731441 eff.=    1193. Smpl.=    3000. Fit.= 0.78701

 #TERM:
 EXPECTATION ONLY PROCESS COMPLETED


 ETABAR IS THE ARITHMETIC MEAN OF THE ETA-ESTIMATES,
 AND THE P-VALUE IS GIVEN FOR THE NULL HYPOTHESIS THAT THE TRUE MEAN IS 0.

 ETABAR:        -1.0684E-02 -2.0610E-02
 SE:             4.9230E-02  5.9971E-02
 N:                      40          40

 P VAL.:         8.2818E-01  7.3110E-01

 ETASHRINKSD(%)  5.2898E+00  7.2022E-01
 ETASHRINKVR(%)  1.0300E+01  1.4352E+00
 EBVSHRINKSD(%)  5.4953E+00  7.3401E-01
 EBVSHRINKVR(%)  1.0689E+01  1.4626E+00
 EPSSHRINKSD(%)  4.9487E+00
 EPSSHRINKVR(%)  9.6525E+00

  
 TOTAL DATA POINTS NORMALLY DISTRIBUTED (N):          760
 N*LOG(2PI) CONSTANT TO OBJECTIVE FUNCTION:    1396.7865704711026     
 OBJECTIVE FUNCTION VALUE WITHOUT CONSTANT:    2077.2857489731441     
 OBJECTIVE FUNCTION VALUE WITH CONSTANT:       3474.0723194442467     
 REPORTED OBJECTIVE FUNCTION DOES NOT CONTAIN CONSTANT
  
 TOTAL EFFECTIVE ETAS (NIND*NETA):                            80
  
 #TERE:
 Elapsed estimation  time in seconds:    13.43
 Elapsed covariance  time in seconds:   179.07
1
 
 
 
 
 
 
 
 
 
 
 
 
 
 
 
 
 
 
 
 
 ************************************************************************************************************************
 ********************                                                                                ********************
 ********************         OBJECTIVE FUNCTION EVALUATION BY IMPORTANCE SAMPLING (NO PRIOR)        ********************
 #OBJT:**************                        FINAL VALUE OF OBJECTIVE FUNCTION                       ********************
 ********************                                                                                ********************
 ************************************************************************************************************************
 





 #OBJV:********************************************     2077.286       **************************************************
1
 ************************************************************************************************************************
 ********************                                                                                ********************
 ********************         OBJECTIVE FUNCTION EVALUATION BY IMPORTANCE SAMPLING (NO PRIOR)        ********************
 ********************                             FINAL PARAMETER ESTIMATE                           ********************
 ********************                                                                                ********************
 ************************************************************************************************************************
 


 THETA - VECTOR OF FIXED EFFECTS PARAMETERS   *********


         TH 1      TH 2      TH 3      TH 4      TH 5      TH 6     
 
         2.27E+00  5.48E+01  4.78E+02  7.17E-02  1.08E+00  7.50E-01
 


 OMEGA - COV MATRIX FOR RANDOM EFFECTS - ETAS  ********


         ETA1      ETA2     
 
 ETA1
+        1.11E-01
 
 ETA2
+        0.00E+00  1.50E-01
 


 SIGMA - COV MATRIX FOR RANDOM EFFECTS - EPSILONS  ****


         EPS1     
 
 EPS1
+        1.00E+00
 
1


 OMEGA - CORR MATRIX FOR RANDOM EFFECTS - ETAS  *******


         ETA1      ETA2     
 
 ETA1
+        3.33E-01
 
 ETA2
+        0.00E+00  3.87E-01
 


 SIGMA - CORR MATRIX FOR RANDOM EFFECTS - EPSILONS  ***


         EPS1     
 
 EPS1
+        1.00E+00
 
1
 ************************************************************************************************************************
 ********************                                                                                ********************
 ********************         OBJECTIVE FUNCTION EVALUATION BY IMPORTANCE SAMPLING (NO PRIOR)        ********************
 ********************                         STANDARD ERROR OF ESTIMATE (RSR)                       ********************
 ********************                                                                                ********************
 ************************************************************************************************************************
 


 THETA - VECTOR OF FIXED EFFECTS PARAMETERS   *********


         TH 1      TH 2      TH 3      TH 4      TH 5      TH 6     
 
         7.98E-02  3.18E+00  2.51E+01  8.21E-03  8.51E-02  0.00E+00
 


 OMEGA - COV MATRIX FOR RANDOM EFFECTS - ETAS  ********


         ETA1      ETA2     
 
 ETA1
+        1.92E-02
 
 ETA2
+        0.00E+00  2.30E-02
 


 SIGMA - COV MATRIX FOR RANDOM EFFECTS - EPSILONS  ****


         EPS1     
 
 EPS1
+        0.00E+00
 
1


 OMEGA - CORR MATRIX FOR RANDOM EFFECTS - ETAS  *******


         ETA1      ETA2     
 
 ETA1
+        2.88E-02
 
 ETA2
+       .........  2.97E-02
 


 SIGMA - CORR MATRIX FOR RANDOM EFFECTS - EPSILONS  ***


         EPS1     
 
 EPS1
+       .........
 
1
 ************************************************************************************************************************
 ********************                                                                                ********************
 ********************         OBJECTIVE FUNCTION EVALUATION BY IMPORTANCE SAMPLING (NO PRIOR)        ********************
 ********************                       COVARIANCE MATRIX OF ESTIMATE (RSR)                      ********************
 ********************                                                                                ********************
 ************************************************************************************************************************
 

            TH 1      TH 2      TH 3      TH 4      TH 5      TH 6      OM11      OM12      OM22      SG11  
 
 TH 1
+        6.36E-03
 
 TH 2
+       -7.26E-03  1.01E+01
 
 TH 3
+       -1.22E-01  4.40E+00  6.30E+02
 
 TH 4
+       -1.19E-04 -7.09E-03  4.99E-02  6.73E-05
 
 TH 5
+        1.26E-03  4.25E-02 -3.42E-01 -5.98E-04  7.24E-03
 
 TH 6
+       ......... ......... ......... ......... ......... .........
 
 OM11
+       -2.53E-04 -1.42E-02 -8.13E-02  3.44E-05 -2.95E-04  0.00E+00  3.68E-04
 
 OM12
+       ......... ......... ......... ......... ......... ......... ......... .........
 
 OM22
+        2.46E-04  1.72E-02 -3.16E-03 -2.16E-05  1.96E-04  0.00E+00 -5.12E-05  0.00E+00  5.29E-04
 
 SG11
+       ......... ......... ......... ......... ......... ......... ......... ......... ......... .........
 
1
 ************************************************************************************************************************
 ********************                                                                                ********************
 ********************         OBJECTIVE FUNCTION EVALUATION BY IMPORTANCE SAMPLING (NO PRIOR)        ********************
 ********************                       CORRELATION MATRIX OF ESTIMATE (RSR)                     ********************
 ********************                                                                                ********************
 ************************************************************************************************************************
 

            TH 1      TH 2      TH 3      TH 4      TH 5      TH 6      OM11      OM12      OM22      SG11  
 
 TH 1
+        7.98E-02
 
 TH 2
+       -2.86E-02  3.18E+00
 
 TH 3
+       -6.08E-02  5.51E-02  2.51E+01
 
 TH 4
+       -1.81E-01 -2.71E-01  2.43E-01  8.21E-03
 
 TH 5
+        1.85E-01  1.57E-01 -1.60E-01 -8.57E-01  8.51E-02
 
 TH 6
+       ......... ......... ......... ......... ......... .........
 
 OM11
+       -1.65E-01 -2.32E-01 -1.69E-01  2.18E-01 -1.80E-01  0.00E+00  1.92E-02
 
 OM12
+       ......... ......... ......... ......... ......... ......... ......... .........
 
 OM22
+        1.34E-01  2.35E-01 -5.47E-03 -1.14E-01  9.99E-02  0.00E+00 -1.16E-01  0.00E+00  2.30E-02
 
 SG11
+       ......... ......... ......... ......... ......... ......... ......... ......... ......... .........
 
1
 ************************************************************************************************************************
 ********************                                                                                ********************
 ********************         OBJECTIVE FUNCTION EVALUATION BY IMPORTANCE SAMPLING (NO PRIOR)        ********************
 ********************                   INVERSE COVARIANCE MATRIX OF ESTIMATE (RSR)                  ********************
 ********************                                                                                ********************
 ************************************************************************************************************************
 

            TH 1      TH 2      TH 3      TH 4      TH 5      TH 6      OM11      OM12      OM22      SG11  
 
 TH 1
+        1.71E+02
 
 TH 2
+        5.47E-01  1.21E-01
 
 TH 3
+        2.45E-02 -1.54E-03  1.83E-03
 
 TH 4
+        1.39E+02  2.38E+01 -2.80E+00  6.50E+04
 
 TH 5
+       -1.37E+01  1.30E+00 -1.19E-01  5.02E+03  5.41E+02
 
 TH 6
+       ......... ......... ......... ......... ......... .........
 
 OM11
+        1.09E+02  3.03E+00  5.32E-01 -1.70E+03 -2.58E+01  0.00E+00  3.18E+03
 
 OM12
+       ......... ......... ......... ......... ......... ......... ......... .........
 
 OM22
+       -7.58E+01 -3.41E+00  3.11E-02 -2.19E+02 -3.47E+01  0.00E+00  1.02E+02  0.00E+00  2.05E+03
 
 SG11
+       ......... ......... ......... ......... ......... ......... ......... ......... ......... .........
 
1
 
 
 
 
 
 
 
 
 
 
 
 
 
 
 
 
 
 
 
 
 ************************************************************************************************************************
 ********************                                                                                ********************
 ********************         OBJECTIVE FUNCTION EVALUATION BY IMPORTANCE SAMPLING (NO PRIOR)        ********************
 ********************                   EIGENVALUES OF COR MATRIX OF ESTIMATE (RSR)                  ********************
 ********************                                                                                ********************
 ************************************************************************************************************************
 

             1         2         3         4         5         6         7
 
         1.28E-01  6.29E-01  7.05E-01  9.78E-01  1.02E+00  1.32E+00  2.22E+00
 
1


 #TBLN:      3
 #METH: First Order Conditional Estimation with Interaction (No Prior)

 ESTIMATION STEP OMITTED:                 NO
 ANALYSIS TYPE:                           POPULATION
 NUMBER OF SADDLE POINT RESET ITERATIONS:      0
 GRADIENT METHOD USED:               NOSLOW
 CONDITIONAL ESTIMATES USED:              YES
 CENTERED ETA:                            NO
 EPS-ETA INTERACTION:                     YES
 LAPLACIAN OBJ. FUNC.:                    NO
 NO. OF FUNCT. EVALS. ALLOWED:            9999
 NO. OF SIG. FIGURES REQUIRED:            3
 INTERMEDIATE PRINTOUT:                   YES
 ESTIMATE OUTPUT TO MSF:                  NO
 ABORT WITH PRED EXIT CODE 1:             NO
 IND. OBJ. FUNC. VALUES SORTED:           NO
 NUMERICAL DERIVATIVE
       FILE REQUEST (NUMDER):               NONE
 MAP (ETAHAT) ESTIMATION METHOD (OPTMAP):   0
 ETA HESSIAN EVALUATION METHOD (ETADER):    0
 INITIAL ETA FOR MAP ESTIMATION (MCETA):    0
 SIGDIGITS FOR MAP ESTIMATION (SIGLO):      8
 GRADIENT SIGDIGITS OF
       FIXED EFFECTS PARAMETERS (SIGL):     8
 NOPRIOR SETTING (NOPRIOR):                 ON
 NOCOV SETTING (NOCOV):                     OFF
 DERCONT SETTING (DERCONT):                 OFF
 FINAL ETA RE-EVALUATION (FNLETA):          ON
 EXCLUDE NON-INFLUENTIAL (NON-INFL.) ETAS
       IN SHRINKAGE (ETASTYPE):             NO
 NON-INFL. ETA CORRECTION (NONINFETA):      OFF
 RAW OUTPUT FILE (FILE): psn.ext
 EXCLUDE TITLE (NOTITLE):                   NO
 EXCLUDE COLUMN LABELS (NOLABEL):           NO
 FORMAT FOR ADDITIONAL FILES (FORMAT):      S1PE12.5
 PARAMETER ORDER FOR OUTPUTS (ORDER):       TSOL
 WISHART PRIOR DF INTERPRETATION (WISHTYPE):0
 KNUTHSUMOFF:                               0
 INCLUDE LNTWOPI:                           NO
 INCLUDE CONSTANT TERM TO PRIOR (PRIORC):   NO
 INCLUDE CONSTANT TERM TO OMEGA (ETA) (OLNTWOPI):NO
 ADDITIONAL CONVERGENCE TEST (CTYPE=4)?:    NO
 EM OR BAYESIAN METHOD USED:                 NONE


 THE FOLLOWING LABELS ARE EQUIVALENT
 PRED=PREDI
 RES=RESI
 WRES=WRESI
 IWRS=IWRESI
 IPRD=IPREDI
 IRS=IRESI

 MONITORING OF SEARCH:


0ITERATION NO.:    0    OBJECTIVE VALUE:   2077.25466343579        NO. OF FUNC. EVALS.:   7
 CUMULATIVE NO. OF FUNC. EVALS.:        7
 NPARAMETR:  2.2699E+00  5.4759E+01  4.7784E+02  7.1666E-02  1.0848E+00  1.1085E-01  1.4970E-01
 PARAMETER:  1.0000E-01  1.0000E-01  1.0000E-01  1.0000E-01  1.0000E-01  1.0000E-01  1.0000E-01
 GRADIENT:  -5.4635E+00  2.9576E+00  1.2554E+01 -1.5682E+01 -3.0681E+01  2.4168E+00  1.7681E+00

0ITERATION NO.:    5    OBJECTIVE VALUE:   2077.12445859189        NO. OF FUNC. EVALS.:  57
 CUMULATIVE NO. OF FUNC. EVALS.:       64
 NPARAMETR:  2.2742E+00  5.4454E+01  4.6657E+02  7.1346E-02  1.0921E+00  1.0958E-01  1.4841E-01
 PARAMETER:  1.0192E-01  9.4423E-02  7.6136E-02  9.9554E-02  1.0068E-01  9.4251E-02  9.5676E-02
 GRADIENT:   5.4897E-01 -7.8786E-01 -2.5708E-01  1.1265E+00  7.5597E+00  1.6991E+00  1.3179E+00

0ITERATION NO.:   10    OBJECTIVE VALUE:   2077.10437506377        NO. OF FUNC. EVALS.:  44
 CUMULATIVE NO. OF FUNC. EVALS.:      108
 NPARAMETR:  2.2739E+00  5.4531E+01  4.6688E+02  7.1470E-02  1.0904E+00  1.0637E-01  1.4559E-01
 PARAMETER:  1.0177E-01  9.5824E-02  7.6791E-02  9.9726E-02  1.0051E-01  7.9380E-02  8.6098E-02
 GRADIENT:   2.4641E-01 -1.3141E-02  9.1416E-02  1.6750E-01  1.3942E+00 -1.8167E-01 -1.3815E-01

0ITERATION NO.:   14    OBJECTIVE VALUE:   2077.10009921903        NO. OF FUNC. EVALS.:  64
 CUMULATIVE NO. OF FUNC. EVALS.:      172
 NPARAMETR:  2.2741E+00  5.4571E+01  4.6864E+02  7.1495E-02  1.0906E+00  1.0666E-01  1.4584E-01
 PARAMETER:  1.0188E-01  9.6557E-02  8.0551E-02  9.9762E-02  1.0053E-01  8.0748E-02  8.6947E-02
 GRADIENT:   1.0979E-04 -1.1307E-04 -3.3269E-04  6.2960E-05 -1.0813E-05 -1.9353E-05 -6.1727E-04

 #TERM:
0MINIMIZATION SUCCESSFUL
 NO. OF FUNCTION EVALUATIONS USED:      172
 NO. OF SIG. DIGITS IN FINAL EST.:  4.4

 ETABAR IS THE ARITHMETIC MEAN OF THE ETA-ESTIMATES,
 AND THE P-VALUE IS GIVEN FOR THE NULL HYPOTHESIS THAT THE TRUE MEAN IS 0.

 ETABAR:         3.5575E-03 -2.6790E-03
 SE:             4.8468E-02  5.9706E-02
 N:                      40          40

 P VAL.:         9.4149E-01  9.6421E-01

 ETASHRINKSD(%)  4.9442E+00  1.0000E-10
 ETASHRINKVR(%)  9.6439E+00  1.0000E-10
 EBVSHRINKSD(%)  5.4632E+00  7.5391E-01
 EBVSHRINKVR(%)  1.0628E+01  1.5021E+00
 EPSSHRINKSD(%)  5.0215E+00
 EPSSHRINKVR(%)  9.7908E+00

  
 TOTAL DATA POINTS NORMALLY DISTRIBUTED (N):          760
 N*LOG(2PI) CONSTANT TO OBJECTIVE FUNCTION:    1396.7865704711026     
 OBJECTIVE FUNCTION VALUE WITHOUT CONSTANT:    2077.1000992190334     
 OBJECTIVE FUNCTION VALUE WITH CONSTANT:       3473.8866696901359     
 REPORTED OBJECTIVE FUNCTION DOES NOT CONTAIN CONSTANT
  
 TOTAL EFFECTIVE ETAS (NIND*NETA):                            80
  
 #TERE:
 Elapsed estimation  time in seconds:     1.34
 Elapsed covariance  time in seconds:     1.09
 Elapsed postprocess time in seconds:     0.03
1
 
 
 
 
 
 
 
 
 
 
 
 
 
 
 
 
 
 
 
 
 ************************************************************************************************************************
 ********************                                                                                ********************
 ********************          FIRST ORDER CONDITIONAL ESTIMATION WITH INTERACTION (NO PRIOR)        ********************
 #OBJT:**************                       MINIMUM VALUE OF OBJECTIVE FUNCTION                      ********************
 ********************                                                                                ********************
 ************************************************************************************************************************
 





 #OBJV:********************************************     2077.100       **************************************************
1
 ************************************************************************************************************************
 ********************                                                                                ********************
 ********************          FIRST ORDER CONDITIONAL ESTIMATION WITH INTERACTION (NO PRIOR)        ********************
 ********************                             FINAL PARAMETER ESTIMATE                           ********************
 ********************                                                                                ********************
 ************************************************************************************************************************
 


 THETA - VECTOR OF FIXED EFFECTS PARAMETERS   *********


         TH 1      TH 2      TH 3      TH 4      TH 5      TH 6     
 
         2.27E+00  5.46E+01  4.69E+02  7.15E-02  1.09E+00  7.50E-01
 


 OMEGA - COV MATRIX FOR RANDOM EFFECTS - ETAS  ********


         ETA1      ETA2     
 
 ETA1
+        1.07E-01
 
 ETA2
+        0.00E+00  1.46E-01
 


 SIGMA - COV MATRIX FOR RANDOM EFFECTS - EPSILONS  ****


         EPS1     
 
 EPS1
+        1.00E+00
 
1


 OMEGA - CORR MATRIX FOR RANDOM EFFECTS - ETAS  *******


         ETA1      ETA2     
 
 ETA1
+        3.27E-01
 
 ETA2
+        0.00E+00  3.82E-01
 


 SIGMA - CORR MATRIX FOR RANDOM EFFECTS - EPSILONS  ***


         EPS1     
 
 EPS1
+        1.00E+00
 
1
 ************************************************************************************************************************
 ********************                                                                                ********************
 ********************          FIRST ORDER CONDITIONAL ESTIMATION WITH INTERACTION (NO PRIOR)        ********************
 ********************                            STANDARD ERROR OF ESTIMATE                          ********************
 ********************                                                                                ********************
 ************************************************************************************************************************
 


 THETA - VECTOR OF FIXED EFFECTS PARAMETERS   *********


         TH 1      TH 2      TH 3      TH 4      TH 5      TH 6     
 
         8.04E-02  2.98E+00  2.83E+01  8.24E-03  8.56E-02 .........
 


 OMEGA - COV MATRIX FOR RANDOM EFFECTS - ETAS  ********


         ETA1      ETA2     
 
 ETA1
+        1.81E-02
 
 ETA2
+       .........  2.35E-02
 


 SIGMA - COV MATRIX FOR RANDOM EFFECTS - EPSILONS  ****


         EPS1     
 
 EPS1
+       .........
 
1


 OMEGA - CORR MATRIX FOR RANDOM EFFECTS - ETAS  *******


         ETA1      ETA2     
 
 ETA1
+        2.77E-02
 
 ETA2
+       .........  3.07E-02
 


 SIGMA - CORR MATRIX FOR RANDOM EFFECTS - EPSILONS  ***


         EPS1     
 
 EPS1
+       .........
 
1
 ************************************************************************************************************************
 ********************                                                                                ********************
 ********************          FIRST ORDER CONDITIONAL ESTIMATION WITH INTERACTION (NO PRIOR)        ********************
 ********************                          COVARIANCE MATRIX OF ESTIMATE                         ********************
 ********************                                                                                ********************
 ************************************************************************************************************************
 

            TH 1      TH 2      TH 3      TH 4      TH 5      TH 6      OM11      OM12      OM22      SG11  
 
 TH 1
+        6.47E-03
 
 TH 2
+       -4.70E-03  8.86E+00
 
 TH 3
+       -1.50E-01 -9.87E+00  8.01E+02
 
 TH 4
+       -1.23E-04 -6.39E-03  6.06E-02  6.79E-05
 
 TH 5
+        1.31E-03  3.37E-02 -4.17E-01 -6.04E-04  7.32E-03
 
 TH 6
+       ......... ......... ......... ......... ......... .........
 
 OM11
+       -2.90E-04 -1.02E-02 -4.83E-02  3.55E-05 -3.28E-04 .........  3.28E-04
 
 OM12
+       ......... ......... ......... ......... ......... ......... ......... .........
 
 OM22
+        2.29E-04  2.10E-02  2.96E-03 -1.87E-05  1.44E-04 ......... -5.28E-05 .........  5.51E-04
 
 SG11
+       ......... ......... ......... ......... ......... ......... ......... ......... ......... .........
 
1
 ************************************************************************************************************************
 ********************                                                                                ********************
 ********************          FIRST ORDER CONDITIONAL ESTIMATION WITH INTERACTION (NO PRIOR)        ********************
 ********************                          CORRELATION MATRIX OF ESTIMATE                        ********************
 ********************                                                                                ********************
 ************************************************************************************************************************
 

            TH 1      TH 2      TH 3      TH 4      TH 5      TH 6      OM11      OM12      OM22      SG11  
 
 TH 1
+        8.04E-02
 
 TH 2
+       -1.96E-02  2.98E+00
 
 TH 3
+       -6.60E-02 -1.17E-01  2.83E+01
 
 TH 4
+       -1.86E-01 -2.61E-01  2.60E-01  8.24E-03
 
 TH 5
+        1.91E-01  1.32E-01 -1.72E-01 -8.57E-01  8.56E-02
 
 TH 6
+       ......... ......... ......... ......... ......... .........
 
 OM11
+       -1.99E-01 -1.90E-01 -9.42E-02  2.38E-01 -2.11E-01 .........  1.81E-02
 
 OM12
+       ......... ......... ......... ......... ......... ......... ......... .........
 
 OM22
+        1.21E-01  3.00E-01  4.45E-03 -9.68E-02  7.19E-02 ......... -1.24E-01 .........  2.35E-02
 
 SG11
+       ......... ......... ......... ......... ......... ......... ......... ......... ......... .........
 
1
 ************************************************************************************************************************
 ********************                                                                                ********************
 ********************          FIRST ORDER CONDITIONAL ESTIMATION WITH INTERACTION (NO PRIOR)        ********************
 ********************                      INVERSE COVARIANCE MATRIX OF ESTIMATE                     ********************
 ********************                                                                                ********************
 ************************************************************************************************************************
 

            TH 1      TH 2      TH 3      TH 4      TH 5      TH 6      OM11      OM12      OM22      SG11  
 
 TH 1
+        1.70E+02
 
 TH 2
+        5.93E-01  1.41E-01
 
 TH 3
+        3.09E-02  1.04E-03  1.40E-03
 
 TH 4
+        1.25E+02  2.39E+01 -2.02E+00  6.39E+04
 
 TH 5
+       -1.36E+01  1.51E+00 -7.81E-02  4.96E+03  5.39E+02
 
 TH 6
+       ......... ......... ......... ......... ......... .........
 
 OM11
+        1.34E+02  3.22E+00  3.96E-01 -1.44E+03  2.00E+01 .........  3.52E+03
 
 OM12
+       ......... ......... ......... ......... ......... ......... ......... .........
 
 OM22
+       -7.24E+01 -4.90E+00 -7.02E-02 -2.19E+02 -2.22E+01 .........  1.03E+02 .........  2.04E+03
 
 SG11
+       ......... ......... ......... ......... ......... ......... ......... ......... ......... .........
 
1
 
 
 
 
 
 
 
 
 
 
 
 
 
 
 
 
 
 
 
 
 ************************************************************************************************************************
 ********************                                                                                ********************
 ********************          FIRST ORDER CONDITIONAL ESTIMATION WITH INTERACTION (NO PRIOR)        ********************
 ********************                      EIGENVALUES OF COR MATRIX OF ESTIMATE                     ********************
 ********************                                                                                ********************
 ************************************************************************************************************************
 

             1         2         3         4         5         6         7
 
         1.29E-01  5.81E-01  7.55E-01  9.29E-01  1.10E+00  1.25E+00  2.26E+00
 
 Elapsed finaloutput time in seconds:     0.46
 #CPUT: Total CPU Time in Seconds,      305.406
Stop Time: 
14/09/2023 
12:29
