19/08/2024 
17:02
;; 1. Based on: 105
;; 2. Description: 
;;    LAPLACE
;; 3. Label:
;;    
;; 4. Structural model:
;; 5. Covariate model:
;; 6. Inter-individual variability:
;; 7. Inter-occasion variability:
;; 8. Residual variability:
;; 9. Estimation:

$PROBLEM PK model 1 cmt base

$INPUT ID TIME MDV EVID DV AMT  SEX WT ETN	   
$DATA acop.csv IGNORE=@
$SUBROUTINES ADVAN2 TRANS2

$PK
ET=1
IF(ETN.EQ.3) ET=1.3
KA = THETA(1)
CL = THETA(2)*((WT/70)**THETA(6))*( THETA(7)**SEX) * EXP(ETA(1))
V = THETA(3)*EXP(ETA(2))
SC=V

$THETA
2.3 ; KA ; 1/h ; LIN ; Absorption Rate Constant
80.1 ; CL ; L/h ; LIN ; Clearance 
500 ; V2 ; L ; LIN ; Volume of Distribution
0 FIX  ; RUVp ;  ; LIN ; Proportional Error
4.12    ; RUVa ; ng/mL ; LIN ; Additive Error
0.75    ; CL-WT ;  ; LIN ; Power Scalar CL-WT
0.559   ; CL-SEX ; ; LIN ; Female CL Change

$OMEGA
0.123188     ; iiv CL
0.1537040     ; iiv V2  

$SIGMA	
1 FIX

$ERROR
IPRED = F
IRES = DV-IPRED
W = IPRED*THETA(4) + THETA(5)
IF (W.EQ.0) W = 1
IWRES = IRES/W
Y= IPRED+W*ERR(1)

$EST METHOD=1 INTER MAXEVAL=9999 SIG=3 PRINT=5 NOABORT POSTHOC LAPLACE
$COV PRINT=E UNCONDITIONAL

$TABLE ID TIME DV MDV EVID IPRED IWRES CWRES ONEHEADER NOPRINT FILE=sdtab107
$TABLE ID CL V ONEHEADER NOPRINT FILE=patab107
$TABLE ID SEX ETN ONEHEADER NOPRINT FILE=catab107
$TABLE ID WT ONEHEADER NOPRINT FILE=cotab107
  
NM-TRAN MESSAGES 
  
 WARNINGS AND ERRORS (IF ANY) FOR PROBLEM    1
             
 (WARNING  2) NM-TRAN INFERS THAT THE DATA ARE POPULATION.
             
 (WARNING  87) WITH "LAPLACIAN" AND "INTERACTION", "NUMERICAL" AND "SLOW"
 ARE ALSO REQUIRED ON $ESTIM RECORD, AND "SLOW" IS REQUIRED ON $COV
 RECORD. NM-TRAN HAS SUPPLIED THESE OPTIONS.
  
Note: Analytical 2nd Derivatives are constructed in FSUBS but are never used.
      You may insert $ABBR DERIV2=NO after the first $PROB to save FSUBS construction and compilation time
  
  
License Registered to:  qPharmetra
Expiration Date:    14 JUL 2025
Current Date:       19 AUG 2024
Days until program expires : 330
1NONLINEAR MIXED EFFECTS MODEL PROGRAM (NONMEM) VERSION 7.5.1
 ORIGINALLY DEVELOPED BY STUART BEAL, LEWIS SHEINER, AND ALISON BOECKMANN
 CURRENT DEVELOPERS ARE ROBERT BAUER, ICON DEVELOPMENT SOLUTIONS,
 AND ALISON BOECKMANN. IMPLEMENTATION, EFFICIENCY, AND STANDARDIZATION
 PERFORMED BY NOUS INFOSYSTEMS.

 PROBLEM NO.:         1
 PK model 1 cmt base
0DATA CHECKOUT RUN:              NO
 DATA SET LOCATED ON UNIT NO.:    2
 THIS UNIT TO BE REWOUND:        NO
 NO. OF DATA RECS IN DATA SET:      800
 NO. OF DATA ITEMS IN DATA SET:   9
 ID DATA ITEM IS DATA ITEM NO.:   1
 DEP VARIABLE IS DATA ITEM NO.:   5
 MDV DATA ITEM IS DATA ITEM NO.:  3
0INDICES PASSED TO SUBROUTINE PRED:
   4   2   6   0   0   0   0   0   0   0   0
0LABELS FOR DATA ITEMS:
 ID TIME MDV EVID DV AMT SEX WT ETN
0(NONBLANK) LABELS FOR PRED-DEFINED ITEMS:
 CL V IPRED IWRES
0FORMAT FOR DATA:
 (E3.0,E5.0,2E2.0,E10.0,E6.0,E2.0,E5.0,E2.0)

 TOT. NO. OF OBS RECS:      760
 TOT. NO. OF INDIVIDUALS:       40
0LENGTH OF THETA:   7
0DEFAULT THETA BOUNDARY TEST OMITTED:    NO
0OMEGA HAS SIMPLE DIAGONAL FORM WITH DIMENSION:   2
0DEFAULT OMEGA BOUNDARY TEST OMITTED:    NO
0SIGMA HAS SIMPLE DIAGONAL FORM WITH DIMENSION:   1
0DEFAULT SIGMA BOUNDARY TEST OMITTED:    NO
0INITIAL ESTIMATE OF THETA:
 LOWER BOUND    INITIAL EST    UPPER BOUND
 -0.1000E+07     0.2300E+01     0.1000E+07
 -0.1000E+07     0.8010E+02     0.1000E+07
 -0.1000E+07     0.5000E+03     0.1000E+07
  0.0000E+00     0.0000E+00     0.0000E+00
 -0.1000E+07     0.4120E+01     0.1000E+07
 -0.1000E+07     0.7500E+00     0.1000E+07
 -0.1000E+07     0.5590E+00     0.1000E+07
0INITIAL ESTIMATE OF OMEGA:
 0.1232E+00
 0.0000E+00   0.1537E+00
0INITIAL ESTIMATE OF SIGMA:
 0.1000E+01
0SIGMA CONSTRAINED TO BE THIS INITIAL ESTIMATE
0COVARIANCE STEP OMITTED:        NO
 EIGENVLS. PRINTED:             YES
 SPECIAL COMPUTATION:            NO
 COMPRESSED FORMAT:              NO
 GRADIENT METHOD USED:       SLOW
 SIGDIGITS ETAHAT (SIGLO):                  -1
 SIGDIGITS GRADIENTS (SIGL):                -1
 EXCLUDE COV FOR FOCE (NOFCOV):              NO
 Cholesky Transposition of R Matrix (CHOLROFF):0
 KNUTHSUMOFF:                                -1
 RESUME COV ANALYSIS (RESUME):               NO
 SIR SAMPLE SIZE (SIRSAMPLE):
 NON-LINEARLY TRANSFORM THETAS DURING COV (THBND): 1
 PRECONDTIONING CYCLES (PRECOND):        0
 PRECONDTIONING TYPES (PRECONDS):        TOS
 FORCED PRECONDTIONING CYCLES (PFCOND):0
 PRECONDTIONING TYPE (PRETYPE):        0
 FORCED POS. DEFINITE SETTING DURING PRECONDITIONING: (FPOSDEF):0
 SIMPLE POS. DEFINITE SETTING: (POSDEF):-1
0TABLES STEP OMITTED:    NO
 NO. OF TABLES:           4
 SEED NUMBER (SEED):    11456
 NPDTYPE:    0
 INTERPTYPE:    0
 RANMETHOD:             3U
 MC SAMPLES (ESAMPLE):    300
 WRES SQUARE ROOT TYPE (WRESCHOL): EIGENVALUE
0-- TABLE   1 --
0RECORDS ONLY:    ALL
04 COLUMNS APPENDED:    YES
 PRINTED:                NO
 HEADER:                YES
 FILE TO BE FORWARDED:   NO
 FORMAT:                S1PE11.4
 IDFORMAT:
 LFORMAT:
 RFORMAT:
 FIXED_EFFECT_ETAS:
0USER-CHOSEN ITEMS:
 ID TIME DV MDV EVID IPRED IWRES CWRES
0-- TABLE   2 --
0RECORDS ONLY:    ALL
04 COLUMNS APPENDED:    YES
 PRINTED:                NO
 HEADER:                YES
 FILE TO BE FORWARDED:   NO
 FORMAT:                S1PE11.4
 IDFORMAT:
 LFORMAT:
 RFORMAT:
 FIXED_EFFECT_ETAS:
0USER-CHOSEN ITEMS:
 ID CL V
0-- TABLE   3 --
0RECORDS ONLY:    ALL
04 COLUMNS APPENDED:    YES
 PRINTED:                NO
 HEADER:                YES
 FILE TO BE FORWARDED:   NO
 FORMAT:                S1PE11.4
 IDFORMAT:
 LFORMAT:
 RFORMAT:
 FIXED_EFFECT_ETAS:
0USER-CHOSEN ITEMS:
 ID SEX ETN
0-- TABLE   4 --
0RECORDS ONLY:    ALL
04 COLUMNS APPENDED:    YES
 PRINTED:                NO
 HEADER:                YES
 FILE TO BE FORWARDED:   NO
 FORMAT:                S1PE11.4
 IDFORMAT:
 LFORMAT:
 RFORMAT:
 FIXED_EFFECT_ETAS:
0USER-CHOSEN ITEMS:
 ID WT
1DOUBLE PRECISION PREDPP VERSION 7.5.1

 ONE COMPARTMENT MODEL WITH FIRST-ORDER ABSORPTION (ADVAN2)
0MAXIMUM NO. OF BASIC PK PARAMETERS:   3
0BASIC PK PARAMETERS (AFTER TRANSLATION):
   ELIMINATION RATE (K) IS BASIC PK PARAMETER NO.:  1
   ABSORPTION RATE (KA) IS BASIC PK PARAMETER NO.:  3

 TRANSLATOR WILL CONVERT PARAMETERS
 CLEARANCE (CL) AND VOLUME (V) TO K (TRANS2)
0COMPARTMENT ATTRIBUTES
 COMPT. NO.   FUNCTION   INITIAL    ON/OFF      DOSE      DEFAULT    DEFAULT
                         STATUS     ALLOWED    ALLOWED    FOR DOSE   FOR OBS.
    1         DEPOT        OFF        YES        YES        YES        NO
    2         CENTRAL      ON         NO         YES        NO         YES
    3         OUTPUT       OFF        YES        NO         NO         NO
1
 ADDITIONAL PK PARAMETERS - ASSIGNMENT OF ROWS IN GG
 COMPT. NO.                             INDICES
              SCALE      BIOAVAIL.   ZERO-ORDER  ZERO-ORDER  ABSORB
                         FRACTION    RATE        DURATION    LAG
    1            *           *           *           *           *
    2            4           *           *           *           *
    3            *           -           -           -           -
             - PARAMETER IS NOT ALLOWED FOR THIS MODEL
             * PARAMETER IS NOT SUPPLIED BY PK SUBROUTINE;
               WILL DEFAULT TO ONE IF APPLICABLE
0DATA ITEM INDICES USED BY PRED ARE:
   EVENT ID DATA ITEM IS DATA ITEM NO.:      4
   TIME DATA ITEM IS DATA ITEM NO.:          2
   DOSE AMOUNT DATA ITEM IS DATA ITEM NO.:   6

0PK SUBROUTINE CALLED WITH EVERY EVENT RECORD.
 PK SUBROUTINE NOT CALLED AT NONEVENT (ADDITIONAL OR LAGGED) DOSE TIMES.
0ERROR SUBROUTINE CALLED WITH EVERY EVENT RECORD.
1


 #TBLN:      1
 #METH: Laplacian Conditional Estimation with Interaction

 ESTIMATION STEP OMITTED:                 NO
 ANALYSIS TYPE:                           POPULATION
 NUMBER OF SADDLE POINT RESET ITERATIONS:      0
 GRADIENT METHOD USED:               SLOW
 CONDITIONAL ESTIMATES USED:              YES
 CENTERED ETA:                            NO
 EPS-ETA INTERACTION:                     YES
 LAPLACIAN OBJ. FUNC.:                    YES
 NUMERICAL 2ND DERIVATIVES:               YES
 NO. OF FUNCT. EVALS. ALLOWED:            9999
 NO. OF SIG. FIGURES REQUIRED:            3
 INTERMEDIATE PRINTOUT:                   YES
 ESTIMATE OUTPUT TO MSF:                  NO
 ABORT WITH PRED EXIT CODE 1:             NO
 IND. OBJ. FUNC. VALUES SORTED:           NO
 NUMERICAL DERIVATIVE
       FILE REQUEST (NUMDER):               NONE
 MAP (ETAHAT) ESTIMATION METHOD (OPTMAP):   0
 ETA HESSIAN EVALUATION METHOD (ETADER):    0
 INITIAL ETA FOR MAP ESTIMATION (MCETA):    0
 SIGDIGITS FOR MAP ESTIMATION (SIGLO):      100
 GRADIENT SIGDIGITS OF
       FIXED EFFECTS PARAMETERS (SIGL):     100
 NOPRIOR SETTING (NOPRIOR):                 0
 NOCOV SETTING (NOCOV):                     OFF
 DERCONT SETTING (DERCONT):                 OFF
 FINAL ETA RE-EVALUATION (FNLETA):          1
 EXCLUDE NON-INFLUENTIAL (NON-INFL.) ETAS
       IN SHRINKAGE (ETASTYPE):             NO
 NON-INFL. ETA CORRECTION (NONINFETA):      0
 RAW OUTPUT FILE (FILE): run107.ext
 EXCLUDE TITLE (NOTITLE):                   NO
 EXCLUDE COLUMN LABELS (NOLABEL):           NO
 FORMAT FOR ADDITIONAL FILES (FORMAT):      S1PE12.5
 PARAMETER ORDER FOR OUTPUTS (ORDER):       TSOL
 KNUTHSUMOFF:                               0
 INCLUDE LNTWOPI:                           NO
 INCLUDE CONSTANT TERM TO PRIOR (PRIORC):   NO
 INCLUDE CONSTANT TERM TO OMEGA (ETA) (OLNTWOPI):NO
 ADDITIONAL CONVERGENCE TEST (CTYPE=4)?:    NO
 EM OR BAYESIAN METHOD USED:                 NONE


 THE FOLLOWING LABELS ARE EQUIVALENT
 PRED=PREDI
 RES=RESI
 WRES=WRESI
 IWRS=IWRESI
 IPRD=IPREDI
 IRS=IRESI

 MONITORING OF SEARCH:


0ITERATION NO.:    0    OBJECTIVE VALUE:   2555.79764841284        NO. OF FUNC. EVALS.:   9
 CUMULATIVE NO. OF FUNC. EVALS.:        9
 NPARAMETR:  2.3000E+00  8.0100E+01  5.0000E+02  4.1200E+00  7.5000E-01  5.5900E-01  1.2319E-01  1.5370E-01
 PARAMETER:  1.0000E-01  1.0000E-01  1.0000E-01  1.0000E-01  1.0000E-01  1.0000E-01  1.0000E-01  1.0000E-01
 GRADIENT:   1.9407E+01  2.1421E+02  3.4822E+02  1.0258E+04 -4.3011E+01  9.3043E+01  3.8712E+01  1.5939E+00

0ITERATION NO.:    5    OBJECTIVE VALUE:   2133.78700057876        NO. OF FUNC. EVALS.:  67
 CUMULATIVE NO. OF FUNC. EVALS.:       76
 NPARAMETR:  2.2515E+00  7.2651E+01  4.6573E+02 -2.1325E+00  7.4438E-01  6.0287E-01  1.2087E-01  1.5365E-01
 PARAMETER:  9.7891E-02  9.0700E-02  9.3146E-02 -5.1761E-02  9.9251E-02  1.0785E-01  9.0495E-02  9.9837E-02
 GRADIENT:  -9.5245E+01 -3.0326E+01  8.7218E+00 -7.9970E+02  1.5112E+01  2.8965E+01  4.2899E+01  7.0305E-01

0ITERATION NO.:   10    OBJECTIVE VALUE:   2118.74591368969        NO. OF FUNC. EVALS.:  51
 CUMULATIVE NO. OF FUNC. EVALS.:      127
 NPARAMETR:  2.2635E+00  7.4750E+01  4.6346E+02 -2.1165E+00  6.7544E-01  5.6889E-01  2.9823E-02  1.1977E-01
 PARAMETER:  9.8411E-02  9.3321E-02  9.2692E-02 -5.1370E-02  9.0058E-02  1.0177E-01 -6.0921E-01 -2.4745E-02
 GRADIENT:  -1.6355E+01  5.6034E+01 -2.1207E+01 -2.0257E+02 -1.3798E+00 -1.6655E+01  8.8315E-01 -1.9796E+01

0ITERATION NO.:   15    OBJECTIVE VALUE:   2117.56721296520        NO. OF FUNC. EVALS.:  50
 CUMULATIVE NO. OF FUNC. EVALS.:      177
 NPARAMETR:  2.2647E+00  7.3499E+01  4.6528E+02 -2.1082E+00  6.5279E-01  5.7455E-01  2.9318E-02  1.5055E-01
 PARAMETER:  9.8466E-02  9.1758E-02  9.3056E-02 -5.1170E-02  8.7039E-02  1.0278E-01 -6.1775E-01  8.9628E-02
 GRADIENT:  -7.4275E-01 -4.4110E-01 -6.3985E-02 -9.1810E-01 -5.6465E-02  1.0961E+00 -3.8916E-02 -1.0166E-01

0ITERATION NO.:   20    OBJECTIVE VALUE:   2117.56360013894        NO. OF FUNC. EVALS.:  67
 CUMULATIVE NO. OF FUNC. EVALS.:      244
 NPARAMETR:  2.2658E+00  7.3705E+01  4.6557E+02 -2.1060E+00  6.6020E-01  5.7466E-01  2.9406E-02  1.5077E-01
 PARAMETER:  9.8511E-02  9.2016E-02  9.3113E-02 -5.1118E-02  8.8027E-02  1.0280E-01 -6.1625E-01  9.0354E-02
 GRADIENT:   1.1613E-01  2.5443E-01  2.1273E-02  7.0608E-01 -1.3399E-01  1.1524E-01  1.0899E-02 -6.2729E-03

 #TERM:
0MINIMIZATION SUCCESSFUL
 NO. OF FUNCTION EVALUATIONS USED:      244
 NO. OF SIG. DIGITS IN FINAL EST.:  3.4

 ETABAR IS THE ARITHMETIC MEAN OF THE ETA-ESTIMATES,
 AND THE P-VALUE IS GIVEN FOR THE NULL HYPOTHESIS THAT THE TRUE MEAN IS 0.

 ETABAR:         2.0529E-03 -2.3929E-03
 SE:             2.1415E-02  6.0748E-02
 N:                      40          40

 P VAL.:         9.2363E-01  9.6858E-01

 ETASHRINKSD(%)  2.1019E+01  1.0511E+00
 ETASHRINKVR(%)  3.7620E+01  2.0912E+00
 EBVSHRINKSD(%)  2.0892E+01  7.1049E-01
 EBVSHRINKVR(%)  3.7419E+01  1.4159E+00
 RELATIVEINF(%)  6.2523E+01  9.8492E+01
 EPSSHRINKSD(%)  4.3108E+00
 EPSSHRINKVR(%)  8.4357E+00

  
 TOTAL DATA POINTS NORMALLY DISTRIBUTED (N):          760
 N*LOG(2PI) CONSTANT TO OBJECTIVE FUNCTION:    1396.7865704711026     
 OBJECTIVE FUNCTION VALUE WITHOUT CONSTANT:    2117.5636001389448     
 OBJECTIVE FUNCTION VALUE WITH CONSTANT:       3514.3501706100474     
 REPORTED OBJECTIVE FUNCTION DOES NOT CONTAIN CONSTANT
  
 TOTAL EFFECTIVE ETAS (NIND*NETA):                            80
  
 #TERE:
 Elapsed estimation  time in seconds:     6.21
 Elapsed covariance  time in seconds:     2.59
 Elapsed postprocess time in seconds:     0.05
1
 
 
 
 
 
 
 
 
 
 
 
 
 
 
 
 
 
 
 
 
 ************************************************************************************************************************
 ********************                                                                                ********************
 ********************                LAPLACIAN CONDITIONAL ESTIMATION WITH INTERACTION               ********************
 #OBJT:**************                       MINIMUM VALUE OF OBJECTIVE FUNCTION                      ********************
 ********************                                                                                ********************
 ************************************************************************************************************************
 





 #OBJV:********************************************     2117.564       **************************************************
1
 ************************************************************************************************************************
 ********************                                                                                ********************
 ********************                LAPLACIAN CONDITIONAL ESTIMATION WITH INTERACTION               ********************
 ********************                             FINAL PARAMETER ESTIMATE                           ********************
 ********************                                                                                ********************
 ************************************************************************************************************************
 


 THETA - VECTOR OF FIXED EFFECTS PARAMETERS   *********


         TH 1      TH 2      TH 3      TH 4      TH 5      TH 6      TH 7     
 
         2.27E+00  7.37E+01  4.66E+02  0.00E+00 -2.11E+00  6.60E-01  5.75E-01
 


 OMEGA - COV MATRIX FOR RANDOM EFFECTS - ETAS  ********


         ETA1      ETA2     
 
 ETA1
+        2.94E-02
 
 ETA2
+        0.00E+00  1.51E-01
 


 SIGMA - COV MATRIX FOR RANDOM EFFECTS - EPSILONS  ****


         EPS1     
 
 EPS1
+        1.00E+00
 
1


 OMEGA - CORR MATRIX FOR RANDOM EFFECTS - ETAS  *******


         ETA1      ETA2     
 
 ETA1
+        1.71E-01
 
 ETA2
+        0.00E+00  3.88E-01
 


 SIGMA - CORR MATRIX FOR RANDOM EFFECTS - EPSILONS  ***


         EPS1     
 
 EPS1
+        1.00E+00
 
1
 ************************************************************************************************************************
 ********************                                                                                ********************
 ********************                LAPLACIAN CONDITIONAL ESTIMATION WITH INTERACTION               ********************
 ********************                            STANDARD ERROR OF ESTIMATE                          ********************
 ********************                                                                                ********************
 ************************************************************************************************************************
 


 THETA - VECTOR OF FIXED EFFECTS PARAMETERS   *********


         TH 1      TH 2      TH 3      TH 4      TH 5      TH 6      TH 7     
 
         7.52E-02  3.43E+00  2.86E+01 .........  7.69E-02  1.33E-01  4.07E-02
 


 OMEGA - COV MATRIX FOR RANDOM EFFECTS - ETAS  ********


         ETA1      ETA2     
 
 ETA1
+        1.14E-02
 
 ETA2
+       .........  2.41E-02
 


 SIGMA - COV MATRIX FOR RANDOM EFFECTS - EPSILONS  ****


         EPS1     
 
 EPS1
+       .........
 
1


 OMEGA - CORR MATRIX FOR RANDOM EFFECTS - ETAS  *******


         ETA1      ETA2     
 
 ETA1
+        3.32E-02
 
 ETA2
+       .........  3.10E-02
 


 SIGMA - CORR MATRIX FOR RANDOM EFFECTS - EPSILONS  ***


         EPS1     
 
 EPS1
+       .........
 
1
 ************************************************************************************************************************
 ********************                                                                                ********************
 ********************                LAPLACIAN CONDITIONAL ESTIMATION WITH INTERACTION               ********************
 ********************                          COVARIANCE MATRIX OF ESTIMATE                         ********************
 ********************                                                                                ********************
 ************************************************************************************************************************
 

            TH 1      TH 2      TH 3      TH 4      TH 5      TH 6      TH 7      OM11      OM12      OM22      SG11  
 
 TH 1
+        5.65E-03
 
 TH 2
+       -1.78E-02  1.18E+01
 
 TH 3
+       -2.00E-01 -2.57E+01  8.20E+02
 
 TH 4
+       ......... ......... ......... .........
 
 TH 5
+        2.20E-04  9.21E-02  7.45E-01 .........  5.91E-03
 
 TH 6
+       -6.68E-04  2.85E-01  4.06E-01 .........  5.60E-03  1.76E-02
 
 TH 7
+       -8.59E-05 -1.56E-02  2.33E-01 .........  1.23E-03  2.38E-03  1.65E-03
 
 OM11
+       -2.56E-04 -5.24E-03  4.93E-02 .........  8.83E-05  2.27E-04  1.52E-04  1.29E-04
 
 OM12
+       ......... ......... ......... ......... ......... ......... ......... ......... .........
 
 OM22
+        4.07E-04 -4.13E-03 -8.32E-02 ......... -5.21E-07 -1.05E-03 -1.68E-04 -8.65E-05 .........  5.81E-04
 
 SG11
+       ......... ......... ......... ......... ......... ......... ......... ......... ......... ......... .........
 
1
 ************************************************************************************************************************
 ********************                                                                                ********************
 ********************                LAPLACIAN CONDITIONAL ESTIMATION WITH INTERACTION               ********************
 ********************                          CORRELATION MATRIX OF ESTIMATE                        ********************
 ********************                                                                                ********************
 ************************************************************************************************************************
 

            TH 1      TH 2      TH 3      TH 4      TH 5      TH 6      TH 7      OM11      OM12      OM22      SG11  
 
 TH 1
+        7.52E-02
 
 TH 2
+       -6.90E-02  3.43E+00
 
 TH 3
+       -9.30E-02 -2.62E-01  2.86E+01
 
 TH 4
+       ......... ......... ......... .........
 
 TH 5
+        3.81E-02  3.49E-01  3.38E-01 .........  7.69E-02
 
 TH 6
+       -6.69E-02  6.27E-01  1.07E-01 .........  5.49E-01  1.33E-01
 
 TH 7
+       -2.81E-02 -1.12E-01  2.00E-01 .........  3.93E-01  4.41E-01  4.07E-02
 
 OM11
+       -2.99E-01 -1.34E-01  1.52E-01 .........  1.01E-01  1.51E-01  3.29E-01  1.14E-02
 
 OM12
+       ......... ......... ......... ......... ......... ......... ......... ......... .........
 
 OM22
+        2.24E-01 -4.99E-02 -1.21E-01 ......... -2.81E-04 -3.27E-01 -1.72E-01 -3.15E-01 .........  2.41E-02
 
 SG11
+       ......... ......... ......... ......... ......... ......... ......... ......... ......... ......... .........
 
1
 ************************************************************************************************************************
 ********************                                                                                ********************
 ********************                LAPLACIAN CONDITIONAL ESTIMATION WITH INTERACTION               ********************
 ********************                      INVERSE COVARIANCE MATRIX OF ESTIMATE                     ********************
 ********************                                                                                ********************
 ************************************************************************************************************************
 

            TH 1      TH 2      TH 3      TH 4      TH 5      TH 6      TH 7      OM11      OM12      OM22      SG11  
 
 TH 1
+        2.10E+02
 
 TH 2
+        1.48E+00  2.86E-01
 
 TH 3
+        9.89E-02  1.09E-02  1.89E-03
 
 TH 4
+       ......... ......... ......... .........
 
 TH 5
+       -3.34E+01 -2.81E+00 -3.40E-01 .........  3.33E+02
 
 TH 6
+       -2.11E+01 -5.64E+00 -1.43E-01 ......... -3.91E+01  2.18E+02
 
 TH 7
+        1.89E+01  1.04E+01  3.03E-01 ......... -1.79E+02 -2.87E+02  1.25E+03
 
 OM11
+        4.12E+02  7.66E+00  1.32E-01 ......... -1.22E+02 -6.50E+01 -5.90E+02  1.04E+04
 
 OM12
+       ......... ......... ......... ......... ......... ......... ......... ......... .........
 
 OM22
+       -9.34E+01 -3.46E+00  1.27E-01 ......... -1.86E+02  2.54E+02 -1.40E+02  1.04E+03 .........  2.35E+03
 
 SG11
+       ......... ......... ......... ......... ......... ......... ......... ......... ......... ......... .........
 
1
 
 
 
 
 
 
 
 
 
 
 
 
 
 
 
 
 
 
 
 
 ************************************************************************************************************************
 ********************                                                                                ********************
 ********************                LAPLACIAN CONDITIONAL ESTIMATION WITH INTERACTION               ********************
 ********************                      EIGENVALUES OF COR MATRIX OF ESTIMATE                     ********************
 ********************                                                                                ********************
 ************************************************************************************************************************
 

             1         2         3         4         5         6         7         8
 
         1.33E-01  3.23E-01  5.44E-01  7.64E-01  8.74E-01  1.29E+00  1.65E+00  2.42E+00
 
 Elapsed finaloutput time in seconds:     0.30
1THERE ARE ERROR MESSAGES IN FILE PRDERR                                                                  
 #CPUT: Total CPU Time in Seconds,        4.406
Stop Time: 
19/08/2024 
17:03
