14/09/2023 
12:30
;; 1. Based on: 102
;; 2. Description: 
;;    run105 - MAXEVAL 0
;; 3. Label:
;;    
;; 4. Structural model:
;; 5. Covariate model:
;; 6. Inter-individual variability:
;; 7. Inter-occasion variability:
;; 8. Residual variability:
;; 9. Estimation:
$PROBLEM    PK model 1 cmt base
$INPUT      ID TIME MDV EVID DV AMT SEX WT ETN
$DATA      acop.csv IGNORE=@
$SUBROUTINE ADVAN2 TRANS2
$PK
ET=1
IF(ETN.EQ.3) ET=1.3
KA = THETA(1)
CL = THETA(2)*((WT/70)**THETA(6))*( THETA(7)**SEX) * EXP(ETA(1))
V = THETA(3)*EXP(ETA(2))
SC=V

$THETA  2.3 ; KA; 1/h; LIN ;Absorption Rate Constant
 78.1 ; CL; L/h; LIN ;Clearance
 462 ; V2; L; LIN ;Volume of Distribution
 0 FIX ; RUVp; ; LIN ;Proportional Error
 4.12 ; RUVa; ng/mL; LIN ;Additive Error
 0.75 FIX ; CL-WT; ; LIN ;Power Scalar CL-WT
 0.559 ; CL-SEX; ; LIN ;Female CL Change
$OMEGA  0.123188  ;     iiv CL
 0.1537040  ;     iiv V2
$SIGMA  1  FIX
$ERROR
IPRED = F
IRES = DV-IPRED
W = IPRED*THETA(4) + THETA(5)
IF (W.EQ.0) W = 1
IWRES = IRES/W
Y= IPRED+W*ERR(1)

$ESTIMATION METHOD=1 INTER MAXEVAL=0 SIG=3 PRINT=5 NOABORT POSTHOC
$COVARIANCE PRINT=E UNCONDITIONAL
$TABLE      ID TIME DV MDV EVID IPRED IWRES CWRES ONEHEADER NOPRINT
            FILE=sdtab106
$TABLE      ID CL V ONEHEADER NOPRINT FILE=patab106
$TABLE      ID SEX ETN ONEHEADER NOPRINT FILE=catab106
$TABLE      ID WT ONEHEADER NOPRINT FILE=cotab106

  
NM-TRAN MESSAGES 
  
 WARNINGS AND ERRORS (IF ANY) FOR PROBLEM    1
             
 (WARNING  2) NM-TRAN INFERS THAT THE DATA ARE POPULATION.
  
License Registered to: qPharmetra
Expiration Date:    14 JUL 2024
Current Date:       14 SEP 2023
Days until program expires : 305
1NONLINEAR MIXED EFFECTS MODEL PROGRAM (NONMEM) VERSION 7.4.3
 ORIGINALLY DEVELOPED BY STUART BEAL, LEWIS SHEINER, AND ALISON BOECKMANN
 CURRENT DEVELOPERS ARE ROBERT BAUER, ICON DEVELOPMENT SOLUTIONS,
 AND ALISON BOECKMANN. IMPLEMENTATION, EFFICIENCY, AND STANDARDIZATION
 PERFORMED BY NOUS INFOSYSTEMS.

 PROBLEM NO.:         1
 PK model 1 cmt base
0DATA CHECKOUT RUN:              NO
 DATA SET LOCATED ON UNIT NO.:    2
 THIS UNIT TO BE REWOUND:        NO
 NO. OF DATA RECS IN DATA SET:      800
 NO. OF DATA ITEMS IN DATA SET:   9
 ID DATA ITEM IS DATA ITEM NO.:   1
 DEP VARIABLE IS DATA ITEM NO.:   5
 MDV DATA ITEM IS DATA ITEM NO.:  3
0INDICES PASSED TO SUBROUTINE PRED:
   4   2   6   0   0   0   0   0   0   0   0
0LABELS FOR DATA ITEMS:
 ID TIME MDV EVID DV AMT SEX WT ETN
0(NONBLANK) LABELS FOR PRED-DEFINED ITEMS:
 CL V IPRED IWRES
0FORMAT FOR DATA:
 (E3.0,E5.0,2E2.0,E10.0,E6.0,E2.0,E5.0,E2.0)

 TOT. NO. OF OBS RECS:      760
 TOT. NO. OF INDIVIDUALS:       40
0LENGTH OF THETA:   7
0DEFAULT THETA BOUNDARY TEST OMITTED:    NO
0OMEGA HAS SIMPLE DIAGONAL FORM WITH DIMENSION:   2
0DEFAULT OMEGA BOUNDARY TEST OMITTED:    NO
0SIGMA HAS SIMPLE DIAGONAL FORM WITH DIMENSION:   1
0DEFAULT SIGMA BOUNDARY TEST OMITTED:    NO
0INITIAL ESTIMATE OF THETA:
 LOWER BOUND    INITIAL EST    UPPER BOUND
 -0.1000E+07     0.2300E+01     0.1000E+07
 -0.1000E+07     0.7810E+02     0.1000E+07
 -0.1000E+07     0.4620E+03     0.1000E+07
  0.0000E+00     0.0000E+00     0.0000E+00
 -0.1000E+07     0.4120E+01     0.1000E+07
  0.7500E+00     0.7500E+00     0.7500E+00
 -0.1000E+07     0.5590E+00     0.1000E+07
0INITIAL ESTIMATE OF OMEGA:
 0.1232E+00
 0.0000E+00   0.1537E+00
0INITIAL ESTIMATE OF SIGMA:
 0.1000E+01
0SIGMA CONSTRAINED TO BE THIS INITIAL ESTIMATE
0COVARIANCE STEP OMITTED:        NO
 EIGENVLS. PRINTED:             YES
 SPECIAL COMPUTATION:            NO
 COMPRESSED FORMAT:              NO
 GRADIENT METHOD USED:     NOSLOW
 SIGDIGITS ETAHAT (SIGLO):                  -1
 SIGDIGITS GRADIENTS (SIGL):                -1
 EXCLUDE COV FOR FOCE (NOFCOV):              NO
 TURN OFF Cholesky Transposition of R Matrix (CHOLROFF): NO
 KNUTHSUMOFF:                                -1
 RESUME COV ANALYSIS (RESUME):               NO
 SIR SAMPLE SIZE (SIRSAMPLE):              -1
 NON-LINEARLY TRANSFORM THETAS DURING COV (THBND): 1
 PRECONDTIONING CYCLES (PRECOND):        0
 PRECONDTIONING TYPES (PRECONDS):        TOS
 FORCED PRECONDTIONING CYCLES (PFCOND):0
 PRECONDTIONING TYPE (PRETYPE):        0
 FORCED POS. DEFINITE SETTING: (FPOSDEF):0
0TABLES STEP OMITTED:    NO
 NO. OF TABLES:           4
 SEED NUMBER (SEED):    11456
 RANMETHOD:             3U
 MC SAMPLES (ESAMPLE):    300
 WRES SQUARE ROOT TYPE (WRESCHOL): EIGENVALUE
0-- TABLE   1 --
0RECORDS ONLY:    ALL
04 COLUMNS APPENDED:    YES
 PRINTED:                NO
 HEADER:                YES
 FILE TO BE FORWARDED:   NO
 FORMAT:                S1PE11.4
 LFORMAT:
 RFORMAT:
 FIXED_EFFECT_ETAS:
0USER-CHOSEN ITEMS:
 ID TIME DV MDV EVID IPRED IWRES CWRES
0-- TABLE   2 --
0RECORDS ONLY:    ALL
04 COLUMNS APPENDED:    YES
 PRINTED:                NO
 HEADER:                YES
 FILE TO BE FORWARDED:   NO
 FORMAT:                S1PE11.4
 LFORMAT:
 RFORMAT:
 FIXED_EFFECT_ETAS:
0USER-CHOSEN ITEMS:
 ID CL V
0-- TABLE   3 --
0RECORDS ONLY:    ALL
04 COLUMNS APPENDED:    YES
 PRINTED:                NO
 HEADER:                YES
 FILE TO BE FORWARDED:   NO
 FORMAT:                S1PE11.4
 LFORMAT:
 RFORMAT:
 FIXED_EFFECT_ETAS:
0USER-CHOSEN ITEMS:
 ID SEX ETN
0-- TABLE   4 --
0RECORDS ONLY:    ALL
04 COLUMNS APPENDED:    YES
 PRINTED:                NO
 HEADER:                YES
 FILE TO BE FORWARDED:   NO
 FORMAT:                S1PE11.4
 LFORMAT:
 RFORMAT:
 FIXED_EFFECT_ETAS:
0USER-CHOSEN ITEMS:
 ID WT
1DOUBLE PRECISION PREDPP VERSION 7.4.3

 ONE COMPARTMENT MODEL WITH FIRST-ORDER ABSORPTION (ADVAN2)
0MAXIMUM NO. OF BASIC PK PARAMETERS:   3
0BASIC PK PARAMETERS (AFTER TRANSLATION):
   ELIMINATION RATE (K) IS BASIC PK PARAMETER NO.:  1
   ABSORPTION RATE (KA) IS BASIC PK PARAMETER NO.:  3

 TRANSLATOR WILL CONVERT PARAMETERS
 CLEARANCE (CL) AND VOLUME (V) TO K (TRANS2)
0COMPARTMENT ATTRIBUTES
 COMPT. NO.   FUNCTION   INITIAL    ON/OFF      DOSE      DEFAULT    DEFAULT
                         STATUS     ALLOWED    ALLOWED    FOR DOSE   FOR OBS.
    1         DEPOT        OFF        YES        YES        YES        NO
    2         CENTRAL      ON         NO         YES        NO         YES
    3         OUTPUT       OFF        YES        NO         NO         NO
1
 ADDITIONAL PK PARAMETERS - ASSIGNMENT OF ROWS IN GG
 COMPT. NO.                             INDICES
              SCALE      BIOAVAIL.   ZERO-ORDER  ZERO-ORDER  ABSORB
                         FRACTION    RATE        DURATION    LAG
    1            *           *           *           *           *
    2            4           *           *           *           *
    3            *           -           -           -           -
             - PARAMETER IS NOT ALLOWED FOR THIS MODEL
             * PARAMETER IS NOT SUPPLIED BY PK SUBROUTINE;
               WILL DEFAULT TO ONE IF APPLICABLE
0DATA ITEM INDICES USED BY PRED ARE:
   EVENT ID DATA ITEM IS DATA ITEM NO.:      4
   TIME DATA ITEM IS DATA ITEM NO.:          2
   DOSE AMOUNT DATA ITEM IS DATA ITEM NO.:   6

0PK SUBROUTINE CALLED WITH EVERY EVENT RECORD.
 PK SUBROUTINE NOT CALLED AT NONEVENT (ADDITIONAL OR LAGGED) DOSE TIMES.
0ERROR SUBROUTINE CALLED WITH EVERY EVENT RECORD.
1


 #TBLN:      1
 #METH: First Order Conditional Estimation with Interaction (Evaluation)

 ESTIMATION STEP OMITTED:                 YES
 ANALYSIS TYPE:                           POPULATION
 CONDITIONAL ESTIMATES USED:              YES
 CENTERED ETA:                            NO
 EPS-ETA INTERACTION:                     YES
 LAPLACIAN OBJ. FUNC.:                    NO
 NUMERICAL DERIVATIVE
       FILE REQUEST (NUMDER):               NONE
 MAP (ETAHAT) ESTIMATION METHOD (OPTMAP):   0
 ETA HESSIAN EVALUATION METHOD (ETADER):    0
 INITIAL ETA FOR MAP ESTIMATION (MCETA):    0
 SIGDIGITS FOR MAP ESTIMATION (SIGLO):      100
 GRADIENT SIGDIGITS OF
       FIXED EFFECTS PARAMETERS (SIGL):     100
 NOPRIOR SETTING (NOPRIOR):                 OFF
 NOCOV SETTING (NOCOV):                     OFF
 DERCONT SETTING (DERCONT):                 OFF
 FINAL ETA RE-EVALUATION (FNLETA):          ON
 EXCLUDE NON-INFLUENTIAL (NON-INFL.) ETAS
       IN SHRINKAGE (ETASTYPE):             NO
 NON-INFL. ETA CORRECTION (NONINFETA):      OFF
 RAW OUTPUT FILE (FILE): psn.ext
 EXCLUDE TITLE (NOTITLE):                   NO
 EXCLUDE COLUMN LABELS (NOLABEL):           NO
 FORMAT FOR ADDITIONAL FILES (FORMAT):      S1PE12.5
 PARAMETER ORDER FOR OUTPUTS (ORDER):       TSOL
 WISHART PRIOR DF INTERPRETATION (WISHTYPE):0
 KNUTHSUMOFF:                               0
 INCLUDE LNTWOPI:                           NO
 INCLUDE CONSTANT TERM TO PRIOR (PRIORC):   NO
 INCLUDE CONSTANT TERM TO OMEGA (ETA) (OLNTWOPI):NO
 ADDITIONAL CONVERGENCE TEST (CTYPE=4)?:    NO
 EM OR BAYESIAN METHOD USED:                 NONE


 THE FOLLOWING LABELS ARE EQUIVALENT
 PRED=PREDI
 RES=RESI
 WRES=WRESI
 IWRS=IWRESI
 IPRD=IPREDI
 IRS=IRESI

 Elapsed evaluation time in seconds:     0.03
 Elapsed covariance  time in seconds:     1.14
 Elapsed postprocess time in seconds:     0.03
1
 
 
 
 
 
 
 
 
 
 
 
 
 
 
 
 
 
 
 
 
 ************************************************************************************************************************
 ********************                                                                                ********************
 ********************         FIRST ORDER CONDITIONAL ESTIMATION WITH INTERACTION (EVALUATION)       ********************
 #OBJT:**************                       MINIMUM VALUE OF OBJECTIVE FUNCTION                      ********************
 ********************                                                                                ********************
 ************************************************************************************************************************
 





 #OBJV:********************************************     2554.229       **************************************************
1
 ************************************************************************************************************************
 ********************                                                                                ********************
 ********************         FIRST ORDER CONDITIONAL ESTIMATION WITH INTERACTION (EVALUATION)       ********************
 ********************                             FINAL PARAMETER ESTIMATE                           ********************
 ********************                                                                                ********************
 ************************************************************************************************************************
 


 THETA - VECTOR OF FIXED EFFECTS PARAMETERS   *********


         TH 1      TH 2      TH 3      TH 4      TH 5      TH 6      TH 7     
 
         2.30E+00  7.81E+01  4.62E+02  0.00E+00  4.12E+00  7.50E-01  5.59E-01
 


 OMEGA - COV MATRIX FOR RANDOM EFFECTS - ETAS  ********


         ETA1      ETA2     
 
 ETA1
+        1.23E-01
 
 ETA2
+        0.00E+00  1.54E-01
 


 SIGMA - COV MATRIX FOR RANDOM EFFECTS - EPSILONS  ****


         EPS1     
 
 EPS1
+        1.00E+00
 
1


 OMEGA - CORR MATRIX FOR RANDOM EFFECTS - ETAS  *******


         ETA1      ETA2     
 
 ETA1
+        3.51E-01
 
 ETA2
+        0.00E+00  3.92E-01
 


 SIGMA - CORR MATRIX FOR RANDOM EFFECTS - EPSILONS  ***


         EPS1     
 
 EPS1
+        1.00E+00
 
1
 ************************************************************************************************************************
 ********************                                                                                ********************
 ********************         FIRST ORDER CONDITIONAL ESTIMATION WITH INTERACTION (EVALUATION)       ********************
 ********************                            STANDARD ERROR OF ESTIMATE                          ********************
 ********************                                                                                ********************
 ************************************************************************************************************************
 


 THETA - VECTOR OF FIXED EFFECTS PARAMETERS   *********


         TH 1      TH 2      TH 3      TH 4      TH 5      TH 6      TH 7     
 
         8.72E-02  4.21E+00  2.81E+01 .........  2.43E+00 .........  4.44E-02
 


 OMEGA - COV MATRIX FOR RANDOM EFFECTS - ETAS  ********


         ETA1      ETA2     
 
 ETA1
+        8.91E-02
 
 ETA2
+       .........  2.78E-02
 


 SIGMA - COV MATRIX FOR RANDOM EFFECTS - EPSILONS  ****


         EPS1     
 
 EPS1
+       .........
 
1


 OMEGA - CORR MATRIX FOR RANDOM EFFECTS - ETAS  *******


         ETA1      ETA2     
 
 ETA1
+        1.27E-01
 
 ETA2
+       .........  3.54E-02
 


 SIGMA - CORR MATRIX FOR RANDOM EFFECTS - EPSILONS  ***


         EPS1     
 
 EPS1
+       .........
 
1
 ************************************************************************************************************************
 ********************                                                                                ********************
 ********************         FIRST ORDER CONDITIONAL ESTIMATION WITH INTERACTION (EVALUATION)       ********************
 ********************                          COVARIANCE MATRIX OF ESTIMATE                         ********************
 ********************                                                                                ********************
 ************************************************************************************************************************
 

            TH 1      TH 2      TH 3      TH 4      TH 5      TH 6      TH 7      OM11      OM12      OM22      SG11  
 
 TH 1
+        7.60E-03
 
 TH 2
+        1.05E-01  1.77E+01
 
 TH 3
+       -1.80E-01 -2.55E+01  7.88E+02
 
 TH 4
+       ......... ......... ......... .........
 
 TH 5
+        1.03E-01  7.57E+00 -1.89E+00 .........  5.89E+00
 
 TH 6
+       ......... ......... ......... ......... ......... .........
 
 TH 7
+       -9.05E-04 -1.35E-01  9.92E-02 ......... -6.21E-02 .........  1.97E-03
 
 OM11
+        3.28E-03  2.62E-01  3.46E-01 .........  2.08E-01 ......... -2.11E-03  7.93E-03
 
 OM12
+       ......... ......... ......... ......... ......... ......... ......... ......... .........
 
 OM22
+       -2.25E-05 -2.23E-02 -2.21E-02 ......... -2.26E-02 .........  2.59E-04 -7.95E-04 .........  7.70E-04
 
 SG11
+       ......... ......... ......... ......... ......... ......... ......... ......... ......... ......... .........
 
1
 ************************************************************************************************************************
 ********************                                                                                ********************
 ********************         FIRST ORDER CONDITIONAL ESTIMATION WITH INTERACTION (EVALUATION)       ********************
 ********************                          CORRELATION MATRIX OF ESTIMATE                        ********************
 ********************                                                                                ********************
 ************************************************************************************************************************
 

            TH 1      TH 2      TH 3      TH 4      TH 5      TH 6      TH 7      OM11      OM12      OM22      SG11  
 
 TH 1
+        8.72E-02
 
 TH 2
+        2.85E-01  4.21E+00
 
 TH 3
+       -7.37E-02 -2.16E-01  2.81E+01
 
 TH 4
+       ......... ......... ......... .........
 
 TH 5
+        4.86E-01  7.41E-01 -2.77E-02 .........  2.43E+00
 
 TH 6
+       ......... ......... ......... ......... ......... .........
 
 TH 7
+       -2.34E-01 -7.21E-01  7.96E-02 ......... -5.77E-01 .........  4.44E-02
 
 OM11
+        4.23E-01  6.99E-01  1.38E-01 .........  9.65E-01 ......... -5.34E-01  8.91E-02
 
 OM12
+       ......... ......... ......... ......... ......... ......... ......... ......... .........
 
 OM22
+       -9.29E-03 -1.91E-01 -2.83E-02 ......... -3.35E-01 .........  2.11E-01 -3.22E-01 .........  2.78E-02
 
 SG11
+       ......... ......... ......... ......... ......... ......... ......... ......... ......... ......... .........
 
1
 ************************************************************************************************************************
 ********************                                                                                ********************
 ********************         FIRST ORDER CONDITIONAL ESTIMATION WITH INTERACTION (EVALUATION)       ********************
 ********************                      INVERSE COVARIANCE MATRIX OF ESTIMATE                     ********************
 ********************                                                                                ********************
 ************************************************************************************************************************
 

            TH 1      TH 2      TH 3      TH 4      TH 5      TH 6      TH 7      OM11      OM12      OM22      SG11  
 
 TH 1
+        1.92E+02
 
 TH 2
+        8.18E-01  2.05E-01
 
 TH 3
+       -2.36E-02  7.33E-03  2.37E-03
 
 TH 4
+       ......... ......... ......... .........
 
 TH 5
+       -1.02E+01 -5.64E-02  5.66E-02 .........  4.69E+00
 
 TH 6
+       ......... ......... ......... ......... ......... .........
 
 TH 7
+        9.40E-01  8.32E+00  2.83E-01 .........  1.11E+01 .........  1.11E+03
 
 OM11
+        1.51E+02 -3.99E+00 -1.74E+00 ......... -1.15E+02 ......... -2.95E+02  3.21E+03
 
 OM12
+       ......... ......... ......... ......... ......... ......... ......... ......... .........
 
 OM22
+       -1.14E+02 -2.39E+00  4.19E-02 .........  1.44E+01 ......... -1.04E+02 -1.24E+02 .........  1.55E+03
 
 SG11
+       ......... ......... ......... ......... ......... ......... ......... ......... ......... ......... .........
 
1
 
 
 
 
 
 
 
 
 
 
 
 
 
 
 
 
 
 
 
 
 ************************************************************************************************************************
 ********************                                                                                ********************
 ********************         FIRST ORDER CONDITIONAL ESTIMATION WITH INTERACTION (EVALUATION)       ********************
 ********************                      EIGENVALUES OF COR MATRIX OF ESTIMATE                     ********************
 ********************                                                                                ********************
 ************************************************************************************************************************
 

             1         2         3         4         5         6         7
 
         1.91E-02  1.85E-01  4.57E-01  7.73E-01  9.72E-01  1.13E+00  3.46E+00
 
 Elapsed finaloutput time in seconds:     0.31
 #CPUT: Total CPU Time in Seconds,        1.547
Stop Time: 
14/09/2023 
12:30
