14/09/2023 
12:23
;; 1. Based on: 0
;; 2. Description: 
;;    PK model 1 cmt  - base 
;; 3. Label:
;;    
;; 4. Structural model:
;; 5. Covariate model:
;; 6. Inter-individual variability:
;; 7. Inter-occasion variability:
;; 8. Residual variability:
;; 9. Estimation:
$PROBLEM    PK model 1 cmt base
$INPUT      ID TIME MDV EVID DV AMT SEX WT ETN
$DATA      acop.csv IGNORE=@
$SUBROUTINE ADVAN2 TRANS2
$PK
ET=1
IF(ETN.EQ.3) ET=1.3
KA = THETA(1)
CL = THETA(2)*EXP(ETA(1))
V = THETA(3)*EXP(ETA(2))
SC=V

$THETA  (0,2) ; KA; 1/h; LIN ;Absorption Rate Constant
 (0,20) ; CL; L/h; LIN ;Clearance
 (0,100) ; V2; L; LIN ;Volume of Distribution
 0.02 ; RUVp; ; LIN ;Proportional Error
 1 ; RUVa; ng/mL; LIN ;Additive Error
$OMEGA  0.05  ;     iiv CL
 0.2  ;     iiv V2
$SIGMA  1  FIX
$ERROR
IPRED = F
IRES = DV-IPRED
W = IPRED*THETA(4) + THETA(5)
IF (W.EQ.0) W = 1
IWRES = IRES/W
Y= IPRED+W*ERR(1)

$ESTIMATION METHOD=SAEM INTER NBURN=3000 NITER=500 PRINT=100
$ESTIMATION METHOD=IMP INTER EONLY=1 NITER=5 ISAMPLE=3000 PRINT=1
            SIGL=8 NOPRIOR=1
$ESTIMATION METHOD=1 INTER MAXEVAL=9999 SIG=3 PRINT=5 NOABORT POSTHOC
$COVARIANCE PRINT=E UNCONDITIONAL
$TABLE      ID TIME DV MDV EVID IPRED IWRES CWRES ONEHEADER NOPRINT
            FILE=sdtab100
$TABLE      ID CL V KA ETAS(1:LAST) ONEHEADER NOPRINT FILE=patab100
$TABLE      ID SEX ETN ONEHEADER NOPRINT FILE=catab100
$TABLE      ID WT ONEHEADER NOPRINT FILE=cotab100

  
NM-TRAN MESSAGES 
  
 WARNINGS AND ERRORS (IF ANY) FOR PROBLEM    1
             
 (WARNING  2) NM-TRAN INFERS THAT THE DATA ARE POPULATION.
  
License Registered to: qPharmetra
Expiration Date:    14 JUL 2024
Current Date:       14 SEP 2023
Days until program expires : 305
1NONLINEAR MIXED EFFECTS MODEL PROGRAM (NONMEM) VERSION 7.4.3
 ORIGINALLY DEVELOPED BY STUART BEAL, LEWIS SHEINER, AND ALISON BOECKMANN
 CURRENT DEVELOPERS ARE ROBERT BAUER, ICON DEVELOPMENT SOLUTIONS,
 AND ALISON BOECKMANN. IMPLEMENTATION, EFFICIENCY, AND STANDARDIZATION
 PERFORMED BY NOUS INFOSYSTEMS.

 PROBLEM NO.:         1
 PK model 1 cmt base
0DATA CHECKOUT RUN:              NO
 DATA SET LOCATED ON UNIT NO.:    2
 THIS UNIT TO BE REWOUND:        NO
 NO. OF DATA RECS IN DATA SET:      800
 NO. OF DATA ITEMS IN DATA SET:   9
 ID DATA ITEM IS DATA ITEM NO.:   1
 DEP VARIABLE IS DATA ITEM NO.:   5
 MDV DATA ITEM IS DATA ITEM NO.:  3
0INDICES PASSED TO SUBROUTINE PRED:
   4   2   6   0   0   0   0   0   0   0   0
0LABELS FOR DATA ITEMS:
 ID TIME MDV EVID DV AMT SEX WT ETN
0(NONBLANK) LABELS FOR PRED-DEFINED ITEMS:
 KA CL V IPRED IWRES
0FORMAT FOR DATA:
 (E3.0,E5.0,2E2.0,E10.0,E6.0,E2.0,E5.0,E2.0)

 TOT. NO. OF OBS RECS:      760
 TOT. NO. OF INDIVIDUALS:       40
0LENGTH OF THETA:   5
0DEFAULT THETA BOUNDARY TEST OMITTED:    NO
0OMEGA HAS SIMPLE DIAGONAL FORM WITH DIMENSION:   2
0DEFAULT OMEGA BOUNDARY TEST OMITTED:    NO
0SIGMA HAS SIMPLE DIAGONAL FORM WITH DIMENSION:   1
0DEFAULT SIGMA BOUNDARY TEST OMITTED:    NO
0INITIAL ESTIMATE OF THETA:
 LOWER BOUND    INITIAL EST    UPPER BOUND
  0.0000E+00     0.2000E+01     0.1000E+07
  0.0000E+00     0.2000E+02     0.1000E+07
  0.0000E+00     0.1000E+03     0.1000E+07
 -0.1000E+07     0.2000E-01     0.1000E+07
 -0.1000E+07     0.1000E+01     0.1000E+07
0INITIAL ESTIMATE OF OMEGA:
 0.5000E-01
 0.0000E+00   0.2000E+00
0INITIAL ESTIMATE OF SIGMA:
 0.1000E+01
0SIGMA CONSTRAINED TO BE THIS INITIAL ESTIMATE
0COVARIANCE STEP OMITTED:        NO
 EIGENVLS. PRINTED:             YES
 SPECIAL COMPUTATION:            NO
 COMPRESSED FORMAT:              NO
 GRADIENT METHOD USED:     NOSLOW
 SIGDIGITS ETAHAT (SIGLO):                  -1
 SIGDIGITS GRADIENTS (SIGL):                -1
 EXCLUDE COV FOR FOCE (NOFCOV):              NO
 TURN OFF Cholesky Transposition of R Matrix (CHOLROFF): NO
 KNUTHSUMOFF:                                -1
 RESUME COV ANALYSIS (RESUME):               NO
 SIR SAMPLE SIZE (SIRSAMPLE):              -1
 NON-LINEARLY TRANSFORM THETAS DURING COV (THBND): 1
 PRECONDTIONING CYCLES (PRECOND):        0
 PRECONDTIONING TYPES (PRECONDS):        TOS
 FORCED PRECONDTIONING CYCLES (PFCOND):0
 PRECONDTIONING TYPE (PRETYPE):        0
 FORCED POS. DEFINITE SETTING: (FPOSDEF):0
0TABLES STEP OMITTED:    NO
 NO. OF TABLES:           4
 SEED NUMBER (SEED):    11456
 RANMETHOD:             3U
 MC SAMPLES (ESAMPLE):    300
 WRES SQUARE ROOT TYPE (WRESCHOL): EIGENVALUE
0-- TABLE   1 --
0RECORDS ONLY:    ALL
04 COLUMNS APPENDED:    YES
 PRINTED:                NO
 HEADER:                YES
 FILE TO BE FORWARDED:   NO
 FORMAT:                S1PE11.4
 LFORMAT:
 RFORMAT:
 FIXED_EFFECT_ETAS:
0USER-CHOSEN ITEMS:
 ID TIME DV MDV EVID IPRED IWRES CWRES
0-- TABLE   2 --
0RECORDS ONLY:    ALL
04 COLUMNS APPENDED:    YES
 PRINTED:                NO
 HEADER:                YES
 FILE TO BE FORWARDED:   NO
 FORMAT:                S1PE11.4
 LFORMAT:
 RFORMAT:
 FIXED_EFFECT_ETAS:
0USER-CHOSEN ITEMS:
 ID CL V KA ETA1 ETA2
0-- TABLE   3 --
0RECORDS ONLY:    ALL
04 COLUMNS APPENDED:    YES
 PRINTED:                NO
 HEADER:                YES
 FILE TO BE FORWARDED:   NO
 FORMAT:                S1PE11.4
 LFORMAT:
 RFORMAT:
 FIXED_EFFECT_ETAS:
0USER-CHOSEN ITEMS:
 ID SEX ETN
0-- TABLE   4 --
0RECORDS ONLY:    ALL
04 COLUMNS APPENDED:    YES
 PRINTED:                NO
 HEADER:                YES
 FILE TO BE FORWARDED:   NO
 FORMAT:                S1PE11.4
 LFORMAT:
 RFORMAT:
 FIXED_EFFECT_ETAS:
0USER-CHOSEN ITEMS:
 ID WT
1DOUBLE PRECISION PREDPP VERSION 7.4.3

 ONE COMPARTMENT MODEL WITH FIRST-ORDER ABSORPTION (ADVAN2)
0MAXIMUM NO. OF BASIC PK PARAMETERS:   3
0BASIC PK PARAMETERS (AFTER TRANSLATION):
   ELIMINATION RATE (K) IS BASIC PK PARAMETER NO.:  1
   ABSORPTION RATE (KA) IS BASIC PK PARAMETER NO.:  3

 TRANSLATOR WILL CONVERT PARAMETERS
 CLEARANCE (CL) AND VOLUME (V) TO K (TRANS2)
0COMPARTMENT ATTRIBUTES
 COMPT. NO.   FUNCTION   INITIAL    ON/OFF      DOSE      DEFAULT    DEFAULT
                         STATUS     ALLOWED    ALLOWED    FOR DOSE   FOR OBS.
    1         DEPOT        OFF        YES        YES        YES        NO
    2         CENTRAL      ON         NO         YES        NO         YES
    3         OUTPUT       OFF        YES        NO         NO         NO
1
 ADDITIONAL PK PARAMETERS - ASSIGNMENT OF ROWS IN GG
 COMPT. NO.                             INDICES
              SCALE      BIOAVAIL.   ZERO-ORDER  ZERO-ORDER  ABSORB
                         FRACTION    RATE        DURATION    LAG
    1            *           *           *           *           *
    2            4           *           *           *           *
    3            *           -           -           -           -
             - PARAMETER IS NOT ALLOWED FOR THIS MODEL
             * PARAMETER IS NOT SUPPLIED BY PK SUBROUTINE;
               WILL DEFAULT TO ONE IF APPLICABLE
0DATA ITEM INDICES USED BY PRED ARE:
   EVENT ID DATA ITEM IS DATA ITEM NO.:      4
   TIME DATA ITEM IS DATA ITEM NO.:          2
   DOSE AMOUNT DATA ITEM IS DATA ITEM NO.:   6

0PK SUBROUTINE CALLED WITH EVERY EVENT RECORD.
 PK SUBROUTINE NOT CALLED AT NONEVENT (ADDITIONAL OR LAGGED) DOSE TIMES.
0ERROR SUBROUTINE CALLED WITH EVERY EVENT RECORD.
1


 #TBLN:      1
 #METH: Stochastic Approximation Expectation-Maximization

 ESTIMATION STEP OMITTED:                 NO
 ANALYSIS TYPE:                           POPULATION
 NUMBER OF SADDLE POINT RESET ITERATIONS:      0
 GRADIENT METHOD USED:               NOSLOW
 CONDITIONAL ESTIMATES USED:              YES
 CENTERED ETA:                            NO
 EPS-ETA INTERACTION:                     YES
 LAPLACIAN OBJ. FUNC.:                    NO
 NO. OF FUNCT. EVALS. ALLOWED:            440
 NO. OF SIG. FIGURES REQUIRED:            3
 INTERMEDIATE PRINTOUT:                   YES
 ESTIMATE OUTPUT TO MSF:                  NO
 IND. OBJ. FUNC. VALUES SORTED:           NO
 NUMERICAL DERIVATIVE
       FILE REQUEST (NUMDER):               NONE
 MAP (ETAHAT) ESTIMATION METHOD (OPTMAP):   0
 ETA HESSIAN EVALUATION METHOD (ETADER):    0
 INITIAL ETA FOR MAP ESTIMATION (MCETA):    0
 SIGDIGITS FOR MAP ESTIMATION (SIGLO):      100
 GRADIENT SIGDIGITS OF
       FIXED EFFECTS PARAMETERS (SIGL):     100
 NOPRIOR SETTING (NOPRIOR):                 OFF
 NOCOV SETTING (NOCOV):                     OFF
 DERCONT SETTING (DERCONT):                 OFF
 FINAL ETA RE-EVALUATION (FNLETA):          ON
 EXCLUDE NON-INFLUENTIAL (NON-INFL.) ETAS
       IN SHRINKAGE (ETASTYPE):             NO
 NON-INFL. ETA CORRECTION (NONINFETA):      OFF
 RAW OUTPUT FILE (FILE): psn.ext
 EXCLUDE TITLE (NOTITLE):                   NO
 EXCLUDE COLUMN LABELS (NOLABEL):           NO
 FORMAT FOR ADDITIONAL FILES (FORMAT):      S1PE12.5
 PARAMETER ORDER FOR OUTPUTS (ORDER):       TSOL
 WISHART PRIOR DF INTERPRETATION (WISHTYPE):0
 KNUTHSUMOFF:                               0
 INCLUDE LNTWOPI:                           NO
 INCLUDE CONSTANT TERM TO PRIOR (PRIORC):   NO
 INCLUDE CONSTANT TERM TO OMEGA (ETA) (OLNTWOPI):NO
 EM OR BAYESIAN METHOD USED:                STOCHASTIC APPROXIMATION EXPECTATION MAXIMIZATION (SAEM)
 MU MODELING PATTERN (MUM):
 GRADIENT/GIBBS PATTERN (GRD):
 AUTOMATIC SETTING FEATURE (AUTO):          OFF
 CONVERGENCE TYPE (CTYPE):                  0
 BURN-IN ITERATIONS (NBURN):                3000
 ITERATIONS (NITER):                        500
 ANEAL SETTING (CONSTRAIN):                 1
 STARTING SEED FOR MC METHODS (SEED):       11456
 MC SAMPLES PER SUBJECT (ISAMPLE):          2
 RANDOM SAMPLING METHOD (RANMETHOD):        3U
 EXPECTATION ONLY (EONLY):                  0
 PROPOSAL DENSITY SCALING RANGE
              (ISCALE_MIN, ISCALE_MAX):     1.000000000000000E-06   ,1000000.00000000
 SAMPLE ACCEPTANCE RATE (IACCEPT):          0.400000000000000
 METROPOLIS HASTINGS SAMPLING FOR INDIVIDUAL ETAS:
 SAMPLES FOR GLOBAL SEARCH KERNEL (ISAMPLE_M1):          2
 SAMPLES FOR NEIGHBOR SEARCH KERNEL (ISAMPLE_M1A):       0
 SAMPLES FOR MASS/IMP/POST. MATRIX SEARCH (ISAMPLE_M1B): 2
 SAMPLES FOR LOCAL SEARCH KERNEL (ISAMPLE_M2):           2
 SAMPLES FOR LOCAL UNIVARIATE KERNEL (ISAMPLE_M3):       2
 PWR. WT. MASS/IMP/POST MATRIX ACCUM. FOR ETAS (IKAPPA): 1.00000000000000
 MASS/IMP./POST. MATRIX REFRESH SETTING (MASSREST):      -1


 THE FOLLOWING LABELS ARE EQUIVALENT
 PRED=PREDI
 RES=RESI
 WRES=WRESI
 IWRS=IWRESI
 IPRD=IPREDI
 IRS=IRESI

 EM/BAYES SETUP:
 THETAS THAT ARE MU MODELED:
 
 THETAS THAT ARE SIGMA-LIKE:
 

 MONITORING OF SEARCH:

 Stochastic/Burn-in Mode
 iteration        -3000  SAEMOBJ=   33392.314818837047
 iteration        -2900  SAEMOBJ=   1834.2235296267140
 iteration        -2800  SAEMOBJ=   1830.1232433149814
 iteration        -2700  SAEMOBJ=   1819.0835441610673
 iteration        -2600  SAEMOBJ=   1818.4059125334475
 iteration        -2500  SAEMOBJ=   1817.3497655197466
 iteration        -2400  SAEMOBJ=   1827.9991172045675
 iteration        -2300  SAEMOBJ=   1818.6649489236481
 iteration        -2200  SAEMOBJ=   1799.1583324750923
 iteration        -2100  SAEMOBJ=   1774.8572786160921
 iteration        -2000  SAEMOBJ=   1764.5638534258351
 iteration        -1900  SAEMOBJ=   1724.5913912123090
 iteration        -1800  SAEMOBJ=   1715.0979271996143
 iteration        -1700  SAEMOBJ=   1722.5233654509411
 iteration        -1600  SAEMOBJ=   1708.1086403663926
 iteration        -1500  SAEMOBJ=   1726.1143399160865
 iteration        -1400  SAEMOBJ=   1714.7651591628537
 iteration        -1300  SAEMOBJ=   1707.1907867118966
 iteration        -1200  SAEMOBJ=   1717.1973351820577
 iteration        -1100  SAEMOBJ=   1725.4815994899382
 iteration        -1000  SAEMOBJ=   1714.4554635322361
 iteration         -900  SAEMOBJ=   1708.7412997746837
 iteration         -800  SAEMOBJ=   1716.4944394225804
 iteration         -700  SAEMOBJ=   1717.4081917905110
 iteration         -600  SAEMOBJ=   1727.5352965349839
 iteration         -500  SAEMOBJ=   1728.4874769378243
 iteration         -400  SAEMOBJ=   1729.2490956237166
 iteration         -300  SAEMOBJ=   1720.4485708115371
 iteration         -200  SAEMOBJ=   1711.2414307381600
 iteration         -100  SAEMOBJ=   1716.5034961893311
 Reduced Stochastic/Accumulation Mode
 iteration            0  SAEMOBJ=   1718.9781034847199
 iteration          100  SAEMOBJ=   1706.0224857068538
 iteration          200  SAEMOBJ=   1706.0677230533095
 iteration          300  SAEMOBJ=   1705.7153316244189
 iteration          400  SAEMOBJ=   1705.7280921720685
 iteration          500  SAEMOBJ=   1705.6170580277603

 #TERM:
 STOCHASTIC PORTION WAS NOT TESTED FOR CONVERGENCE
 REDUCED STOCHASTIC PORTION WAS COMPLETED

 ETABAR IS THE ARITHMETIC MEAN OF THE ETA-ESTIMATES,
 AND THE P-VALUE IS GIVEN FOR THE NULL HYPOTHESIS THAT THE TRUE MEAN IS 0.

 ETABAR:         2.4817E-02  4.4568E-03
 SE:             5.5966E-02  5.9974E-02
 N:                      40          40

 P VAL.:         6.5745E-01  9.4076E-01

 ETASHRINKSD(%)  4.7699E+00  7.5510E-01
 ETASHRINKVR(%)  9.3123E+00  1.5045E+00
 EBVSHRINKSD(%)  4.5290E+00  7.4957E-01
 EBVSHRINKVR(%)  8.8528E+00  1.4935E+00
 EPSSHRINKSD(%)  5.0664E+00
 EPSSHRINKVR(%)  9.8761E+00

  
 TOTAL DATA POINTS NORMALLY DISTRIBUTED (N):          760
 N*LOG(2PI) CONSTANT TO OBJECTIVE FUNCTION:    1396.7865704711026     
 OBJECTIVE FUNCTION VALUE WITHOUT CONSTANT:    1705.6170580277603     
 OBJECTIVE FUNCTION VALUE WITH CONSTANT:       3102.4036284988629     
 REPORTED OBJECTIVE FUNCTION DOES NOT CONTAIN CONSTANT
  
 TOTAL EFFECTIVE ETAS (NIND*NETA):                            80
 NIND*NETA*LOG(2PI) CONSTANT TO OBJECTIVE FUNCTION:    147.03016531274761     
 OBJECTIVE FUNCTION VALUE WITHOUT CONSTANT:    1705.6170580277603     
 OBJECTIVE FUNCTION VALUE WITH CONSTANT:       1852.6472233405079     
 REPORTED OBJECTIVE FUNCTION DOES NOT CONTAIN CONSTANT
  
 #TERE:
 Elapsed estimation  time in seconds:    97.12
 Elapsed covariance  time in seconds:     0.03
1
 
 
 
 
 
 
 
 
 
 
 
 
 
 
 
 
 
 
 
 
 ************************************************************************************************************************
 ********************                                                                                ********************
 ********************                STOCHASTIC APPROXIMATION EXPECTATION-MAXIMIZATION               ********************
 #OBJT:**************                        FINAL VALUE OF LIKELIHOOD FUNCTION                      ********************
 ********************                                                                                ********************
 ************************************************************************************************************************
 





 #OBJV:********************************************     1705.617       **************************************************
1
 ************************************************************************************************************************
 ********************                                                                                ********************
 ********************                STOCHASTIC APPROXIMATION EXPECTATION-MAXIMIZATION               ********************
 ********************                             FINAL PARAMETER ESTIMATE                           ********************
 ********************                                                                                ********************
 ************************************************************************************************************************
 


 THETA - VECTOR OF FIXED EFFECTS PARAMETERS   *********


         TH 1      TH 2      TH 3      TH 4      TH 5     
 
         2.27E+00  4.10E+01  4.66E+02  7.17E-02  1.09E+00
 


 OMEGA - COV MATRIX FOR RANDOM EFFECTS - ETAS  ********


         ETA1      ETA2     
 
 ETA1
+        1.42E-01
 
 ETA2
+        0.00E+00  1.50E-01
 


 SIGMA - COV MATRIX FOR RANDOM EFFECTS - EPSILONS  ****


         EPS1     
 
 EPS1
+        1.00E+00
 
1


 OMEGA - CORR MATRIX FOR RANDOM EFFECTS - ETAS  *******


         ETA1      ETA2     
 
 ETA1
+        3.76E-01
 
 ETA2
+        0.00E+00  3.87E-01
 


 SIGMA - CORR MATRIX FOR RANDOM EFFECTS - EPSILONS  ***


         EPS1     
 
 EPS1
+        1.00E+00
 
1
 ************************************************************************************************************************
 ********************                                                                                ********************
 ********************                STOCHASTIC APPROXIMATION EXPECTATION-MAXIMIZATION               ********************
 ********************                          STANDARD ERROR OF ESTIMATE (S)                        ********************
 ********************                                                                                ********************
 ************************************************************************************************************************
 


 THETA - VECTOR OF FIXED EFFECTS PARAMETERS   *********


         TH 1      TH 2      TH 3      TH 4      TH 5     
 
         6.41E-02  2.68E+00  3.07E+01  7.35E-03  9.61E-02
 


 OMEGA - COV MATRIX FOR RANDOM EFFECTS - ETAS  ********


         ETA1      ETA2     
 
 ETA1
+        5.27E-02
 
 ETA2
+        0.00E+00  5.14E-02
 


 SIGMA - COV MATRIX FOR RANDOM EFFECTS - EPSILONS  ****


         EPS1     
 
 EPS1
+        0.00E+00
 
1


 OMEGA - CORR MATRIX FOR RANDOM EFFECTS - ETAS  *******


         ETA1      ETA2     
 
 ETA1
+        7.00E-02
 
 ETA2
+       .........  6.64E-02
 


 SIGMA - CORR MATRIX FOR RANDOM EFFECTS - EPSILONS  ***


         EPS1     
 
 EPS1
+       .........
 
1
 ************************************************************************************************************************
 ********************                                                                                ********************
 ********************                STOCHASTIC APPROXIMATION EXPECTATION-MAXIMIZATION               ********************
 ********************                        COVARIANCE MATRIX OF ESTIMATE (S)                       ********************
 ********************                                                                                ********************
 ************************************************************************************************************************
 

            TH 1      TH 2      TH 3      TH 4      TH 5      OM11      OM12      OM22      SG11  
 
 TH 1
+        4.11E-03
 
 TH 2
+        1.11E-02  7.19E+00
 
 TH 3
+        5.50E-01  8.97E+00  9.40E+02
 
 TH 4
+        9.74E-05  4.04E-03 -3.04E-02  5.41E-05
 
 TH 5
+       -1.24E-03 -1.31E-02  1.32E-01 -5.61E-04  9.24E-03
 
 OM11
+        2.40E-04  3.87E-03  2.25E-01  1.83E-05  7.14E-05  2.77E-03
 
 OM12
+       ......... ......... ......... ......... ......... ......... .........
 
 OM22
+       -5.41E-04 -4.12E-02 -9.62E-02 -1.03E-05  9.93E-05  2.59E-04  0.00E+00  2.64E-03
 
 SG11
+       ......... ......... ......... ......... ......... ......... ......... ......... .........
 
1
 ************************************************************************************************************************
 ********************                                                                                ********************
 ********************                STOCHASTIC APPROXIMATION EXPECTATION-MAXIMIZATION               ********************
 ********************                        CORRELATION MATRIX OF ESTIMATE (S)                      ********************
 ********************                                                                                ********************
 ************************************************************************************************************************
 

            TH 1      TH 2      TH 3      TH 4      TH 5      OM11      OM12      OM22      SG11  
 
 TH 1
+        6.41E-02
 
 TH 2
+        6.45E-02  2.68E+00
 
 TH 3
+        2.80E-01  1.09E-01  3.07E+01
 
 TH 4
+        2.07E-01  2.05E-01 -1.35E-01  7.35E-03
 
 TH 5
+       -2.01E-01 -5.10E-02  4.50E-02 -7.94E-01  9.61E-02
 
 OM11
+        7.10E-02  2.74E-02  1.39E-01  4.73E-02  1.41E-02  5.27E-02
 
 OM12
+       ......... ......... ......... ......... ......... ......... .........
 
 OM22
+       -1.64E-01 -2.99E-01 -6.11E-02 -2.74E-02  2.01E-02  9.55E-02  0.00E+00  5.14E-02
 
 SG11
+       ......... ......... ......... ......... ......... ......... ......... ......... .........
 
1
 ************************************************************************************************************************
 ********************                                                                                ********************
 ********************                STOCHASTIC APPROXIMATION EXPECTATION-MAXIMIZATION               ********************
 ********************                    INVERSE COVARIANCE MATRIX OF ESTIMATE (S)                   ********************
 ********************                                                                                ********************
 ************************************************************************************************************************
 

            TH 1      TH 2      TH 3      TH 4      TH 5      OM11      OM12      OM22      SG11  
 
 TH 1
+        2.91E+02
 
 TH 2
+        4.64E-01  1.71E-01
 
 TH 3
+       -1.85E-01 -2.37E-03  1.27E-03
 
 TH 4
+       -5.79E+02 -3.02E+01  2.13E+00  5.85E+04
 
 TH 5
+        6.58E+00 -1.52E+00  8.37E-02  3.41E+03  3.13E+02
 
 OM11
+       -1.26E+01 -9.16E-02 -9.87E-02 -5.20E+02 -3.44E+01  3.78E+02
 
 OM12
+       ......... ......... ......... ......... ......... ......... .........
 
 OM22
+        5.88E+01  2.62E+00 -1.37E-02 -3.60E+02 -1.44E+01 -4.54E+01  0.00E+00  4.35E+02
 
 SG11
+       ......... ......... ......... ......... ......... ......... ......... ......... .........
 
1
 
 
 
 
 
 
 
 
 
 
 
 
 
 
 
 
 
 
 
 
 ************************************************************************************************************************
 ********************                                                                                ********************
 ********************                STOCHASTIC APPROXIMATION EXPECTATION-MAXIMIZATION               ********************
 ********************                    EIGENVALUES OF COR MATRIX OF ESTIMATE (S)                   ********************
 ********************                                                                                ********************
 ************************************************************************************************************************
 

             1         2         3         4         5         6         7
 
         1.77E-01  5.80E-01  7.23E-01  9.47E-01  1.19E+00  1.43E+00  1.95E+00
 
1


 #TBLN:      2
 #METH: Objective Function Evaluation by Importance Sampling (No Prior)

 ESTIMATION STEP OMITTED:                 NO
 ANALYSIS TYPE:                           POPULATION
 NUMBER OF SADDLE POINT RESET ITERATIONS:      0
 GRADIENT METHOD USED:               NOSLOW
 CONDITIONAL ESTIMATES USED:              YES
 CENTERED ETA:                            NO
 EPS-ETA INTERACTION:                     YES
 LAPLACIAN OBJ. FUNC.:                    NO
 NO. OF FUNCT. EVALS. ALLOWED:            440
 NO. OF SIG. FIGURES REQUIRED:            3
 INTERMEDIATE PRINTOUT:                   YES
 ESTIMATE OUTPUT TO MSF:                  NO
 IND. OBJ. FUNC. VALUES SORTED:           NO
 NUMERICAL DERIVATIVE
       FILE REQUEST (NUMDER):               NONE
 MAP (ETAHAT) ESTIMATION METHOD (OPTMAP):   0
 ETA HESSIAN EVALUATION METHOD (ETADER):    0
 INITIAL ETA FOR MAP ESTIMATION (MCETA):    0
 SIGDIGITS FOR MAP ESTIMATION (SIGLO):      8
 GRADIENT SIGDIGITS OF
       FIXED EFFECTS PARAMETERS (SIGL):     8
 NOPRIOR SETTING (NOPRIOR):                 ON
 NOCOV SETTING (NOCOV):                     OFF
 DERCONT SETTING (DERCONT):                 OFF
 FINAL ETA RE-EVALUATION (FNLETA):          ON
 EXCLUDE NON-INFLUENTIAL (NON-INFL.) ETAS
       IN SHRINKAGE (ETASTYPE):             NO
 NON-INFL. ETA CORRECTION (NONINFETA):      OFF
 RAW OUTPUT FILE (FILE): psn.ext
 EXCLUDE TITLE (NOTITLE):                   NO
 EXCLUDE COLUMN LABELS (NOLABEL):           NO
 FORMAT FOR ADDITIONAL FILES (FORMAT):      S1PE12.5
 PARAMETER ORDER FOR OUTPUTS (ORDER):       TSOL
 WISHART PRIOR DF INTERPRETATION (WISHTYPE):0
 KNUTHSUMOFF:                               0
 INCLUDE LNTWOPI:                           NO
 INCLUDE CONSTANT TERM TO PRIOR (PRIORC):   NO
 INCLUDE CONSTANT TERM TO OMEGA (ETA) (OLNTWOPI):NO
 EM OR BAYESIAN METHOD USED:                IMPORTANCE SAMPLING (IMP)
 MU MODELING PATTERN (MUM):
 GRADIENT/GIBBS PATTERN (GRD):
 AUTOMATIC SETTING FEATURE (AUTO):          OFF
 CONVERGENCE TYPE (CTYPE):                  0
 ITERATIONS (NITER):                        5
 ANEAL SETTING (CONSTRAIN):                 1
 STARTING SEED FOR MC METHODS (SEED):       11456
 MC SAMPLES PER SUBJECT (ISAMPLE):          3000
 RANDOM SAMPLING METHOD (RANMETHOD):        3U
 EXPECTATION ONLY (EONLY):                  1
 PROPOSAL DENSITY SCALING RANGE
              (ISCALE_MIN, ISCALE_MAX):     0.100000000000000       ,10.0000000000000
 SAMPLE ACCEPTANCE RATE (IACCEPT):          0.400000000000000
 LONG TAIL SAMPLE ACCEPT. RATE (IACCEPTL):   0.00000000000000
 T-DIST. PROPOSAL DENSITY (DF):             0
 NO. ITERATIONS FOR MAP (MAPITER):          1
 INTERVAL ITER. FOR MAP (MAPINTER):         0
 MAP COVARIANCE/MODE SETTING (MAPCOV):      1
 Gradient Quick Value (GRDQ):               0.00000000000000


 THE FOLLOWING LABELS ARE EQUIVALENT
 PRED=PREDI
 RES=RESI
 WRES=WRESI
 IWRS=IWRESI
 IPRD=IPREDI
 IRS=IRESI

 EM/BAYES SETUP:
 THETAS THAT ARE MU MODELED:
 
 THETAS THAT ARE SIGMA-LIKE:
 

 MONITORING OF SEARCH:

 iteration            0  OBJ=   2085.6256576215546 eff.=    3012. Smpl.=    3000. Fit.= 0.98776
 iteration            1  OBJ=   2085.4910186640195 eff.=    1192. Smpl.=    3000. Fit.= 0.78650
 iteration            2  OBJ=   2085.6646708591761 eff.=    1184. Smpl.=    3000. Fit.= 0.78582
 iteration            3  OBJ=   2085.6121683887168 eff.=    1190. Smpl.=    3000. Fit.= 0.78627
 iteration            4  OBJ=   2085.4387407629829 eff.=    1194. Smpl.=    3000. Fit.= 0.78638
 iteration            5  OBJ=   2085.7068993787534 eff.=    1192. Smpl.=    3000. Fit.= 0.78714

 #TERM:
 EXPECTATION ONLY PROCESS COMPLETED


 ETABAR IS THE ARITHMETIC MEAN OF THE ETA-ESTIMATES,
 AND THE P-VALUE IS GIVEN FOR THE NULL HYPOTHESIS THAT THE TRUE MEAN IS 0.

 ETABAR:         2.1000E-02  4.2699E-03
 SE:             5.6176E-02  5.9991E-02
 N:                      40          40

 P VAL.:         7.0854E-01  9.4326E-01

 ETASHRINKSD(%)  4.4114E+00  7.2645E-01
 ETASHRINKVR(%)  8.6283E+00  1.4476E+00
 EBVSHRINKSD(%)  4.5110E+00  7.3792E-01
 EBVSHRINKVR(%)  8.8185E+00  1.4704E+00
 EPSSHRINKSD(%)  5.1247E+00
 EPSSHRINKVR(%)  9.9869E+00

  
 TOTAL DATA POINTS NORMALLY DISTRIBUTED (N):          760
 N*LOG(2PI) CONSTANT TO OBJECTIVE FUNCTION:    1396.7865704711026     
 OBJECTIVE FUNCTION VALUE WITHOUT CONSTANT:    2085.7068993787534     
 OBJECTIVE FUNCTION VALUE WITH CONSTANT:       3482.4934698498560     
 REPORTED OBJECTIVE FUNCTION DOES NOT CONTAIN CONSTANT
  
 TOTAL EFFECTIVE ETAS (NIND*NETA):                            80
  
 #TERE:
 Elapsed estimation  time in seconds:    12.18
 Elapsed covariance  time in seconds:   135.94
1
 
 
 
 
 
 
 
 
 
 
 
 
 
 
 
 
 
 
 
 
 ************************************************************************************************************************
 ********************                                                                                ********************
 ********************         OBJECTIVE FUNCTION EVALUATION BY IMPORTANCE SAMPLING (NO PRIOR)        ********************
 #OBJT:**************                        FINAL VALUE OF OBJECTIVE FUNCTION                       ********************
 ********************                                                                                ********************
 ************************************************************************************************************************
 





 #OBJV:********************************************     2085.707       **************************************************
1
 ************************************************************************************************************************
 ********************                                                                                ********************
 ********************         OBJECTIVE FUNCTION EVALUATION BY IMPORTANCE SAMPLING (NO PRIOR)        ********************
 ********************                             FINAL PARAMETER ESTIMATE                           ********************
 ********************                                                                                ********************
 ************************************************************************************************************************
 


 THETA - VECTOR OF FIXED EFFECTS PARAMETERS   *********


         TH 1      TH 2      TH 3      TH 4      TH 5     
 
         2.27E+00  4.10E+01  4.66E+02  7.17E-02  1.09E+00
 


 OMEGA - COV MATRIX FOR RANDOM EFFECTS - ETAS  ********


         ETA1      ETA2     
 
 ETA1
+        1.42E-01
 
 ETA2
+        0.00E+00  1.50E-01
 


 SIGMA - COV MATRIX FOR RANDOM EFFECTS - EPSILONS  ****


         EPS1     
 
 EPS1
+        1.00E+00
 
1


 OMEGA - CORR MATRIX FOR RANDOM EFFECTS - ETAS  *******


         ETA1      ETA2     
 
 ETA1
+        3.76E-01
 
 ETA2
+        0.00E+00  3.87E-01
 


 SIGMA - CORR MATRIX FOR RANDOM EFFECTS - EPSILONS  ***


         EPS1     
 
 EPS1
+        1.00E+00
 
1
 ************************************************************************************************************************
 ********************                                                                                ********************
 ********************         OBJECTIVE FUNCTION EVALUATION BY IMPORTANCE SAMPLING (NO PRIOR)        ********************
 ********************                         STANDARD ERROR OF ESTIMATE (RSR)                       ********************
 ********************                                                                                ********************
 ************************************************************************************************************************
 


 THETA - VECTOR OF FIXED EFFECTS PARAMETERS   *********


         TH 1      TH 2      TH 3      TH 4      TH 5     
 
         8.00E-02  2.69E+00  2.38E+01  8.24E-03  8.56E-02
 


 OMEGA - COV MATRIX FOR RANDOM EFFECTS - ETAS  ********


         ETA1      ETA2     
 
 ETA1
+        2.23E-02
 
 ETA2
+        0.00E+00  2.39E-02
 


 SIGMA - COV MATRIX FOR RANDOM EFFECTS - EPSILONS  ****


         EPS1     
 
 EPS1
+        0.00E+00
 
1


 OMEGA - CORR MATRIX FOR RANDOM EFFECTS - ETAS  *******


         ETA1      ETA2     
 
 ETA1
+        2.97E-02
 
 ETA2
+       .........  3.09E-02
 


 SIGMA - CORR MATRIX FOR RANDOM EFFECTS - EPSILONS  ***


         EPS1     
 
 EPS1
+       .........
 
1
 ************************************************************************************************************************
 ********************                                                                                ********************
 ********************         OBJECTIVE FUNCTION EVALUATION BY IMPORTANCE SAMPLING (NO PRIOR)        ********************
 ********************                       COVARIANCE MATRIX OF ESTIMATE (RSR)                      ********************
 ********************                                                                                ********************
 ************************************************************************************************************************
 

            TH 1      TH 2      TH 3      TH 4      TH 5      OM11      OM12      OM22      SG11  
 
 TH 1
+        6.40E-03
 
 TH 2
+       -3.12E-02  7.23E+00
 
 TH 3
+       -1.53E-01  2.66E+00  5.65E+02
 
 TH 4
+       -1.26E-04 -4.64E-03  5.01E-02  6.80E-05
 
 TH 5
+        1.32E-03  3.40E-02 -3.41E-01 -6.05E-04  7.32E-03
 
 OM11
+       -2.44E-05 -1.24E-02 -1.15E-01 -5.00E-06 -4.67E-05  4.99E-04
 
 OM12
+       ......... ......... ......... ......... ......... ......... .........
 
 OM22
+        2.44E-04  2.14E-02  2.03E-02 -2.60E-05  2.27E-04 -9.74E-05  0.00E+00  5.72E-04
 
 SG11
+       ......... ......... ......... ......... ......... ......... ......... ......... .........
 
1
 ************************************************************************************************************************
 ********************                                                                                ********************
 ********************         OBJECTIVE FUNCTION EVALUATION BY IMPORTANCE SAMPLING (NO PRIOR)        ********************
 ********************                       CORRELATION MATRIX OF ESTIMATE (RSR)                     ********************
 ********************                                                                                ********************
 ************************************************************************************************************************
 

            TH 1      TH 2      TH 3      TH 4      TH 5      OM11      OM12      OM22      SG11  
 
 TH 1
+        8.00E-02
 
 TH 2
+       -1.45E-01  2.69E+00
 
 TH 3
+       -8.06E-02  4.16E-02  2.38E+01
 
 TH 4
+       -1.91E-01 -2.09E-01  2.56E-01  8.24E-03
 
 TH 5
+        1.93E-01  1.48E-01 -1.67E-01 -8.57E-01  8.56E-02
 
 OM11
+       -1.36E-02 -2.06E-01 -2.16E-01 -2.71E-02 -2.44E-02  2.23E-02
 
 OM12
+       ......... ......... ......... ......... ......... ......... .........
 
 OM22
+        1.27E-01  3.34E-01  3.57E-02 -1.32E-01  1.11E-01 -1.82E-01  0.00E+00  2.39E-02
 
 SG11
+       ......... ......... ......... ......... ......... ......... ......... ......... .........
 
1
 ************************************************************************************************************************
 ********************                                                                                ********************
 ********************         OBJECTIVE FUNCTION EVALUATION BY IMPORTANCE SAMPLING (NO PRIOR)        ********************
 ********************                   INVERSE COVARIANCE MATRIX OF ESTIMATE (RSR)                  ********************
 ********************                                                                                ********************
 ************************************************************************************************************************
 

            TH 1      TH 2      TH 3      TH 4      TH 5      OM11      OM12      OM22      SG11  
 
 TH 1
+        1.75E+02
 
 TH 2
+        1.32E+00  1.77E-01
 
 TH 3
+        2.08E-02 -8.81E-04  2.01E-03
 
 TH 4
+        2.46E+02  1.96E+01 -2.35E+00  6.13E+04
 
 TH 5
+       -1.29E+01  7.22E-01 -9.59E-02  4.82E+03  5.30E+02
 
 OM11
+        2.70E+01  3.34E+00  3.99E-01  1.08E+03  9.44E+01  2.25E+03
 
 OM12
+       ......... ......... ......... ......... ......... ......... .........
 
 OM22
+       -1.04E+02 -6.00E+00 -4.78E-02  3.07E+02  6.93E+00  2.44E+02  0.00E+00  2.07E+03
 
 SG11
+       ......... ......... ......... ......... ......... ......... ......... ......... .........
 
1
 
 
 
 
 
 
 
 
 
 
 
 
 
 
 
 
 
 
 
 
 ************************************************************************************************************************
 ********************                                                                                ********************
 ********************         OBJECTIVE FUNCTION EVALUATION BY IMPORTANCE SAMPLING (NO PRIOR)        ********************
 ********************                   EIGENVALUES OF COR MATRIX OF ESTIMATE (RSR)                  ********************
 ********************                                                                                ********************
 ************************************************************************************************************************
 

             1         2         3         4         5         6         7
 
         1.33E-01  5.50E-01  7.25E-01  9.06E-01  1.05E+00  1.52E+00  2.12E+00
 
1


 #TBLN:      3
 #METH: First Order Conditional Estimation with Interaction (No Prior)

 ESTIMATION STEP OMITTED:                 NO
 ANALYSIS TYPE:                           POPULATION
 NUMBER OF SADDLE POINT RESET ITERATIONS:      0
 GRADIENT METHOD USED:               NOSLOW
 CONDITIONAL ESTIMATES USED:              YES
 CENTERED ETA:                            NO
 EPS-ETA INTERACTION:                     YES
 LAPLACIAN OBJ. FUNC.:                    NO
 NO. OF FUNCT. EVALS. ALLOWED:            9999
 NO. OF SIG. FIGURES REQUIRED:            3
 INTERMEDIATE PRINTOUT:                   YES
 ESTIMATE OUTPUT TO MSF:                  NO
 ABORT WITH PRED EXIT CODE 1:             NO
 IND. OBJ. FUNC. VALUES SORTED:           NO
 NUMERICAL DERIVATIVE
       FILE REQUEST (NUMDER):               NONE
 MAP (ETAHAT) ESTIMATION METHOD (OPTMAP):   0
 ETA HESSIAN EVALUATION METHOD (ETADER):    0
 INITIAL ETA FOR MAP ESTIMATION (MCETA):    0
 SIGDIGITS FOR MAP ESTIMATION (SIGLO):      8
 GRADIENT SIGDIGITS OF
       FIXED EFFECTS PARAMETERS (SIGL):     8
 NOPRIOR SETTING (NOPRIOR):                 ON
 NOCOV SETTING (NOCOV):                     OFF
 DERCONT SETTING (DERCONT):                 OFF
 FINAL ETA RE-EVALUATION (FNLETA):          ON
 EXCLUDE NON-INFLUENTIAL (NON-INFL.) ETAS
       IN SHRINKAGE (ETASTYPE):             NO
 NON-INFL. ETA CORRECTION (NONINFETA):      OFF
 RAW OUTPUT FILE (FILE): psn.ext
 EXCLUDE TITLE (NOTITLE):                   NO
 EXCLUDE COLUMN LABELS (NOLABEL):           NO
 FORMAT FOR ADDITIONAL FILES (FORMAT):      S1PE12.5
 PARAMETER ORDER FOR OUTPUTS (ORDER):       TSOL
 WISHART PRIOR DF INTERPRETATION (WISHTYPE):0
 KNUTHSUMOFF:                               0
 INCLUDE LNTWOPI:                           NO
 INCLUDE CONSTANT TERM TO PRIOR (PRIORC):   NO
 INCLUDE CONSTANT TERM TO OMEGA (ETA) (OLNTWOPI):NO
 ADDITIONAL CONVERGENCE TEST (CTYPE=4)?:    NO
 EM OR BAYESIAN METHOD USED:                 NONE


 THE FOLLOWING LABELS ARE EQUIVALENT
 PRED=PREDI
 RES=RESI
 WRES=WRESI
 IWRS=IWRESI
 IPRD=IPREDI
 IRS=IRESI

 MONITORING OF SEARCH:


0ITERATION NO.:    0    OBJECTIVE VALUE:   2085.92015004426        NO. OF FUNC. EVALS.:   7
 CUMULATIVE NO. OF FUNC. EVALS.:        7
 NPARAMETR:  2.2697E+00  4.0958E+01  4.6616E+02  7.1676E-02  1.0866E+00  1.4169E-01  1.4982E-01
 PARAMETER:  1.0000E-01  1.0000E-01  1.0000E-01  1.0000E-01  1.0000E-01  1.0000E-01  1.0000E-01
 GRADIENT:  -6.2763E+00 -1.5811E+01 -7.2543E-01  4.1582E+00 -1.1609E+01  2.1879E+00  1.9741E+00

0ITERATION NO.:    5    OBJECTIVE VALUE:   2085.68653303918        NO. OF FUNC. EVALS.:  55
 CUMULATIVE NO. OF FUNC. EVALS.:       62
 NPARAMETR:  2.2758E+00  4.2905E+01  4.6744E+02  7.1993E-02  1.0851E+00  1.3925E-01  1.4766E-01
 PARAMETER:  1.0269E-01  1.4644E-01  1.0275E-01  1.0044E-01  9.9865E-02  9.1292E-02  9.2751E-02
 GRADIENT:   2.5789E+00  8.7018E+00  7.5188E-01  1.7221E+01 -4.1256E+00  1.6707E+00  1.0381E+00

0ITERATION NO.:   10    OBJECTIVE VALUE:   2085.60382332069        NO. OF FUNC. EVALS.:  43
 CUMULATIVE NO. OF FUNC. EVALS.:      105
 NPARAMETR:  2.2742E+00  4.2243E+01  4.6682E+02  7.1240E-02  1.0927E+00  1.3554E-01  1.4586E-01
 PARAMETER:  1.0196E-01  1.3089E-01  1.0143E-01  9.9390E-02  1.0056E-01  7.7800E-02  8.6618E-02
 GRADIENT:   8.2733E-02  2.5899E-01  3.7973E-02  2.6317E-01 -2.5673E-01 -8.9501E-02  1.7122E-02

0ITERATION NO.:   14    OBJECTIVE VALUE:   2085.59928767119        NO. OF FUNC. EVALS.:  62
 CUMULATIVE NO. OF FUNC. EVALS.:      167
 NPARAMETR:  2.2746E+00  4.2273E+01  4.6867E+02  7.1222E-02  1.0935E+00  1.3571E-01  1.4582E-01
 PARAMETER:  1.0217E-01  1.3161E-01  1.0537E-01  9.9366E-02  1.0064E-01  7.8413E-02  8.6474E-02
 GRADIENT:  -5.9268E-04 -1.5673E-04  3.2275E-04  1.7774E-05 -5.2596E-03 -5.1157E-04 -3.9005E-04

 #TERM:
0MINIMIZATION SUCCESSFUL
 NO. OF FUNCTION EVALUATIONS USED:      167
 NO. OF SIG. DIGITS IN FINAL EST.:  4.4

 ETABAR IS THE ARITHMETIC MEAN OF THE ETA-ESTIMATES,
 AND THE P-VALUE IS GIVEN FOR THE NULL HYPOTHESIS THAT THE TRUE MEAN IS 0.

 ETABAR:         3.9168E-03 -2.7717E-03
 SE:             5.5257E-02  5.9686E-02
 N:                      40          40

 P VAL.:         9.4349E-01  9.6296E-01

 ETASHRINKSD(%)  3.9237E+00  1.0000E-10
 ETASHRINKVR(%)  7.6935E+00  1.0000E-10
 EBVSHRINKSD(%)  4.4271E+00  7.5589E-01
 EBVSHRINKVR(%)  8.6582E+00  1.5061E+00
 EPSSHRINKSD(%)  5.0726E+00
 EPSSHRINKVR(%)  9.8879E+00

  
 TOTAL DATA POINTS NORMALLY DISTRIBUTED (N):          760
 N*LOG(2PI) CONSTANT TO OBJECTIVE FUNCTION:    1396.7865704711026     
 OBJECTIVE FUNCTION VALUE WITHOUT CONSTANT:    2085.5992876711925     
 OBJECTIVE FUNCTION VALUE WITH CONSTANT:       3482.3858581422951     
 REPORTED OBJECTIVE FUNCTION DOES NOT CONTAIN CONSTANT
  
 TOTAL EFFECTIVE ETAS (NIND*NETA):                            80
  
 #TERE:
 Elapsed estimation  time in seconds:     0.84
 Elapsed covariance  time in seconds:     0.68
 Elapsed postprocess time in seconds:     0.02
1
 
 
 
 
 
 
 
 
 
 
 
 
 
 
 
 
 
 
 
 
 ************************************************************************************************************************
 ********************                                                                                ********************
 ********************          FIRST ORDER CONDITIONAL ESTIMATION WITH INTERACTION (NO PRIOR)        ********************
 #OBJT:**************                       MINIMUM VALUE OF OBJECTIVE FUNCTION                      ********************
 ********************                                                                                ********************
 ************************************************************************************************************************
 





 #OBJV:********************************************     2085.599       **************************************************
1
 ************************************************************************************************************************
 ********************                                                                                ********************
 ********************          FIRST ORDER CONDITIONAL ESTIMATION WITH INTERACTION (NO PRIOR)        ********************
 ********************                             FINAL PARAMETER ESTIMATE                           ********************
 ********************                                                                                ********************
 ************************************************************************************************************************
 


 THETA - VECTOR OF FIXED EFFECTS PARAMETERS   *********


         TH 1      TH 2      TH 3      TH 4      TH 5     
 
         2.27E+00  4.23E+01  4.69E+02  7.12E-02  1.09E+00
 


 OMEGA - COV MATRIX FOR RANDOM EFFECTS - ETAS  ********


         ETA1      ETA2     
 
 ETA1
+        1.36E-01
 
 ETA2
+        0.00E+00  1.46E-01
 


 SIGMA - COV MATRIX FOR RANDOM EFFECTS - EPSILONS  ****


         EPS1     
 
 EPS1
+        1.00E+00
 
1


 OMEGA - CORR MATRIX FOR RANDOM EFFECTS - ETAS  *******


         ETA1      ETA2     
 
 ETA1
+        3.68E-01
 
 ETA2
+        0.00E+00  3.82E-01
 


 SIGMA - CORR MATRIX FOR RANDOM EFFECTS - EPSILONS  ***


         EPS1     
 
 EPS1
+        1.00E+00
 
1
 ************************************************************************************************************************
 ********************                                                                                ********************
 ********************          FIRST ORDER CONDITIONAL ESTIMATION WITH INTERACTION (NO PRIOR)        ********************
 ********************                            STANDARD ERROR OF ESTIMATE                          ********************
 ********************                                                                                ********************
 ************************************************************************************************************************
 


 THETA - VECTOR OF FIXED EFFECTS PARAMETERS   *********


         TH 1      TH 2      TH 3      TH 4      TH 5     
 
         8.06E-02  2.61E+00  2.83E+01  8.25E-03  8.58E-02
 


 OMEGA - COV MATRIX FOR RANDOM EFFECTS - ETAS  ********


         ETA1      ETA2     
 
 ETA1
+        2.27E-02
 
 ETA2
+       .........  2.35E-02
 


 SIGMA - COV MATRIX FOR RANDOM EFFECTS - EPSILONS  ****


         EPS1     
 
 EPS1
+       .........
 
1


 OMEGA - CORR MATRIX FOR RANDOM EFFECTS - ETAS  *******


         ETA1      ETA2     
 
 ETA1
+        3.08E-02
 
 ETA2
+       .........  3.07E-02
 


 SIGMA - CORR MATRIX FOR RANDOM EFFECTS - EPSILONS  ***


         EPS1     
 
 EPS1
+       .........
 
1
 ************************************************************************************************************************
 ********************                                                                                ********************
 ********************          FIRST ORDER CONDITIONAL ESTIMATION WITH INTERACTION (NO PRIOR)        ********************
 ********************                          COVARIANCE MATRIX OF ESTIMATE                         ********************
 ********************                                                                                ********************
 ************************************************************************************************************************
 

            TH 1      TH 2      TH 3      TH 4      TH 5      OM11      OM12      OM22      SG11  
 
 TH 1
+        6.49E-03
 
 TH 2
+       -3.10E-02  6.79E+00
 
 TH 3
+       -1.48E-01 -9.56E+00  8.01E+02
 
 TH 4
+       -1.28E-04 -4.22E-03  6.01E-02  6.81E-05
 
 TH 5
+        1.36E-03  2.64E-02 -4.15E-01 -6.07E-04  7.37E-03
 
 OM11
+       -4.07E-05 -1.19E-02 -1.30E-01 -2.38E-06 -8.25E-05  5.14E-04
 
 OM12
+       ......... ......... ......... ......... ......... ......... .........
 
 OM22
+        2.35E-04  1.69E-02  1.82E-03 -2.01E-05  1.58E-04 -8.22E-05 .........  5.50E-04
 
 SG11
+       ......... ......... ......... ......... ......... ......... ......... ......... .........
 
1
 ************************************************************************************************************************
 ********************                                                                                ********************
 ********************          FIRST ORDER CONDITIONAL ESTIMATION WITH INTERACTION (NO PRIOR)        ********************
 ********************                          CORRELATION MATRIX OF ESTIMATE                        ********************
 ********************                                                                                ********************
 ************************************************************************************************************************
 

            TH 1      TH 2      TH 3      TH 4      TH 5      OM11      OM12      OM22      SG11  
 
 TH 1
+        8.06E-02
 
 TH 2
+       -1.48E-01  2.61E+00
 
 TH 3
+       -6.49E-02 -1.30E-01  2.83E+01
 
 TH 4
+       -1.93E-01 -1.96E-01  2.57E-01  8.25E-03
 
 TH 5
+        1.96E-01  1.18E-01 -1.71E-01 -8.57E-01  8.58E-02
 
 OM11
+       -2.23E-02 -2.01E-01 -2.03E-01 -1.27E-02 -4.24E-02  2.27E-02
 
 OM12
+       ......... ......... ......... ......... ......... ......... .........
 
 OM22
+        1.24E-01  2.77E-01  2.75E-03 -1.04E-01  7.85E-02 -1.55E-01 .........  2.35E-02
 
 SG11
+       ......... ......... ......... ......... ......... ......... ......... ......... .........
 
1
 ************************************************************************************************************************
 ********************                                                                                ********************
 ********************          FIRST ORDER CONDITIONAL ESTIMATION WITH INTERACTION (NO PRIOR)        ********************
 ********************                      INVERSE COVARIANCE MATRIX OF ESTIMATE                     ********************
 ********************                                                                                ********************
 ************************************************************************************************************************
 

            TH 1      TH 2      TH 3      TH 4      TH 5      OM11      OM12      OM22      SG11  
 
 TH 1
+        1.72E+02
 
 TH 2
+        1.33E+00  1.85E-01
 
 TH 3
+        2.89E-02  2.24E-03  1.43E-03
 
 TH 4
+        2.47E+02  1.92E+01 -1.60E+00  6.08E+04
 
 TH 5
+       -1.20E+01  9.62E-01 -5.90E-02  4.81E+03  5.29E+02
 
 OM11
+        3.54E+01  4.36E+00  3.89E-01  1.16E+03  1.16E+02  2.20E+03
 
 OM12
+       ......... ......... ......... ......... ......... ......... .........
 
 OM22
+       -9.68E+01 -5.21E+00 -6.96E-02  3.23E+02  1.72E+01  1.87E+02 .........  2.05E+03
 
 SG11
+       ......... ......... ......... ......... ......... ......... ......... ......... .........
 
1
 
 
 
 
 
 
 
 
 
 
 
 
 
 
 
 
 
 
 
 
 ************************************************************************************************************************
 ********************                                                                                ********************
 ********************          FIRST ORDER CONDITIONAL ESTIMATION WITH INTERACTION (NO PRIOR)        ********************
 ********************                      EIGENVALUES OF COR MATRIX OF ESTIMATE                     ********************
 ********************                                                                                ********************
 ************************************************************************************************************************
 

             1         2         3         4         5         6         7
 
         1.33E-01  5.46E-01  7.29E-01  9.62E-01  1.12E+00  1.40E+00  2.11E+00
 
 Elapsed finaloutput time in seconds:     0.31
 #CPUT: Total CPU Time in Seconds,      243.234
Stop Time: 
14/09/2023 
12:28
